<?xml version="1.0" encoding="UTF-8"?>
<testsuite xmlns:xsi="http://www.w3.org/2001/XMLSchema-instance" xsi:noNamespaceSchemaLocation="https://maven.apache.org/surefire/maven-surefire-plugin/xsd/surefire-test-report-3.0.xsd" version="3.0" name="TestSuite" time="283.49" tests="9" errors="0" skipped="2" failures="2">
  <properties>
    <property name="sun.desktop" value="windows"/>
    <property name="awt.toolkit" value="sun.awt.windows.WToolkit"/>
    <property name="java.specification.version" value="11"/>
    <property name="webdriver.chrome.driver" value="C:\WINDOWS\system32\config\systemprofile\.cache\selenium\chromedriver\win32\114.0.5735.90\chromedriver.exe"/>
    <property name="sun.cpu.isalist" value="amd64"/>
    <property name="sun.jnu.encoding" value="Cp1252"/>
    <property name="sun.awt.enableExtraMouseButtons" value="true"/>
    <property name="java.class.path" value="C:\Users\divya\OneDrive\Desktop\Works\BHI TESTING\COSTMSPMS\BHIAW\target\test-classes;C:\Users\divya\OneDrive\Desktop\Works\BHI TESTING\COSTMSPMS\BHIAW\target\classes;C:\WINDOWS\system32\config\systemprofile\.m2\repository\org\seleniumhq\selenium\selenium-java\3.141.59\selenium-java-3.141.59.jar;C:\WINDOWS\system32\config\systemprofile\.m2\repository\org\seleniumhq\selenium\selenium-api\3.141.59\selenium-api-3.141.59.jar;C:\WINDOWS\system32\config\systemprofile\.m2\repository\org\seleniumhq\selenium\selenium-chrome-driver\3.141.59\selenium-chrome-driver-3.141.59.jar;C:\WINDOWS\system32\config\systemprofile\.m2\repository\org\seleniumhq\selenium\selenium-edge-driver\3.141.59\selenium-edge-driver-3.141.59.jar;C:\WINDOWS\system32\config\systemprofile\.m2\repository\org\seleniumhq\selenium\selenium-firefox-driver\3.141.59\selenium-firefox-driver-3.141.59.jar;C:\WINDOWS\system32\config\systemprofile\.m2\repository\org\seleniumhq\selenium\selenium-ie-driver\3.141.59\selenium-ie-driver-3.141.59.jar;C:\WINDOWS\system32\config\systemprofile\.m2\repository\org\seleniumhq\selenium\selenium-opera-driver\3.141.59\selenium-opera-driver-3.141.59.jar;C:\WINDOWS\system32\config\systemprofile\.m2\repository\org\seleniumhq\selenium\selenium-remote-driver\3.141.59\selenium-remote-driver-3.141.59.jar;C:\WINDOWS\system32\config\systemprofile\.m2\repository\org\seleniumhq\selenium\selenium-safari-driver\3.141.59\selenium-safari-driver-3.141.59.jar;C:\WINDOWS\system32\config\systemprofile\.m2\repository\org\seleniumhq\selenium\selenium-support\3.141.59\selenium-support-3.141.59.jar;C:\WINDOWS\system32\config\systemprofile\.m2\repository\net\bytebuddy\byte-buddy\1.8.15\byte-buddy-1.8.15.jar;C:\WINDOWS\system32\config\systemprofile\.m2\repository\org\apache\commons\commons-exec\1.3\commons-exec-1.3.jar;C:\WINDOWS\system32\config\systemprofile\.m2\repository\com\google\guava\guava\25.0-jre\guava-25.0-jre.jar;C:\WINDOWS\system32\config\systemprofile\.m2\repository\com\google\code\findbugs\jsr305\1.3.9\jsr305-1.3.9.jar;C:\WINDOWS\system32\config\systemprofile\.m2\repository\org\checkerframework\checker-compat-qual\2.0.0\checker-compat-qual-2.0.0.jar;C:\WINDOWS\system32\config\systemprofile\.m2\repository\com\google\errorprone\error_prone_annotations\2.1.3\error_prone_annotations-2.1.3.jar;C:\WINDOWS\system32\config\systemprofile\.m2\repository\com\google\j2objc\j2objc-annotations\1.1\j2objc-annotations-1.1.jar;C:\WINDOWS\system32\config\systemprofile\.m2\repository\org\codehaus\mojo\animal-sniffer-annotations\1.14\animal-sniffer-annotations-1.14.jar;C:\WINDOWS\system32\config\systemprofile\.m2\repository\com\squareup\okhttp3\okhttp\3.11.0\okhttp-3.11.0.jar;C:\WINDOWS\system32\config\systemprofile\.m2\repository\com\squareup\okio\okio\1.14.0\okio-1.14.0.jar;C:\WINDOWS\system32\config\systemprofile\.m2\repository\io\github\bonigarcia\webdrivermanager\5.0.3\webdrivermanager-5.0.3.jar;C:\WINDOWS\system32\config\systemprofile\.m2\repository\org\slf4j\slf4j-api\1.7.32\slf4j-api-1.7.32.jar;C:\WINDOWS\system32\config\systemprofile\.m2\repository\com\google\code\gson\gson\2.8.8\gson-2.8.8.jar;C:\WINDOWS\system32\config\systemprofile\.m2\repository\org\jsoup\jsoup\1.14.2\jsoup-1.14.2.jar;C:\WINDOWS\system32\config\systemprofile\.m2\repository\com\github\docker-java\docker-java\3.2.12\docker-java-3.2.12.jar;C:\WINDOWS\system32\config\systemprofile\.m2\repository\com\github\docker-java\docker-java-core\3.2.12\docker-java-core-3.2.12.jar;C:\WINDOWS\system32\config\systemprofile\.m2\repository\com\github\docker-java\docker-java-api\3.2.12\docker-java-api-3.2.12.jar;C:\WINDOWS\system32\config\systemprofile\.m2\repository\com\fasterxml\jackson\core\jackson-annotations\2.10.3\jackson-annotations-2.10.3.jar;C:\WINDOWS\system32\config\systemprofile\.m2\repository\org\apache\commons\commons-compress\1.21\commons-compress-1.21.jar;C:\WINDOWS\system32\config\systemprofile\.m2\repository\commons-lang\commons-lang\2.6\commons-lang-2.6.jar;C:\WINDOWS\system32\config\systemprofile\.m2\repository\com\fasterxml\jackson\core\jackson-databind\2.10.3\jackson-databind-2.10.3.jar;C:\WINDOWS\system32\config\systemprofile\.m2\repository\com\fasterxml\jackson\core\jackson-core\2.10.3\jackson-core-2.10.3.jar;C:\WINDOWS\system32\config\systemprofile\.m2\repository\org\bouncycastle\bcpkix-jdk15on\1.64\bcpkix-jdk15on-1.64.jar;C:\WINDOWS\system32\config\systemprofile\.m2\repository\org\bouncycastle\bcprov-jdk15on\1.64\bcprov-jdk15on-1.64.jar;C:\WINDOWS\system32\config\systemprofile\.m2\repository\org\slf4j\jcl-over-slf4j\1.7.30\jcl-over-slf4j-1.7.30.jar;C:\WINDOWS\system32\config\systemprofile\.m2\repository\com\github\docker-java\docker-java-transport-httpclient5\3.2.12\docker-java-transport-httpclient5-3.2.12.jar;C:\WINDOWS\system32\config\systemprofile\.m2\repository\com\github\docker-java\docker-java-transport\3.2.12\docker-java-transport-3.2.12.jar;C:\WINDOWS\system32\config\systemprofile\.m2\repository\org\apache\httpcomponents\client5\httpclient5\5.0.3\httpclient5-5.0.3.jar;C:\WINDOWS\system32\config\systemprofile\.m2\repository\org\apache\httpcomponents\core5\httpcore5\5.0.2\httpcore5-5.0.2.jar;C:\WINDOWS\system32\config\systemprofile\.m2\repository\net\java\dev\jna\jna\5.8.0\jna-5.8.0.jar;C:\WINDOWS\system32\config\systemprofile\.m2\repository\org\brotli\dec\0.1.2\dec-0.1.2.jar;C:\WINDOWS\system32\config\systemprofile\.m2\repository\junit\junit\3.8.1\junit-3.8.1.jar;C:\WINDOWS\system32\config\systemprofile\.m2\repository\org\testng\testng\6.14.3\testng-6.14.3.jar;C:\WINDOWS\system32\config\systemprofile\.m2\repository\com\beust\jcommander\1.72\jcommander-1.72.jar;C:\WINDOWS\system32\config\systemprofile\.m2\repository\org\apache-extras\beanshell\bsh\2.0b6\bsh-2.0b6.jar;C:\WINDOWS\system32\config\systemprofile\.m2\repository\log4j\log4j\1.2.17\log4j-1.2.17.jar;C:\WINDOWS\system32\config\systemprofile\.m2\repository\com\relevantcodes\extentreports\2.41.2\extentreports-2.41.2.jar;C:\WINDOWS\system32\config\systemprofile\.m2\repository\org\xerial\sqlite-jdbc\3.8.11.1\sqlite-jdbc-3.8.11.1.jar;C:\WINDOWS\system32\config\systemprofile\.m2\repository\org\freemarker\freemarker\2.3.23\freemarker-2.3.23.jar;C:\WINDOWS\system32\config\systemprofile\.m2\repository\org\mongodb\mongodb-driver\3.0.4\mongodb-driver-3.0.4.jar;C:\WINDOWS\system32\config\systemprofile\.m2\repository\org\mongodb\bson\3.0.4\bson-3.0.4.jar;C:\WINDOWS\system32\config\systemprofile\.m2\repository\org\mongodb\mongodb-driver-core\3.0.4\mongodb-driver-core-3.0.4.jar;C:\WINDOWS\system32\config\systemprofile\.m2\repository\org\apache\poi\poi-ooxml-schemas\3.17\poi-ooxml-schemas-3.17.jar;C:\WINDOWS\system32\config\systemprofile\.m2\repository\org\apache\xmlbeans\xmlbeans\2.6.0\xmlbeans-2.6.0.jar;C:\WINDOWS\system32\config\systemprofile\.m2\repository\stax\stax-api\1.0.1\stax-api-1.0.1.jar;C:\WINDOWS\system32\config\systemprofile\.m2\repository\com\aventstack\extentreports\3.1.2\extentreports-3.1.2.jar;C:\WINDOWS\system32\config\systemprofile\.m2\repository\org\apache\httpcomponents\httpclient\4.5.2\httpclient-4.5.2.jar;C:\WINDOWS\system32\config\systemprofile\.m2\repository\org\apache\httpcomponents\httpcore\4.4.4\httpcore-4.4.4.jar;C:\WINDOWS\system32\config\systemprofile\.m2\repository\commons-logging\commons-logging\1.2\commons-logging-1.2.jar;C:\WINDOWS\system32\config\systemprofile\.m2\repository\org\apache\httpcomponents\httpmime\4.5.2\httpmime-4.5.2.jar;C:\WINDOWS\system32\config\systemprofile\.m2\repository\org\apache\commons\commons-lang3\3.4\commons-lang3-3.4.jar;C:\WINDOWS\system32\config\systemprofile\.m2\repository\org\apache\poi\poi-ooxml\3.17\poi-ooxml-3.17.jar;C:\WINDOWS\system32\config\systemprofile\.m2\repository\com\github\virtuald\curvesapi\1.04\curvesapi-1.04.jar;C:\WINDOWS\system32\config\systemprofile\.m2\repository\org\apache\poi\poi\3.17\poi-3.17.jar;C:\WINDOWS\system32\config\systemprofile\.m2\repository\commons-codec\commons-codec\1.10\commons-codec-1.10.jar;C:\WINDOWS\system32\config\systemprofile\.m2\repository\org\apache\commons\commons-collections4\4.1\commons-collections4-4.1.jar;C:\WINDOWS\system32\config\systemprofile\.m2\repository\commons-io\commons-io\2.8.0\commons-io-2.8.0.jar;C:\WINDOWS\system32\config\systemprofile\.m2\repository\com\sikulix\sikulixapi\1.1.4-SNAPSHOT\sikulixapi-1.1.4-SNAPSHOT.jar;C:\WINDOWS\system32\config\systemprofile\.m2\repository\com\sikulix\sikulix2tigervnc\1.1.4\sikulix2tigervnc-1.1.4.jar;C:\WINDOWS\system32\config\systemprofile\.m2\repository\commons-cli\commons-cli\1.4\commons-cli-1.4.jar;C:\WINDOWS\system32\config\systemprofile\.m2\repository\net\java\dev\jna\jna-platform\5.4.0\jna-platform-5.4.0.jar;C:\WINDOWS\system32\config\systemprofile\.m2\repository\org\reflections\reflections\0.9.11\reflections-0.9.11.jar;C:\WINDOWS\system32\config\systemprofile\.m2\repository\org\javassist\javassist\3.21.0-GA\javassist-3.21.0-GA.jar;C:\WINDOWS\system32\config\systemprofile\.m2\repository\net\sourceforge\tess4j\tess4j\4.4.1\tess4j-4.4.1.jar;C:\WINDOWS\system32\config\systemprofile\.m2\repository\com\github\jai-imageio\jai-imageio-core\1.4.0\jai-imageio-core-1.4.0.jar;C:\WINDOWS\system32\config\systemprofile\.m2\repository\org\ghost4j\ghost4j\1.0.1\ghost4j-1.0.1.jar;C:\WINDOWS\system32\config\systemprofile\.m2\repository\commons-beanutils\commons-beanutils\1.9.2\commons-beanutils-1.9.2.jar;C:\WINDOWS\system32\config\systemprofile\.m2\repository\commons-collections\commons-collections\3.2.1\commons-collections-3.2.1.jar;C:\WINDOWS\system32\config\systemprofile\.m2\repository\org\apache\xmlgraphics\xmlgraphics-commons\1.4\xmlgraphics-commons-1.4.jar;C:\WINDOWS\system32\config\systemprofile\.m2\repository\com\lowagie\itext\2.1.7\itext-2.1.7.jar;C:\WINDOWS\system32\config\systemprofile\.m2\repository\org\apache\pdfbox\pdfbox\2.0.17\pdfbox-2.0.17.jar;C:\WINDOWS\system32\config\systemprofile\.m2\repository\org\apache\pdfbox\fontbox\2.0.17\fontbox-2.0.17.jar;C:\WINDOWS\system32\config\systemprofile\.m2\repository\org\apache\pdfbox\pdfbox-tools\2.0.17\pdfbox-tools-2.0.17.jar;C:\WINDOWS\system32\config\systemprofile\.m2\repository\org\apache\pdfbox\pdfbox-debugger\2.0.17\pdfbox-debugger-2.0.17.jar;C:\WINDOWS\system32\config\systemprofile\.m2\repository\org\apache\pdfbox\jbig2-imageio\3.0.2\jbig2-imageio-3.0.2.jar;C:\WINDOWS\system32\config\systemprofile\.m2\repository\net\sourceforge\lept4j\lept4j\1.12.3\lept4j-1.12.3.jar;C:\WINDOWS\system32\config\systemprofile\.m2\repository\org\jboss\jboss-vfs\3.2.14.Final\jboss-vfs-3.2.14.Final.jar;C:\WINDOWS\system32\config\systemprofile\.m2\repository\org\jboss\logging\jboss-logging\3.1.4.GA\jboss-logging-3.1.4.GA.jar;C:\WINDOWS\system32\config\systemprofile\.m2\repository\org\slf4j\jul-to-slf4j\1.7.28\jul-to-slf4j-1.7.28.jar;C:\WINDOWS\system32\config\systemprofile\.m2\repository\org\slf4j\log4j-over-slf4j\1.7.28\log4j-over-slf4j-1.7.28.jar;C:\WINDOWS\system32\config\systemprofile\.m2\repository\org\slf4j\slf4j-nop\1.7.28\slf4j-nop-1.7.28.jar;C:\WINDOWS\system32\config\systemprofile\.m2\repository\joda-time\joda-time\2.9.1\joda-time-2.9.1.jar;C:\WINDOWS\system32\config\systemprofile\.m2\repository\com\applitools\eyes-selenium-java3\3.195.0\eyes-selenium-java3-3.195.0.jar;C:\WINDOWS\system32\config\systemprofile\.m2\repository\com\applitools\eyes-selenium-common-java3\3.195.0\eyes-selenium-common-java3-3.195.0.jar;C:\WINDOWS\system32\config\systemprofile\.m2\repository\com\applitools\eyes-sdk-core-java3\3.195.0\eyes-sdk-core-java3-3.195.0.jar;C:\WINDOWS\system32\config\systemprofile\.m2\repository\com\applitools\eyes-ufg-java3\3.195.0\eyes-ufg-java3-3.195.0.jar;C:\WINDOWS\system32\config\systemprofile\.m2\repository\com\applitools\eyes-connectivity-java3\3.195.0\eyes-connectivity-java3-3.195.0.jar;C:\WINDOWS\system32\config\systemprofile\.m2\repository\net\sourceforge\cssparser\cssparser\0.9.27\cssparser-0.9.27.jar;C:\WINDOWS\system32\config\systemprofile\.m2\repository\org\w3c\css\sac\1.3\sac-1.3.jar;C:\WINDOWS\system32\config\systemprofile\.m2\repository\com\applitools\eyes-connectivity-java3-jersey2x\3.195.0\eyes-connectivity-java3-jersey2x-3.195.0.jar;C:\WINDOWS\system32\config\systemprofile\.m2\repository\com\applitools\eyes-common-java3\3.195.0\eyes-common-java3-3.195.0.jar;C:\WINDOWS\system32\config\systemprofile\.m2\repository\org\imgscalr\imgscalr-lib\4.2\imgscalr-lib-4.2.jar;C:\WINDOWS\system32\config\systemprofile\.m2\repository\org\glassfish\jersey\connectors\jersey-apache-connector\2.29\jersey-apache-connector-2.29.jar;C:\WINDOWS\system32\config\systemprofile\.m2\repository\org\glassfish\jersey\core\jersey-common\2.29\jersey-common-2.29.jar;C:\WINDOWS\system32\config\systemprofile\.m2\repository\jakarta\annotation\jakarta.annotation-api\1.3.4\jakarta.annotation-api-1.3.4.jar;C:\WINDOWS\system32\config\systemprofile\.m2\repository\org\glassfish\hk2\osgi-resource-locator\1.0.3\osgi-resource-locator-1.0.3.jar;C:\WINDOWS\system32\config\systemprofile\.m2\repository\com\sun\activation\jakarta.activation\1.2.1\jakarta.activation-1.2.1.jar;C:\WINDOWS\system32\config\systemprofile\.m2\repository\jakarta\ws\rs\jakarta.ws.rs-api\2.1.5\jakarta.ws.rs-api-2.1.5.jar;C:\WINDOWS\system32\config\systemprofile\.m2\repository\org\glassfish\jersey\core\jersey-client\2.29\jersey-client-2.29.jar;C:\WINDOWS\system32\config\systemprofile\.m2\repository\org\glassfish\hk2\external\jakarta.inject\2.5.0\jakarta.inject-2.5.0.jar;C:\WINDOWS\system32\config\systemprofile\.m2\repository\org\glassfish\jersey\inject\jersey-hk2\2.29\jersey-hk2-2.29.jar;C:\WINDOWS\system32\config\systemprofile\.m2\repository\org\glassfish\hk2\hk2-locator\2.5.0\hk2-locator-2.5.0.jar;C:\WINDOWS\system32\config\systemprofile\.m2\repository\org\glassfish\hk2\external\aopalliance-repackaged\2.5.0\aopalliance-repackaged-2.5.0.jar;C:\WINDOWS\system32\config\systemprofile\.m2\repository\org\glassfish\hk2\hk2-api\2.5.0\hk2-api-2.5.0.jar;C:\WINDOWS\system32\config\systemprofile\.m2\repository\org\glassfish\hk2\hk2-utils\2.5.0\hk2-utils-2.5.0.jar;C:\WINDOWS\system32\config\systemprofile\.m2\repository\com\helger\ph-css\6.1.1\ph-css-6.1.1.jar;C:\WINDOWS\system32\config\systemprofile\.m2\repository\com\helger\ph-commons\9.0.2\ph-commons-9.0.2.jar;C:\WINDOWS\system32\config\systemprofile\.m2\repository\javax\activation\activation\1.1.1\activation-1.1.1.jar;C:\WINDOWS\system32\config\systemprofile\.m2\repository\mysql\mysql-connector-java\8.0.21\mysql-connector-java-8.0.21.jar;C:\WINDOWS\system32\config\systemprofile\.m2\repository\com\google\protobuf\protobuf-java\3.11.4\protobuf-java-3.11.4.jar;"/>
    <property name="java.vm.vendor" value="Oracle Corporation"/>
    <property name="sun.arch.data.model" value="64"/>
    <property name="user.variant" value=""/>
    <property name="java.vendor.url" value="https://openjdk.java.net/"/>
    <property name="user.timezone" value="Asia/Calcutta"/>
    <property name="java.vm.specification.version" value="11"/>
    <property name="os.name" value="Windows 10"/>
    <property name="sun.java.launcher" value="SUN_STANDARD"/>
    <property name="user.country" value="IN"/>
    <property name="sun.boot.library.path" value="C:\Program Files\Java\jdk-11.0.11\bin"/>
    <property name="sun.java.command" value="C:\Windows\Temp\surefire17844335601074709053\surefirebooter8298027991072628594.jar C:\Windows\Temp\surefire17844335601074709053 2023-06-20T10-32-51_303-jvmRun1 surefire4573658420566499473tmp surefire_018135026886616332569tmp"/>
    <property name="jdk.debug" value="release"/>
    <property name="surefire.test.class.path" value="C:\Users\divya\OneDrive\Desktop\Works\BHI TESTING\COSTMSPMS\BHIAW\target\test-classes;C:\Users\divya\OneDrive\Desktop\Works\BHI TESTING\COSTMSPMS\BHIAW\target\classes;C:\WINDOWS\system32\config\systemprofile\.m2\repository\org\seleniumhq\selenium\selenium-java\3.141.59\selenium-java-3.141.59.jar;C:\WINDOWS\system32\config\systemprofile\.m2\repository\org\seleniumhq\selenium\selenium-api\3.141.59\selenium-api-3.141.59.jar;C:\WINDOWS\system32\config\systemprofile\.m2\repository\org\seleniumhq\selenium\selenium-chrome-driver\3.141.59\selenium-chrome-driver-3.141.59.jar;C:\WINDOWS\system32\config\systemprofile\.m2\repository\org\seleniumhq\selenium\selenium-edge-driver\3.141.59\selenium-edge-driver-3.141.59.jar;C:\WINDOWS\system32\config\systemprofile\.m2\repository\org\seleniumhq\selenium\selenium-firefox-driver\3.141.59\selenium-firefox-driver-3.141.59.jar;C:\WINDOWS\system32\config\systemprofile\.m2\repository\org\seleniumhq\selenium\selenium-ie-driver\3.141.59\selenium-ie-driver-3.141.59.jar;C:\WINDOWS\system32\config\systemprofile\.m2\repository\org\seleniumhq\selenium\selenium-opera-driver\3.141.59\selenium-opera-driver-3.141.59.jar;C:\WINDOWS\system32\config\systemprofile\.m2\repository\org\seleniumhq\selenium\selenium-remote-driver\3.141.59\selenium-remote-driver-3.141.59.jar;C:\WINDOWS\system32\config\systemprofile\.m2\repository\org\seleniumhq\selenium\selenium-safari-driver\3.141.59\selenium-safari-driver-3.141.59.jar;C:\WINDOWS\system32\config\systemprofile\.m2\repository\org\seleniumhq\selenium\selenium-support\3.141.59\selenium-support-3.141.59.jar;C:\WINDOWS\system32\config\systemprofile\.m2\repository\net\bytebuddy\byte-buddy\1.8.15\byte-buddy-1.8.15.jar;C:\WINDOWS\system32\config\systemprofile\.m2\repository\org\apache\commons\commons-exec\1.3\commons-exec-1.3.jar;C:\WINDOWS\system32\config\systemprofile\.m2\repository\com\google\guava\guava\25.0-jre\guava-25.0-jre.jar;C:\WINDOWS\system32\config\systemprofile\.m2\repository\com\google\code\findbugs\jsr305\1.3.9\jsr305-1.3.9.jar;C:\WINDOWS\system32\config\systemprofile\.m2\repository\org\checkerframework\checker-compat-qual\2.0.0\checker-compat-qual-2.0.0.jar;C:\WINDOWS\system32\config\systemprofile\.m2\repository\com\google\errorprone\error_prone_annotations\2.1.3\error_prone_annotations-2.1.3.jar;C:\WINDOWS\system32\config\systemprofile\.m2\repository\com\google\j2objc\j2objc-annotations\1.1\j2objc-annotations-1.1.jar;C:\WINDOWS\system32\config\systemprofile\.m2\repository\org\codehaus\mojo\animal-sniffer-annotations\1.14\animal-sniffer-annotations-1.14.jar;C:\WINDOWS\system32\config\systemprofile\.m2\repository\com\squareup\okhttp3\okhttp\3.11.0\okhttp-3.11.0.jar;C:\WINDOWS\system32\config\systemprofile\.m2\repository\com\squareup\okio\okio\1.14.0\okio-1.14.0.jar;C:\WINDOWS\system32\config\systemprofile\.m2\repository\io\github\bonigarcia\webdrivermanager\5.0.3\webdrivermanager-5.0.3.jar;C:\WINDOWS\system32\config\systemprofile\.m2\repository\org\slf4j\slf4j-api\1.7.32\slf4j-api-1.7.32.jar;C:\WINDOWS\system32\config\systemprofile\.m2\repository\com\google\code\gson\gson\2.8.8\gson-2.8.8.jar;C:\WINDOWS\system32\config\systemprofile\.m2\repository\org\jsoup\jsoup\1.14.2\jsoup-1.14.2.jar;C:\WINDOWS\system32\config\systemprofile\.m2\repository\com\github\docker-java\docker-java\3.2.12\docker-java-3.2.12.jar;C:\WINDOWS\system32\config\systemprofile\.m2\repository\com\github\docker-java\docker-java-core\3.2.12\docker-java-core-3.2.12.jar;C:\WINDOWS\system32\config\systemprofile\.m2\repository\com\github\docker-java\docker-java-api\3.2.12\docker-java-api-3.2.12.jar;C:\WINDOWS\system32\config\systemprofile\.m2\repository\com\fasterxml\jackson\core\jackson-annotations\2.10.3\jackson-annotations-2.10.3.jar;C:\WINDOWS\system32\config\systemprofile\.m2\repository\org\apache\commons\commons-compress\1.21\commons-compress-1.21.jar;C:\WINDOWS\system32\config\systemprofile\.m2\repository\commons-lang\commons-lang\2.6\commons-lang-2.6.jar;C:\WINDOWS\system32\config\systemprofile\.m2\repository\com\fasterxml\jackson\core\jackson-databind\2.10.3\jackson-databind-2.10.3.jar;C:\WINDOWS\system32\config\systemprofile\.m2\repository\com\fasterxml\jackson\core\jackson-core\2.10.3\jackson-core-2.10.3.jar;C:\WINDOWS\system32\config\systemprofile\.m2\repository\org\bouncycastle\bcpkix-jdk15on\1.64\bcpkix-jdk15on-1.64.jar;C:\WINDOWS\system32\config\systemprofile\.m2\repository\org\bouncycastle\bcprov-jdk15on\1.64\bcprov-jdk15on-1.64.jar;C:\WINDOWS\system32\config\systemprofile\.m2\repository\org\slf4j\jcl-over-slf4j\1.7.30\jcl-over-slf4j-1.7.30.jar;C:\WINDOWS\system32\config\systemprofile\.m2\repository\com\github\docker-java\docker-java-transport-httpclient5\3.2.12\docker-java-transport-httpclient5-3.2.12.jar;C:\WINDOWS\system32\config\systemprofile\.m2\repository\com\github\docker-java\docker-java-transport\3.2.12\docker-java-transport-3.2.12.jar;C:\WINDOWS\system32\config\systemprofile\.m2\repository\org\apache\httpcomponents\client5\httpclient5\5.0.3\httpclient5-5.0.3.jar;C:\WINDOWS\system32\config\systemprofile\.m2\repository\org\apache\httpcomponents\core5\httpcore5\5.0.2\httpcore5-5.0.2.jar;C:\WINDOWS\system32\config\systemprofile\.m2\repository\net\java\dev\jna\jna\5.8.0\jna-5.8.0.jar;C:\WINDOWS\system32\config\systemprofile\.m2\repository\org\brotli\dec\0.1.2\dec-0.1.2.jar;C:\WINDOWS\system32\config\systemprofile\.m2\repository\junit\junit\3.8.1\junit-3.8.1.jar;C:\WINDOWS\system32\config\systemprofile\.m2\repository\org\testng\testng\6.14.3\testng-6.14.3.jar;C:\WINDOWS\system32\config\systemprofile\.m2\repository\com\beust\jcommander\1.72\jcommander-1.72.jar;C:\WINDOWS\system32\config\systemprofile\.m2\repository\org\apache-extras\beanshell\bsh\2.0b6\bsh-2.0b6.jar;C:\WINDOWS\system32\config\systemprofile\.m2\repository\log4j\log4j\1.2.17\log4j-1.2.17.jar;C:\WINDOWS\system32\config\systemprofile\.m2\repository\com\relevantcodes\extentreports\2.41.2\extentreports-2.41.2.jar;C:\WINDOWS\system32\config\systemprofile\.m2\repository\org\xerial\sqlite-jdbc\3.8.11.1\sqlite-jdbc-3.8.11.1.jar;C:\WINDOWS\system32\config\systemprofile\.m2\repository\org\freemarker\freemarker\2.3.23\freemarker-2.3.23.jar;C:\WINDOWS\system32\config\systemprofile\.m2\repository\org\mongodb\mongodb-driver\3.0.4\mongodb-driver-3.0.4.jar;C:\WINDOWS\system32\config\systemprofile\.m2\repository\org\mongodb\bson\3.0.4\bson-3.0.4.jar;C:\WINDOWS\system32\config\systemprofile\.m2\repository\org\mongodb\mongodb-driver-core\3.0.4\mongodb-driver-core-3.0.4.jar;C:\WINDOWS\system32\config\systemprofile\.m2\repository\org\apache\poi\poi-ooxml-schemas\3.17\poi-ooxml-schemas-3.17.jar;C:\WINDOWS\system32\config\systemprofile\.m2\repository\org\apache\xmlbeans\xmlbeans\2.6.0\xmlbeans-2.6.0.jar;C:\WINDOWS\system32\config\systemprofile\.m2\repository\stax\stax-api\1.0.1\stax-api-1.0.1.jar;C:\WINDOWS\system32\config\systemprofile\.m2\repository\com\aventstack\extentreports\3.1.2\extentreports-3.1.2.jar;C:\WINDOWS\system32\config\systemprofile\.m2\repository\org\apache\httpcomponents\httpclient\4.5.2\httpclient-4.5.2.jar;C:\WINDOWS\system32\config\systemprofile\.m2\repository\org\apache\httpcomponents\httpcore\4.4.4\httpcore-4.4.4.jar;C:\WINDOWS\system32\config\systemprofile\.m2\repository\commons-logging\commons-logging\1.2\commons-logging-1.2.jar;C:\WINDOWS\system32\config\systemprofile\.m2\repository\org\apache\httpcomponents\httpmime\4.5.2\httpmime-4.5.2.jar;C:\WINDOWS\system32\config\systemprofile\.m2\repository\org\apache\commons\commons-lang3\3.4\commons-lang3-3.4.jar;C:\WINDOWS\system32\config\systemprofile\.m2\repository\org\apache\poi\poi-ooxml\3.17\poi-ooxml-3.17.jar;C:\WINDOWS\system32\config\systemprofile\.m2\repository\com\github\virtuald\curvesapi\1.04\curvesapi-1.04.jar;C:\WINDOWS\system32\config\systemprofile\.m2\repository\org\apache\poi\poi\3.17\poi-3.17.jar;C:\WINDOWS\system32\config\systemprofile\.m2\repository\commons-codec\commons-codec\1.10\commons-codec-1.10.jar;C:\WINDOWS\system32\config\systemprofile\.m2\repository\org\apache\commons\commons-collections4\4.1\commons-collections4-4.1.jar;C:\WINDOWS\system32\config\systemprofile\.m2\repository\commons-io\commons-io\2.8.0\commons-io-2.8.0.jar;C:\WINDOWS\system32\config\systemprofile\.m2\repository\com\sikulix\sikulixapi\1.1.4-SNAPSHOT\sikulixapi-1.1.4-SNAPSHOT.jar;C:\WINDOWS\system32\config\systemprofile\.m2\repository\com\sikulix\sikulix2tigervnc\1.1.4\sikulix2tigervnc-1.1.4.jar;C:\WINDOWS\system32\config\systemprofile\.m2\repository\commons-cli\commons-cli\1.4\commons-cli-1.4.jar;C:\WINDOWS\system32\config\systemprofile\.m2\repository\net\java\dev\jna\jna-platform\5.4.0\jna-platform-5.4.0.jar;C:\WINDOWS\system32\config\systemprofile\.m2\repository\org\reflections\reflections\0.9.11\reflections-0.9.11.jar;C:\WINDOWS\system32\config\systemprofile\.m2\repository\org\javassist\javassist\3.21.0-GA\javassist-3.21.0-GA.jar;C:\WINDOWS\system32\config\systemprofile\.m2\repository\net\sourceforge\tess4j\tess4j\4.4.1\tess4j-4.4.1.jar;C:\WINDOWS\system32\config\systemprofile\.m2\repository\com\github\jai-imageio\jai-imageio-core\1.4.0\jai-imageio-core-1.4.0.jar;C:\WINDOWS\system32\config\systemprofile\.m2\repository\org\ghost4j\ghost4j\1.0.1\ghost4j-1.0.1.jar;C:\WINDOWS\system32\config\systemprofile\.m2\repository\commons-beanutils\commons-beanutils\1.9.2\commons-beanutils-1.9.2.jar;C:\WINDOWS\system32\config\systemprofile\.m2\repository\commons-collections\commons-collections\3.2.1\commons-collections-3.2.1.jar;C:\WINDOWS\system32\config\systemprofile\.m2\repository\org\apache\xmlgraphics\xmlgraphics-commons\1.4\xmlgraphics-commons-1.4.jar;C:\WINDOWS\system32\config\systemprofile\.m2\repository\com\lowagie\itext\2.1.7\itext-2.1.7.jar;C:\WINDOWS\system32\config\systemprofile\.m2\repository\org\apache\pdfbox\pdfbox\2.0.17\pdfbox-2.0.17.jar;C:\WINDOWS\system32\config\systemprofile\.m2\repository\org\apache\pdfbox\fontbox\2.0.17\fontbox-2.0.17.jar;C:\WINDOWS\system32\config\systemprofile\.m2\repository\org\apache\pdfbox\pdfbox-tools\2.0.17\pdfbox-tools-2.0.17.jar;C:\WINDOWS\system32\config\systemprofile\.m2\repository\org\apache\pdfbox\pdfbox-debugger\2.0.17\pdfbox-debugger-2.0.17.jar;C:\WINDOWS\system32\config\systemprofile\.m2\repository\org\apache\pdfbox\jbig2-imageio\3.0.2\jbig2-imageio-3.0.2.jar;C:\WINDOWS\system32\config\systemprofile\.m2\repository\net\sourceforge\lept4j\lept4j\1.12.3\lept4j-1.12.3.jar;C:\WINDOWS\system32\config\systemprofile\.m2\repository\org\jboss\jboss-vfs\3.2.14.Final\jboss-vfs-3.2.14.Final.jar;C:\WINDOWS\system32\config\systemprofile\.m2\repository\org\jboss\logging\jboss-logging\3.1.4.GA\jboss-logging-3.1.4.GA.jar;C:\WINDOWS\system32\config\systemprofile\.m2\repository\org\slf4j\jul-to-slf4j\1.7.28\jul-to-slf4j-1.7.28.jar;C:\WINDOWS\system32\config\systemprofile\.m2\repository\org\slf4j\log4j-over-slf4j\1.7.28\log4j-over-slf4j-1.7.28.jar;C:\WINDOWS\system32\config\systemprofile\.m2\repository\org\slf4j\slf4j-nop\1.7.28\slf4j-nop-1.7.28.jar;C:\WINDOWS\system32\config\systemprofile\.m2\repository\joda-time\joda-time\2.9.1\joda-time-2.9.1.jar;C:\WINDOWS\system32\config\systemprofile\.m2\repository\com\applitools\eyes-selenium-java3\3.195.0\eyes-selenium-java3-3.195.0.jar;C:\WINDOWS\system32\config\systemprofile\.m2\repository\com\applitools\eyes-selenium-common-java3\3.195.0\eyes-selenium-common-java3-3.195.0.jar;C:\WINDOWS\system32\config\systemprofile\.m2\repository\com\applitools\eyes-sdk-core-java3\3.195.0\eyes-sdk-core-java3-3.195.0.jar;C:\WINDOWS\system32\config\systemprofile\.m2\repository\com\applitools\eyes-ufg-java3\3.195.0\eyes-ufg-java3-3.195.0.jar;C:\WINDOWS\system32\config\systemprofile\.m2\repository\com\applitools\eyes-connectivity-java3\3.195.0\eyes-connectivity-java3-3.195.0.jar;C:\WINDOWS\system32\config\systemprofile\.m2\repository\net\sourceforge\cssparser\cssparser\0.9.27\cssparser-0.9.27.jar;C:\WINDOWS\system32\config\systemprofile\.m2\repository\org\w3c\css\sac\1.3\sac-1.3.jar;C:\WINDOWS\system32\config\systemprofile\.m2\repository\com\applitools\eyes-connectivity-java3-jersey2x\3.195.0\eyes-connectivity-java3-jersey2x-3.195.0.jar;C:\WINDOWS\system32\config\systemprofile\.m2\repository\com\applitools\eyes-common-java3\3.195.0\eyes-common-java3-3.195.0.jar;C:\WINDOWS\system32\config\systemprofile\.m2\repository\org\imgscalr\imgscalr-lib\4.2\imgscalr-lib-4.2.jar;C:\WINDOWS\system32\config\systemprofile\.m2\repository\org\glassfish\jersey\connectors\jersey-apache-connector\2.29\jersey-apache-connector-2.29.jar;C:\WINDOWS\system32\config\systemprofile\.m2\repository\org\glassfish\jersey\core\jersey-common\2.29\jersey-common-2.29.jar;C:\WINDOWS\system32\config\systemprofile\.m2\repository\jakarta\annotation\jakarta.annotation-api\1.3.4\jakarta.annotation-api-1.3.4.jar;C:\WINDOWS\system32\config\systemprofile\.m2\repository\org\glassfish\hk2\osgi-resource-locator\1.0.3\osgi-resource-locator-1.0.3.jar;C:\WINDOWS\system32\config\systemprofile\.m2\repository\com\sun\activation\jakarta.activation\1.2.1\jakarta.activation-1.2.1.jar;C:\WINDOWS\system32\config\systemprofile\.m2\repository\jakarta\ws\rs\jakarta.ws.rs-api\2.1.5\jakarta.ws.rs-api-2.1.5.jar;C:\WINDOWS\system32\config\systemprofile\.m2\repository\org\glassfish\jersey\core\jersey-client\2.29\jersey-client-2.29.jar;C:\WINDOWS\system32\config\systemprofile\.m2\repository\org\glassfish\hk2\external\jakarta.inject\2.5.0\jakarta.inject-2.5.0.jar;C:\WINDOWS\system32\config\systemprofile\.m2\repository\org\glassfish\jersey\inject\jersey-hk2\2.29\jersey-hk2-2.29.jar;C:\WINDOWS\system32\config\systemprofile\.m2\repository\org\glassfish\hk2\hk2-locator\2.5.0\hk2-locator-2.5.0.jar;C:\WINDOWS\system32\config\systemprofile\.m2\repository\org\glassfish\hk2\external\aopalliance-repackaged\2.5.0\aopalliance-repackaged-2.5.0.jar;C:\WINDOWS\system32\config\systemprofile\.m2\repository\org\glassfish\hk2\hk2-api\2.5.0\hk2-api-2.5.0.jar;C:\WINDOWS\system32\config\systemprofile\.m2\repository\org\glassfish\hk2\hk2-utils\2.5.0\hk2-utils-2.5.0.jar;C:\WINDOWS\system32\config\systemprofile\.m2\repository\com\helger\ph-css\6.1.1\ph-css-6.1.1.jar;C:\WINDOWS\system32\config\systemprofile\.m2\repository\com\helger\ph-commons\9.0.2\ph-commons-9.0.2.jar;C:\WINDOWS\system32\config\systemprofile\.m2\repository\javax\activation\activation\1.1.1\activation-1.1.1.jar;C:\WINDOWS\system32\config\systemprofile\.m2\repository\mysql\mysql-connector-java\8.0.21\mysql-connector-java-8.0.21.jar;C:\WINDOWS\system32\config\systemprofile\.m2\repository\com\google\protobuf\protobuf-java\3.11.4\protobuf-java-3.11.4.jar;"/>
    <property name="sun.cpu.endian" value="little"/>
    <property name="user.home" value="C:\WINDOWS\system32\config\systemprofile"/>
    <property name="user.language" value="en"/>
    <property name="java.specification.vendor" value="Oracle Corporation"/>
    <property name="java.version.date" value="2021-04-20"/>
    <property name="java.home" value="C:\Program Files\Java\jdk-11.0.11"/>
    <property name="file.separator" value="\"/>
    <property name="basedir" value="C:\Users\divya\OneDrive\Desktop\Works\BHI TESTING\COSTMSPMS\BHIAW"/>
    <property name="java.vm.compressedOopsMode" value="32-bit"/>
    <property name="line.separator" value="&#10;"/>
    <property name="java.specification.name" value="Java Platform API Specification"/>
    <property name="java.vm.specification.vendor" value="Oracle Corporation"/>
    <property name="java.awt.graphicsenv" value="sun.awt.Win32GraphicsEnvironment"/>
    <property name="surefire.real.class.path" value="C:\Windows\Temp\surefire17844335601074709053\surefirebooter8298027991072628594.jar"/>
    <property name="user.script" value=""/>
    <property name="sun.management.compiler" value="HotSpot 64-Bit Tiered Compilers"/>
    <property name="java.runtime.version" value="11.0.11+9-LTS-194"/>
    <property name="user.name" value="LAPTOP-477EAM08$"/>
    <property name="path.separator" value=";"/>
    <property name="os.version" value="10.0"/>
    <property name="java.runtime.name" value="Java(TM) SE Runtime Environment"/>
    <property name="file.encoding" value="Cp1252"/>
    <property name="java.vm.name" value="Java HotSpot(TM) 64-Bit Server VM"/>
    <property name="java.vendor.version" value="18.9"/>
    <property name="localRepository" value="C:\WINDOWS\system32\config\systemprofile\.m2\repository"/>
    <property name="java.vendor.url.bug" value="https://bugreport.java.com/bugreport/"/>
    <property name="java.io.tmpdir" value="C:\WINDOWS\TEMP\"/>
    <property name="java.version" value="11.0.11"/>
    <property name="user.dir" value="C:\Users\divya\OneDrive\Desktop\Works\BHI TESTING\COSTMSPMS\BHIAW"/>
    <property name="os.arch" value="amd64"/>
    <property name="java.vm.specification.name" value="Java Virtual Machine Specification"/>
    <property name="java.awt.printerjob" value="sun.awt.windows.WPrinterJob"/>
    <property name="sun.os.patch.level" value=""/>
    <property name="java.library.path" value="C:\Program Files\Java\jdk-11.0.11\bin;C:\WINDOWS\Sun\Java\bin;C:\WINDOWS\system32;C:\WINDOWS;C:\Program Files\Java\jdk-11.0.11/bin;C:\Program Files\Java\jdk-11.0.11/bin;C:\Program Files\Common Files\Oracle\Java\javapath;C:\Program Files (x86)\Common Files\Oracle\Java\javapath;C:\WINDOWS\system32;C:\WINDOWS;C:\WINDOWS\System32\Wbem;C:\WINDOWS\System32\WindowsPowerShell\v1.0\;C:\WINDOWS\System32\OpenSSH\;C:\Program Files\Java\jdk-11.0.11\bin\;C:\Program Files\nodejs\;C:\apache-maven-3.8.1\\bin\;C:\Users\divya\AppData\Local\Programs\Python\Python39\Scripts;C:\Program Files\Git\cmd;C:\WINDOWS\system32\config\systemprofile\AppData\Local\Microsoft\WindowsApps;."/>
    <property name="java.vendor" value="Oracle Corporation"/>
    <property name="java.vm.info" value="mixed mode"/>
    <property name="java.vm.version" value="11.0.11+9-LTS-194"/>
    <property name="sun.io.unicode.encoding" value="UnicodeLittle"/>
    <property name="java.class.version" value="55.0"/>
  </properties>
  <testcase name="ExpiredInternalTaskCreation[ASHLYPMS, Internal, Painting, INT03, 500, Sq Ft, 200, 100000, Aluva, Third floor, TODAY(), EDATE(K2,1), 29, 20.86, TOUGHEN GLASS WORKS, 20, 18, Medium, dinil, BHI Developer, BHI Developer, In-progress, PRODUCTION, Astle, divya.an@blueINFRAinfotech.com, should complete as early as possible](1)" classname="com.bhiawpkg.Tests.ExpiredInternalTaskCreationTest" time="12.337">
    <system-out><![CDATA[[TestNGContentHandler] [WARN] It is strongly recommended to add "<!DOCTYPE suite SYSTEM "http://testng.org/testng-1.0.dtd" >" at the top of your file, otherwise TestNG may fail or not work as expected.
C:\Users\divya\OneDrive\Desktop\Works\BHI TESTING\COSTMSPMS\BHIAW
2023-06-20 10:33:32 INFO  TestBase:60 - -----------Browser is launching---------
2023-06-20 10:33:32 INFO  TestBase:61 - -----------URL is getting---------
2023-06-20 10:33:35 INFO  WaitHelper:26 - 40
2023-06-20 10:33:35 INFO  WaitHelper:31 - 2400
2023-06-20 10:33:35 INFO  TestBase:68 - -----------Application is loaded----------------
2023-06-20 10:33:35 INFO  ExpiredInternalTaskCreationTest:181 - file is getting!!!!!
2023-06-20 10:33:36 INFO  ExpiredInternalTaskCreationTest:192 - Excel data is returned
2023-06-20 10:33:37 INFO  LoginPage:36 - ----------Username is getting------------
2023-06-20 10:33:37 INFO  LoginPage:41 - ----------Password is getting------------
2023-06-20 10:33:49 INFO  LoginPage:51 - ----------Loginbutton is clicked------------
2023-06-20 10:33:49 INFO  ExpiredInternalTaskCreationTest:39 - --------Login is doing------------
2023-06-20 10:33:49 INFO  ExpiredInternalTaskCreationTest:41 - ==============login is sucessful=========================
2023-06-20 10:33:49 INFO  ExpiredInternalTaskCreationTest:42 - ******************************Task CREATION SECTION*******************************
2023-06-20 10:33:49 INFO  ExpiredInternalTaskCreationTest:52 - ******************************Task CREATION SECTION**********************************
2023-06-20 10:33:49 INFO  ExpiredInternalTaskCreationTest:53 - -------To get project name and site name-------
2023-06-20 10:33:49 INFO  ProjectPage:165 - ----Projects option is clicked------
2023-06-20 10:33:49 INFO  ExpiredInternalTaskCreationTest:56 - -------Clik Project Menu-------
2023-06-20 10:33:49 INFO  ProjectPage:169 - ------Going to click projects to create projects-------
2023-06-20 10:33:51 INFO  ExpiredInternalTaskCreationTest:61 - -------Going to project section-------
2023-06-20 10:33:54 INFO  ExpiredInternalTaskCreationTest:65 - -------Get project start date------
2023-06-20 10:33:54 INFO  ExpiredInternalTaskCreationTest:67 - -------Get project end date-------
2023-06-20 10:33:55 INFO  ProjectPage:675 - ----------click edit in grid----------------
2023-06-20 10:33:57 INFO  AssignedtaskPage:153 - ----Assigned task is clicked------
2023-06-20 10:33:57 INFO  ExpiredInternalTaskCreationTest:81 - -------User Clik Assigned Tasks-------
2023-06-20 10:33:58 INFO  AssignedtaskPage:158 - ----Click Add task ------
2023-06-20 10:33:58 INFO  ExpiredInternalTaskCreationTest:92 - -------User clicked Add Task-------
2023-06-20 10:33:58 INFO  ExpiredInternalTaskCreationTest:95 - -------User switching to frame-------
2023-06-20 10:33:58 INFO  AssignedtaskPage:167 - -----selecting the task  project------
2023-06-20 10:33:58 INFO  DropdownHelper:42 - Locator : [[ChromeDriver: chrome on WINDOWS (e9abade3540c72349bc41c2b46550247)] -> css selector: #Tasks_project_id] Value : PMS
2023-06-20 10:33:58 INFO  ExpiredInternalTaskCreationTest:98 - -------User selecting the project-------
2023-06-20 10:33:59 INFO  AssignedtaskPage:180 - ------------click internal----------------
2023-06-20 10:33:59 INFO  ExpiredInternalTaskCreationTest:100 - -------User click task type external-------
2023-06-20 10:33:59 INFO  AssignedtaskPage:198 - -------type task title-------
2023-06-20 10:33:59 INFO  ExpiredInternalTaskCreationTest:104 - ----------User type the task title---------------
2023-06-20 10:33:59 INFO  AssignedtaskPage:204 - ----------type task quantity----------------
2023-06-20 10:33:59 INFO  ExpiredInternalTaskCreationTest:106 - ----------User type the task quantity---------------
2023-06-20 10:33:59 INFO  DropdownHelper:42 - Locator : [[ChromeDriver: chrome on WINDOWS (e9abade3540c72349bc41c2b46550247)] -> id: Tasks_unit] Value : Sq Ft
2023-06-20 10:33:59 INFO  AssignedtaskPage:211 - -----------selecting the task unit----------------
2023-06-20 10:33:59 INFO  ExpiredInternalTaskCreationTest:108 - ----------User type the task quantity---------------
2023-06-20 10:33:59 INFO  AssignedtaskPage:260 - --------click start task date------------
2023-06-20 10:33:59 INFO  ExpiredInternalTaskCreationTest:118 - ----------User click  the task start date---------------
2023-06-20 10:33:59 INFO  ExpiredInternalTaskCreationTest:121 - ----------User selected  the task start date---------------
2023-06-20 10:33:59 INFO  ExpiredInternalTaskCreationTest:125 - ----------User selected  the task start date---------------
2023-06-20 10:33:59 INFO  ExpiredInternalTaskCreationTest:127 - ----------User click the task end date---------------
2023-06-20 10:33:59 INFO  ExpiredInternalTaskCreationTest:136 - ----------User select the task end date---------------
2023-06-20 10:33:59 INFO  AssignedtaskPage:331 - Task duration is=
2023-06-20 10:33:59 INFO  ExpiredInternalTaskCreationTest:139 - ----------User type the task duration---------------
2023-06-20 10:34:00 INFO  AssignedtaskPage:337 - Daily target is=
2023-06-20 10:34:00 INFO  ExpiredInternalTaskCreationTest:142 - ----------User get the task daily target---------------
2023-06-20 10:34:00 INFO  ExpiredInternalTaskCreationTest:144 - ----------User select the task work type---------------
2023-06-20 10:34:00 INFO  ExpiredInternalTaskCreationTest:146 - ----------User get the required workers---------------
2023-06-20 10:34:00 INFO  ExpiredInternalTaskCreationTest:148 - ----------User get the max workers---------------
2023-06-20 10:34:00 INFO  DropdownHelper:42 - Locator : [[ChromeDriver: chrome on WINDOWS (e9abade3540c72349bc41c2b46550247)] -> id: Tasks_priority] Value : Medium
2023-06-20 10:34:00 INFO  AssignedtaskPage:370 - -------------select task priority------------------
2023-06-20 10:34:00 INFO  ExpiredInternalTaskCreationTest:150 - ----------User select the priority---------------
2023-06-20 10:34:00 INFO  DropdownHelper:42 - Locator : [[ChromeDriver: chrome on WINDOWS (e9abade3540c72349bc41c2b46550247)] -> xpath: //html[1]/body[1]/div[1]/div[1]/div[1]/form[1]/div[19]/div[1]/select[1]] Value : dinil
2023-06-20 10:34:00 INFO  AssignedtaskPage:382 - -------------select task assigned to------------------
2023-06-20 10:34:00 INFO  ExpiredInternalTaskCreationTest:153 - ----------User select the assigned users ---------------
2023-06-20 10:34:00 INFO  DropdownHelper:42 - Locator : [[ChromeDriver: chrome on WINDOWS (e9abade3540c72349bc41c2b46550247)] -> id: Tasks_coordinator] Value : BHI Developer
2023-06-20 10:34:00 INFO  AssignedtaskPage:388 - -------------select task coordinator------------------
2023-06-20 10:34:00 INFO  ExpiredInternalTaskCreationTest:155 - ----------User select the task coordinator ---------------
2023-06-20 10:34:00 INFO  DropdownHelper:42 - Locator : [[ChromeDriver: chrome on WINDOWS (e9abade3540c72349bc41c2b46550247)] -> id: Tasks_report_to] Value : BHI Developer
2023-06-20 10:34:00 INFO  AssignedtaskPage:393 - -------------select task owner------------------
2023-06-20 10:34:00 INFO  ExpiredInternalTaskCreationTest:157 - ----------User select the task owner---------------
2023-06-20 10:34:00 INFO  DropdownHelper:42 - Locator : [[ChromeDriver: chrome on WINDOWS (e9abade3540c72349bc41c2b46550247)] -> id: Tasks_status] Value : In-progress
2023-06-20 10:34:00 INFO  AssignedtaskPage:398 - -------------select task progress------------------
2023-06-20 10:34:00 INFO  ExpiredInternalTaskCreationTest:159 - ----------User select the current progress ---------------
2023-06-20 10:34:01 INFO  DropdownHelper:36 - Locator : [[ChromeDriver: chrome on WINDOWS (e9abade3540c72349bc41c2b46550247)] -> id: Tasks_milestone_id] Value : 2
2023-06-20 10:34:01 INFO  AssignedtaskPage:410 - -------------select task milestone------------------
2023-06-20 10:34:01 INFO  ExpiredInternalTaskCreationTest:162 - ----------User select the task milestone ---------------
2023-06-20 10:34:01 INFO  DropdownHelper:42 - Locator : [[ChromeDriver: chrome on WINDOWS (e9abade3540c72349bc41c2b46550247)] -> id: Tasks_contractor_id] Value : Astle
2023-06-20 10:34:01 INFO  AssignedtaskPage:416 - -------------select task contractor------------------
2023-06-20 10:34:01 INFO  ExpiredInternalTaskCreationTest:164 - ----------User select the task contractors ---------------
2023-06-20 10:34:01 INFO  AssignedtaskPage:421 - -------------enter task email------------------
2023-06-20 10:34:01 INFO  ExpiredInternalTaskCreationTest:166 - -------------user enter task email------------------
2023-06-20 10:34:01 INFO  AssignedtaskPage:426 - -------------enter task description------------------
2023-06-20 10:34:01 INFO  ExpiredInternalTaskCreationTest:168 - -------------user enter task description------------------
2023-06-20 10:34:01 INFO  AssignedtaskPage:431 - -----------Clik the create button-----------
2023-06-20 10:34:01 INFO  ExpiredInternalTaskCreationTest:173 - ----------User click the create button ---------------
]]></system-out>
    <system-err><![CDATA[Jun 20, 2023 10:33:29 AM org.openqa.selenium.remote.DesiredCapabilities chrome
INFO: Using `new ChromeOptions()` is preferred to `DesiredCapabilities.chrome()`
Starting ChromeDriver 114.0.5735.90 (386bc09e8f4f2e025eddae123f36f6263096ae49-refs/branch-heads/5735@{#1052}) on port 9273
Only local connections are allowed.
Please see https://chromedriver.chromium.org/security-considerations for suggestions on keeping ChromeDriver safe.
ChromeDriver was started successfully.
Jun 20, 2023 10:33:32 AM org.openqa.selenium.remote.ProtocolHandshake createSession
INFO: Detected dialect: W3C
]]></system-err>
  </testcase>
  <testcase name="Verifysuccessful[[TestResult name=ExpiredInternalTaskCreation status=SUCCESS method=ExpiredInternalTaskCreationTest.ExpiredInternalTaskCreation(java.lang.String, java.lang.String, java.lang.String, java.lang.String, java.lang.String, java.lang.String, java.lang.String, java.lang.String, java.lang.String, java.lang.String, java.lang.String, java.lang.String, java.lang.String, java.lang.String, java.lang.String, java.lang.String, java.lang.String, java.lang.String, java.lang.String, java.lang.String, java.lang.String, java.lang.String, java.lang.String, java.lang.String, java.lang.String, java.lang.String)[pri:0, instance:com.bhiawpkg.Tests.ExpiredInternalTaskCreationTest@5e600dd5] output={null}]](0)" classname="com.bhiawpkg.Tests.ExpiredInternalTaskCreationTest" time="12.45">
    <failure message="********ExpiredInternalTaskCreation Details added  failed!!************ expected [true] but found [false]" type="java.lang.AssertionError"><![CDATA[java.lang.AssertionError: ********ExpiredInternalTaskCreation Details added  failed!!************ expected [true] but found [false]
	at com.bhiawpkg.Tests.ExpiredInternalTaskCreationTest.Verifysuccessful(ExpiredInternalTaskCreationTest.java:211)
]]></failure>
    <system-out><![CDATA[2023-06-20 10:34:01 INFO  AssignedtaskPage:436 - ----------------verify--------------------
2023-06-20 10:34:01 INFO  ExpiredInternalTaskCreationTest:200 - -------Verifying ExpiredInternalTaskCreation -------
]]></system-out>
  </testcase>
  <testcase name="teardown" classname="com.bhiawpkg.Tests.ExpiredInternalTaskCreationTest" time="0">
    <skipped/>
  </testcase>
  <testcase name="ExpiredExternalTaskCreation[ASHLYPMS, External, Painting, Base Painting, 500, Sq Ft, 200, 100000, Aluva, Third floor, TODAY(), EDATE(K2,1), 29, 20.29, TOUGHEN GLASS WORKS, 29, 18, Medium, dinil, BHI Developer, BHI Developer, In-progress, PRODUCTION, Astle, divya.abish1003@gmail.com, tes descr](1)" classname="com.bhiawpkg.Tests.ExpiredExternalTaskCreationTest" time="33.068">
    <system-out><![CDATA[2023-06-20 10:34:03 INFO  TestBase:60 - -----------Browser is launching---------
2023-06-20 10:34:03 INFO  TestBase:61 - -----------URL is getting---------
2023-06-20 10:34:04 INFO  WaitHelper:26 - 40
2023-06-20 10:34:04 INFO  WaitHelper:31 - 2400
2023-06-20 10:34:04 INFO  TestBase:68 - -----------Application is loaded----------------
2023-06-20 10:34:04 INFO  ExpiredExternalTaskCreationTest:180 - file is getting!!!!!
2023-06-20 10:34:05 INFO  ExpiredExternalTaskCreationTest:191 - Excel data is returned
2023-06-20 10:34:05 INFO  LoginPage:36 - ----------Username is getting------------
2023-06-20 10:34:05 INFO  LoginPage:41 - ----------Password is getting------------
2023-06-20 10:34:08 INFO  LoginPage:51 - ----------Loginbutton is clicked------------
2023-06-20 10:34:08 INFO  ExpiredExternalTaskCreationTest:39 - --------Login is doing------------
2023-06-20 10:34:08 INFO  ExpiredExternalTaskCreationTest:41 - ==============login is sucessful=========================
2023-06-20 10:34:08 INFO  ExpiredExternalTaskCreationTest:51 - ******************************Task CREATION SECTION**********************************
2023-06-20 10:34:08 INFO  ExpiredExternalTaskCreationTest:52 - -------To get project name and site name-------
2023-06-20 10:34:09 INFO  ProjectPage:165 - ----Projects option is clicked------
2023-06-20 10:34:09 INFO  ExpiredExternalTaskCreationTest:55 - -------Clik Project Menu-------
2023-06-20 10:34:09 INFO  ProjectPage:169 - ------Going to click projects to create projects-------
2023-06-20 10:34:10 INFO  ExpiredExternalTaskCreationTest:60 - -------Going to project section-------
2023-06-20 10:34:17 INFO  ProjectPage:675 - ----------click edit in grid----------------
2023-06-20 10:34:17 INFO  ProjectPage:430 - ---------------------Main tasg tab clicked----------------
2023-06-20 10:34:17 INFO  ProjectPage:1106 - ----------select pjt punch site -------------------
2023-06-20 10:34:19 INFO  ProjectPage:544 - ----------------------Work type details tab clicked---------
2023-06-20 10:34:19 INFO  ExpiredExternalTaskCreationTest:70 - -------User clicked work type details tab ------------------
2023-06-20 10:34:19 INFO  ProjectPage:1100 - ----------select pjt punch site -------------------
2023-06-20 10:34:21 INFO  ProjectPage:587 - ----------------------Work site details tab clicked---------
2023-06-20 10:34:21 INFO  ProjectPage:660 - ----------select project punch site -------------------
2023-06-20 10:34:24 INFO  ProjectPage:514 - ----------------click area details tab------------------------
2023-06-20 10:34:24 INFO  ExpiredExternalTaskCreationTest:80 - -------User clicked area details tab ------------------
2023-06-20 10:34:26 INFO  AssignedtaskPage:153 - ----Assigned task is clicked------
2023-06-20 10:34:26 INFO  ExpiredExternalTaskCreationTest:85 - -------User Clik Assigned Tasks-------
2023-06-20 10:34:26 INFO  AssignedtaskPage:158 - ----Click Add task ------
2023-06-20 10:34:26 INFO  ExpiredExternalTaskCreationTest:88 - -------User clicked Add Task-------
2023-06-20 10:34:27 INFO  ExpiredExternalTaskCreationTest:91 - -------User switching to frame-------
2023-06-20 10:34:27 INFO  AssignedtaskPage:167 - -----selecting the task  project------
2023-06-20 10:34:27 INFO  DropdownHelper:42 - Locator : [[ChromeDriver: chrome on WINDOWS (68960955a19a5fa4a407f1d7187b2591)] -> css selector: #Tasks_project_id] Value : PMS
2023-06-20 10:34:27 INFO  ExpiredExternalTaskCreationTest:94 - -------User selecting the project-------
2023-06-20 10:34:27 INFO  AssignedtaskPage:175 - -----------click external-----------------
2023-06-20 10:34:27 INFO  ExpiredExternalTaskCreationTest:97 - -------User click task type external-------
2023-06-20 10:34:28 INFO  DropdownHelper:42 - Locator : [[ChromeDriver: chrome on WINDOWS (68960955a19a5fa4a407f1d7187b2591)] -> xpath: //*[@id='main_task']] Value : Painting
2023-06-20 10:34:28 INFO  AssignedtaskPage:186 - --------main task selection----------
2023-06-20 10:34:28 INFO  ExpiredExternalTaskCreationTest:100 - -------User selecting the main task-------
2023-06-20 10:34:28 INFO  AssignedtaskPage:198 - -------type task title-------
2023-06-20 10:34:28 INFO  ExpiredExternalTaskCreationTest:102 - ----------User type the task title---------------
2023-06-20 10:34:28 INFO  AssignedtaskPage:204 - ----------type task quantity----------------
2023-06-20 10:34:28 INFO  ExpiredExternalTaskCreationTest:104 - ----------User type the task quantity---------------
2023-06-20 10:34:29 INFO  DropdownHelper:42 - Locator : [[ChromeDriver: chrome on WINDOWS (68960955a19a5fa4a407f1d7187b2591)] -> id: Tasks_unit] Value : Sq Ft
2023-06-20 10:34:29 INFO  AssignedtaskPage:211 - -----------selecting the task unit----------------
2023-06-20 10:34:29 INFO  ExpiredExternalTaskCreationTest:107 - ----------User type the task quantity---------------
2023-06-20 10:34:29 INFO  AssignedtaskPage:224 - -------------type task rate---------------
2023-06-20 10:34:29 INFO  ExpiredExternalTaskCreationTest:109 - ----------User type the task rate---------------
2023-06-20 10:34:29 INFO  DropdownHelper:42 - Locator : [[ChromeDriver: chrome on WINDOWS (68960955a19a5fa4a407f1d7187b2591)] -> xpath: //*[@id='Tasks_clientsite_id']] Value : EKMMF
2023-06-20 10:34:29 INFO  AssignedtaskPage:217 - ---------selecting the task location-----------------
2023-06-20 10:34:29 INFO  ExpiredExternalTaskCreationTest:111 - ----------User select the task location---------------
2023-06-20 10:34:29 INFO  DropdownHelper:36 - Locator : [[ChromeDriver: chrome on WINDOWS (68960955a19a5fa4a407f1d7187b2591)] -> xpath: //*[@id='Tasks_area']] Value : 1
2023-06-20 10:34:29 INFO  AssignedtaskPage:241 - --------selecting the task area----------------
2023-06-20 10:34:29 INFO  ExpiredExternalTaskCreationTest:115 - ----------User select the task area---------------
2023-06-20 10:34:29 INFO  ExpiredExternalTaskCreationTest:119 - ----------User click  the task start date---------------
2023-06-20 10:34:29 INFO  ExpiredExternalTaskCreationTest:120 - ----------User selected  the task start date---------------
2023-06-20 10:34:29 INFO  ExpiredExternalTaskCreationTest:122 - ----------User click the task end date---------------
2023-06-20 10:34:29 INFO  ExpiredExternalTaskCreationTest:125 - ----------User select the task end date---------------
2023-06-20 10:34:29 INFO  AssignedtaskPage:331 - Task duration is=
2023-06-20 10:34:29 INFO  ExpiredExternalTaskCreationTest:129 - ----------User type the task duration---------------
2023-06-20 10:34:30 INFO  AssignedtaskPage:337 - Daily target is=
2023-06-20 10:34:30 INFO  ExpiredExternalTaskCreationTest:132 - ----------User get the task daily target---------------
2023-06-20 10:34:30 INFO  AssignedtaskPage:251 - -----selecting the work type in to the project------
2023-06-20 10:34:30 INFO  DropdownHelper:42 - Locator : [[ChromeDriver: chrome on WINDOWS (68960955a19a5fa4a407f1d7187b2591)] -> id: Tasks_work_type_id] Value : Electrical works
2023-06-20 10:34:30 INFO  ExpiredExternalTaskCreationTest:136 - ----------User select the task work type---------------
2023-06-20 10:34:32 INFO  AssignedtaskPage:350 - The daily target is [Ljava.lang.String;@661e279d
2023-06-20 10:34:40 INFO  ExpiredExternalTaskCreationTest:139 - ----------User get the required workers---------------
2023-06-20 10:34:40 INFO  ExpiredExternalTaskCreationTest:140 - ----------User get the max workers---------------
2023-06-20 10:34:40 INFO  DropdownHelper:42 - Locator : [[ChromeDriver: chrome on WINDOWS (68960955a19a5fa4a407f1d7187b2591)] -> id: Tasks_priority] Value : Medium
2023-06-20 10:34:40 INFO  AssignedtaskPage:370 - -------------select task priority------------------
2023-06-20 10:34:40 INFO  ExpiredExternalTaskCreationTest:143 - ----------User select the priority---------------
2023-06-20 10:34:40 INFO  DropdownHelper:42 - Locator : [[ChromeDriver: chrome on WINDOWS (68960955a19a5fa4a407f1d7187b2591)] -> id: Tasks_assigned_to] Value : dinil
2023-06-20 10:34:40 INFO  AssignedtaskPage:376 - -------------select task assigned to------------------
2023-06-20 10:34:40 INFO  ExpiredExternalTaskCreationTest:148 - ----------User select the assigned users ---------------
2023-06-20 10:34:40 INFO  DropdownHelper:42 - Locator : [[ChromeDriver: chrome on WINDOWS (68960955a19a5fa4a407f1d7187b2591)] -> id: Tasks_coordinator] Value : BHI Developer
2023-06-20 10:34:40 INFO  AssignedtaskPage:388 - -------------select task coordinator------------------
2023-06-20 10:34:41 INFO  ExpiredExternalTaskCreationTest:151 - ----------User select the task coordinator ---------------
2023-06-20 10:34:41 INFO  DropdownHelper:42 - Locator : [[ChromeDriver: chrome on WINDOWS (68960955a19a5fa4a407f1d7187b2591)] -> id: Tasks_report_to] Value : BHI Developer
2023-06-20 10:34:41 INFO  AssignedtaskPage:393 - -------------select task owner------------------
2023-06-20 10:34:41 INFO  ExpiredExternalTaskCreationTest:154 - ----------User select the task owner---------------
2023-06-20 10:34:41 INFO  DropdownHelper:42 - Locator : [[ChromeDriver: chrome on WINDOWS (68960955a19a5fa4a407f1d7187b2591)] -> id: Tasks_status] Value : In-progress
2023-06-20 10:34:41 INFO  AssignedtaskPage:398 - -------------select task progress------------------
2023-06-20 10:34:41 INFO  ExpiredExternalTaskCreationTest:157 - ----------User select the current progress ---------------
2023-06-20 10:34:41 INFO  ExpiredExternalTaskCreationTest:158 - ----------User select the task milestone ---------------
2023-06-20 10:34:41 INFO  DropdownHelper:42 - Locator : [[ChromeDriver: chrome on WINDOWS (68960955a19a5fa4a407f1d7187b2591)] -> id: Tasks_contractor_id] Value : Astle
2023-06-20 10:34:41 INFO  AssignedtaskPage:416 - -------------select task contractor------------------
2023-06-20 10:34:41 INFO  ExpiredExternalTaskCreationTest:161 - ----------User select the task contractors ---------------
2023-06-20 10:34:41 INFO  AssignedtaskPage:421 - -------------enter task email------------------
2023-06-20 10:34:41 INFO  ExpiredExternalTaskCreationTest:163 - -------------user enter task email------------------
2023-06-20 10:34:41 INFO  AssignedtaskPage:426 - -------------enter task description------------------
2023-06-20 10:34:41 INFO  ExpiredExternalTaskCreationTest:165 - -------------user enter task description------------------
2023-06-20 10:34:41 INFO  AssignedtaskPage:431 - -----------Clik the create button-----------
2023-06-20 10:34:41 INFO  ExpiredExternalTaskCreationTest:173 - ----------User click the create button ---------------
]]></system-out>
    <system-err><![CDATA[Jun 20, 2023 10:34:02 AM org.openqa.selenium.remote.DesiredCapabilities chrome
INFO: Using `new ChromeOptions()` is preferred to `DesiredCapabilities.chrome()`
Starting ChromeDriver 114.0.5735.90 (386bc09e8f4f2e025eddae123f36f6263096ae49-refs/branch-heads/5735@{#1052}) on port 21137
Only local connections are allowed.
Please see https://chromedriver.chromium.org/security-considerations for suggestions on keeping ChromeDriver safe.
ChromeDriver was started successfully.
Jun 20, 2023 10:34:03 AM org.openqa.selenium.remote.ProtocolHandshake createSession
INFO: Detected dialect: W3C
]]></system-err>
  </testcase>
  <testcase name="Verifysuccessful[[TestResult name=ExpiredExternalTaskCreation status=SUCCESS method=ExpiredExternalTaskCreationTest.ExpiredExternalTaskCreation(java.lang.String, java.lang.String, java.lang.String, java.lang.String, java.lang.String, java.lang.String, java.lang.String, java.lang.String, java.lang.String, java.lang.String, java.lang.String, java.lang.String, java.lang.String, java.lang.String, java.lang.String, java.lang.String, java.lang.String, java.lang.String, java.lang.String, java.lang.String, java.lang.String, java.lang.String, java.lang.String, java.lang.String, java.lang.String, java.lang.String)[pri:0, instance:com.bhiawpkg.Tests.ExpiredExternalTaskCreationTest@576d5deb] output={null}]](0)" classname="com.bhiawpkg.Tests.ExpiredExternalTaskCreationTest" time="33.148">
    <failure message="********ExpiredExternalTaskCreation Details added  failed!!************ expected [true] but found [false]" type="java.lang.AssertionError"><![CDATA[java.lang.AssertionError: ********ExpiredExternalTaskCreation Details added  failed!!************ expected [true] but found [false]
	at com.bhiawpkg.Tests.ExpiredExternalTaskCreationTest.Verifysuccessful(ExpiredExternalTaskCreationTest.java:212)
]]></failure>
    <system-out><![CDATA[2023-06-20 10:34:41 INFO  AssignedtaskPage:436 - ----------------verify--------------------
2023-06-20 10:34:41 INFO  ExpiredExternalTaskCreationTest:200 - -------Verifying ExpiredExternalTaskCreation -------
]]></system-out>
  </testcase>
  <testcase name="teardown" classname="com.bhiawpkg.Tests.ExpiredExternalTaskCreationTest" time="0">
    <skipped/>
  </testcase>
  <testcase name="ExpiredTask_AddDailyworkprogress[ASHLYPMS, TODAY(), - - SUBTSK3, 20, TOUGHEN GLASS WORKS, In-progress, dailworkprogress description](1)" classname="com.bhiawpkg.Tests.ExpiredExternalWPRTest" time="43.688">
    <system-out><![CDATA[2023-06-20 10:34:43 INFO  TestBase:60 - -----------Browser is launching---------
2023-06-20 10:34:43 INFO  TestBase:61 - -----------URL is getting---------
2023-06-20 10:34:45 INFO  WaitHelper:26 - 40
2023-06-20 10:34:45 INFO  WaitHelper:31 - 2400
2023-06-20 10:34:45 INFO  TestBase:68 - -----------Application is loaded----------------
2023-06-20 10:34:45 INFO  ExpiredExternalWPRTest:114 - file is getting!!!!!
2023-06-20 10:34:45 INFO  ExpiredExternalWPRTest:125 - Excel data is returned
2023-06-20 10:34:45 INFO  LoginPage:36 - ----------Username is getting------------
2023-06-20 10:34:45 INFO  LoginPage:41 - ----------Password is getting------------
2023-06-20 10:34:48 INFO  LoginPage:51 - ----------Loginbutton is clicked------------
2023-06-20 10:34:48 INFO  ExpiredExternalWPRTest:38 - --------Login is doing------------
2023-06-20 10:34:48 INFO  ExpiredExternalWPRTest:40 - ==============login is sucessful=========================
2023-06-20 10:34:49 INFO  ProjectPage:165 - ----Projects option is clicked------
2023-06-20 10:34:51 INFO  ExpiredExternalWPRTest:44 - -------Clik Project Menu-------
2023-06-20 10:34:53 INFO  ExpiredExternalWPRTest:54 - ******************************WPR  SECTION**********************************
2023-06-20 10:34:53 INFO  ProjectPage:165 - ----Projects option is clicked------
2023-06-20 10:34:53 INFO  ExpiredExternalWPRTest:63 - -------Clik Project Menu-------
2023-06-20 10:34:53 INFO  ExpiredExternalWPRTest:67 - ---click projects menu----
2023-06-20 10:34:53 INFO  MyTaskPage:66 - -------------click my task menu---------------------
2023-06-20 10:34:55 INFO  ExpiredExternalWPRTest:73 - -------------------user click my task menu--------------------------------------
2023-06-20 10:35:01 INFO  DropdownHelper:42 - Locator : [[ChromeDriver: chrome on WINDOWS (d49797ac4edd6258f0081c05f0d919c6)] -> id: Tasks_project_id] Value : Lourde Hospital
2023-06-20 10:35:01 INFO  MyTaskPage:91 - -----------selct project-------------
2023-06-20 10:35:03 INFO  ExpiredExternalWPRTest:78 - -------------------user select the project--------------------------------------
2023-06-20 10:35:04 INFO  DropdownHelper:42 - Locator : [[ChromeDriver: chrome on WINDOWS (d49797ac4edd6258f0081c05f0d919c6)] -> xpath: //thead/tr[2]/td[11]/select[1]] Value : In-progress
expiredtask Wed Mar 01 00:00:00 IST 2023
Today date is Tue Jun 20 10:35:06 IST 2023
Today Date is Greater than my date
2023-06-20 10:35:20 INFO  DropdownHelper:42 - Locator : [[ChromeDriver: chrome on WINDOWS (d49797ac4edd6258f0081c05f0d919c6)] -> xpath: //*[@id='shift_userid']] Value : dinil
2023-06-20 10:35:20 INFO  MyTaskPage:172 - --------------------shift user--------------
2023-06-20 10:35:25 INFO  DropdownHelper:42 - Locator : [[ChromeDriver: chrome on WINDOWS (d49797ac4edd6258f0081c05f0d919c6)] -> xpath: //*[@id='DailyWorkProgress_current_status']] Value : In-progress
2023-06-20 10:35:25 INFO  WPRPage:191 - --------------------select status--------------
2023-06-20 10:35:25 INFO  ExpiredExternalWPRTest:100 - -------User select the status-------
2023-06-20 10:35:25 INFO  WPRPage:196 - -----------Type description--------------
2023-06-20 10:35:25 INFO  ExpiredExternalWPRTest:102 - -------User type description-------
]]></system-out>
    <system-err><![CDATA[Jun 20, 2023 10:34:42 AM org.openqa.selenium.remote.DesiredCapabilities chrome
INFO: Using `new ChromeOptions()` is preferred to `DesiredCapabilities.chrome()`
Starting ChromeDriver 114.0.5735.90 (386bc09e8f4f2e025eddae123f36f6263096ae49-refs/branch-heads/5735@{#1052}) on port 29261
Only local connections are allowed.
Please see https://chromedriver.chromium.org/security-considerations for suggestions on keeping ChromeDriver safe.
ChromeDriver was started successfully.
Jun 20, 2023 10:34:43 AM org.openqa.selenium.remote.ProtocolHandshake createSession
INFO: Detected dialect: W3C
]]></system-err>
  </testcase>
  <testcase name="ExpiredTask_AddTimeEntry[INT03, TOUGHEN GLASS WORKS, TODAY(), 1, In-progress, 00:01, time entry description](1)" classname="com.bhiawpkg.Tests.ExpiredInternalTaskTest" time="30.324">
    <system-out><![CDATA[2023-06-20 10:35:36 INFO  LogoutPage:28 - user icon is clicked!!!!
2023-06-20 10:35:41 INFO  LogoutPage:33 - user click logout!!!!
2023-06-20 10:35:43 INFO  TestBase:60 - -----------Browser is launching---------
2023-06-20 10:35:43 INFO  TestBase:61 - -----------URL is getting---------
2023-06-20 10:35:45 INFO  WaitHelper:26 - 40
2023-06-20 10:35:45 INFO  WaitHelper:31 - 2400
2023-06-20 10:35:45 INFO  TestBase:68 - -----------Application is loaded----------------
2023-06-20 10:35:45 INFO  ExpiredInternalTaskTest:165 - file is getting!!!!!
2023-06-20 10:35:45 INFO  ExpiredInternalTaskTest:176 - Excel data is returned
2023-06-20 10:35:45 INFO  LoginPage:36 - ----------Username is getting------------
2023-06-20 10:35:45 INFO  LoginPage:41 - ----------Password is getting------------
2023-06-20 10:35:48 INFO  LoginPage:51 - ----------Loginbutton is clicked------------
2023-06-20 10:35:48 INFO  ExpiredInternalTaskTest:36 - --------Login is doing------------
2023-06-20 10:35:50 INFO  ExpiredInternalTaskTest:39 - ==============login is sucessful=========================
2023-06-20 10:35:52 INFO  ProjectPage:165 - ----Projects option is clicked------
2023-06-20 10:35:52 INFO  ExpiredInternalTaskTest:49 - -------Clik Project Menu-------
2023-06-20 10:35:52 INFO  ExpiredInternalTaskTest:54 - ---click projects menu----
2023-06-20 10:35:52 INFO  MyTaskPage:66 - -------------click my task menu---------------------
2023-06-20 10:35:54 INFO  ExpiredInternalTaskTest:59 - -------------------user click my task menu--------------------------------------
2023-06-20 10:36:00 INFO  DropdownHelper:42 - Locator : [[ChromeDriver: chrome on WINDOWS (53cfbec9f46bc2eb2ae4909fbdfd4894)] -> id: Tasks_project_id] Value : Lourde Hospital
2023-06-20 10:36:00 INFO  MyTaskPage:91 - -----------selct project-------------
2023-06-20 10:36:02 INFO  ExpiredInternalTaskTest:64 - -------------------user select the project--------------------------------------
2023-06-20 10:36:09 INFO  DropdownHelper:42 - Locator : [[ChromeDriver: chrome on WINDOWS (53cfbec9f46bc2eb2ae4909fbdfd4894)] -> xpath: //thead/tr[2]/td[11]/select[1]] Value : In-progress
TAsk percentage is 100
TAsk percentage is 74
TAsk percentage is 5
2023-06-20 10:36:17 INFO  DropdownHelper:42 - Locator : [[ChromeDriver: chrome on WINDOWS (53cfbec9f46bc2eb2ae4909fbdfd4894)] -> xpath: //*[@id='shift_userid']] Value : dinil
2023-06-20 10:36:17 INFO  MyTaskPage:172 - --------------------shift user--------------
2023-06-20 10:36:20 INFO  TimeEntryPage:137 - -------------Enter the time entry progress------------------
2023-06-20 10:36:20 INFO  ExpiredInternalTaskTest:80 - --------user enter the internal task progress ------------------
2023-06-20 10:36:20 INFO  DropdownHelper:42 - Locator : [[ChromeDriver: chrome on WINDOWS (53cfbec9f46bc2eb2ae4909fbdfd4894)] -> id: TimeEntry_current_status] Value : In-progress
2023-06-20 10:36:20 INFO  TimeEntryPage:131 - -------------select the time entry status-------------------
2023-06-20 10:36:20 INFO  ExpiredInternalTaskTest:82 - --------user select the status ------------------
2023-06-20 10:36:20 INFO  TimeEntryPage:148 - -------------Enter the time entry description------------------
2023-06-20 10:36:20 INFO  ExpiredInternalTaskTest:84 - --------user enter the description ------------------
2023-06-20 10:36:20 INFO  TimeEntryPage:158 - -------------click the time entry create button------------------
2023-06-20 10:36:20 INFO  ExpiredInternalTaskTest:86 - --------user clicked the create button ------------------
]]></system-out>
    <system-err><![CDATA[Jun 20, 2023 10:35:41 AM org.openqa.selenium.remote.DesiredCapabilities chrome
INFO: Using `new ChromeOptions()` is preferred to `DesiredCapabilities.chrome()`
Starting ChromeDriver 114.0.5735.90 (386bc09e8f4f2e025eddae123f36f6263096ae49-refs/branch-heads/5735@{#1052}) on port 28389
Only local connections are allowed.
Please see https://chromedriver.chromium.org/security-considerations for suggestions on keeping ChromeDriver safe.
ChromeDriver was started successfully.
Jun 20, 2023 10:35:43 AM org.openqa.selenium.remote.ProtocolHandshake createSession
INFO: Detected dialect: W3C
]]></system-err>
  </testcase>
  <testcase name="DeleteAssignedTask" classname="com.bhiawpkg.Tests.DeleteAssignedTaskTest" time="57.774">
    <system-out><![CDATA[2023-06-20 10:36:23 INFO  LogoutPage:28 - user icon is clicked!!!!
2023-06-20 10:36:23 INFO  LogoutPage:33 - user click logout!!!!
2023-06-20 10:36:25 INFO  TestBase:60 - -----------Browser is launching---------
2023-06-20 10:36:25 INFO  TestBase:61 - -----------URL is getting---------
2023-06-20 10:36:27 INFO  WaitHelper:26 - 40
2023-06-20 10:36:27 INFO  WaitHelper:31 - 2400
2023-06-20 10:36:27 INFO  TestBase:68 - -----------Application is loaded----------------
2023-06-20 10:36:28 INFO  LoginPage:36 - ----------Username is getting------------
2023-06-20 10:36:28 INFO  LoginPage:41 - ----------Password is getting------------
2023-06-20 10:36:31 INFO  LoginPage:51 - ----------Loginbutton is clicked------------
2023-06-20 10:36:31 INFO  AssignedTaskTest:35 - --------Login is doing------------
2023-06-20 10:36:31 INFO  AssignedTaskTest:37 - ==============login is sucessful=========================
2023-06-20 10:36:31 INFO  ProjectPage:165 - ----Projects option is clicked------
2023-06-20 10:36:31 INFO  AssignedTaskTest:46 - -------Clik Project Menu-------
2023-06-20 10:36:31 INFO  AssignedTaskTest:50 - -----Getting the project name-------
2023-06-20 10:36:38 INFO  AssignedtaskPage:153 - ----Assigned task is clicked------
2023-06-20 10:36:38 INFO  AssignedTaskTest:54 - -------User Clik Assigned Tasks-------
2023-06-20 10:36:40 INFO  DropdownHelper:42 - Locator : [[ChromeDriver: chrome on WINDOWS (4765bbb3805809aa30a8b409875456f5)] -> xpath: //*[@id='Tasks_project_id']] Value : PMS
2023-06-20 10:36:40 INFO  AssignedTaskTest:57 - --------user select the project from the table dropdown----------
2023-06-20 10:36:44 INFO  AlertHelper:42 - true
2023-06-20 10:36:44 INFO  AlertHelper:24 - 
2023-06-20 10:36:44 INFO  AlertHelper:55 - 
2023-06-20 10:36:48 INFO  AlertHelper:42 - true
2023-06-20 10:36:48 INFO  AlertHelper:24 - 
2023-06-20 10:36:48 INFO  AlertHelper:55 - 
2023-06-20 10:36:52 INFO  AlertHelper:42 - true
2023-06-20 10:36:52 INFO  AlertHelper:24 - 
2023-06-20 10:36:52 INFO  AlertHelper:55 - 
2023-06-20 10:37:27 INFO  AlertHelper:42 - true
2023-06-20 10:37:27 INFO  AlertHelper:24 - 
2023-06-20 10:37:27 INFO  AlertHelper:55 - 
2023-06-20 10:37:29 INFO  AssignedTaskTest:60 - ---------user click delete button-----------------
]]></system-out>
    <system-err><![CDATA[Jun 20, 2023 10:36:24 AM org.openqa.selenium.remote.DesiredCapabilities chrome
INFO: Using `new ChromeOptions()` is preferred to `DesiredCapabilities.chrome()`
Starting ChromeDriver 114.0.5735.90 (386bc09e8f4f2e025eddae123f36f6263096ae49-refs/branch-heads/5735@{#1052}) on port 41952
Only local connections are allowed.
Please see https://chromedriver.chromium.org/security-considerations for suggestions on keeping ChromeDriver safe.
ChromeDriver was started successfully.
Jun 20, 2023 10:36:25 AM org.openqa.selenium.remote.ProtocolHandshake createSession
INFO: Detected dialect: W3C
]]></system-err>
  </testcase>
</testsuite>