<html>
<head>
<title>TestNG:  Regression costmspms</title>
<link href="../testng.css" rel="stylesheet" type="text/css" />
<link href="../my-testng.css" rel="stylesheet" type="text/css" />

<style type="text/css">
.log { display: none;} 
.stack-trace { display: none;} 
</style>
<script type="text/javascript">
<!--
function flip(e) {
  current = e.style.display;
  if (current == 'block') {
    e.style.display = 'none';
    return 0;
  }
  else {
    e.style.display = 'block';
    return 1;
  }
}

function toggleBox(szDivId, elem, msg1, msg2)
{
  var res = -1;  if (document.getElementById) {
    res = flip(document.getElementById(szDivId));
  }
  else if (document.all) {
    // this is the way old msie versions work
    res = flip(document.all[szDivId]);
  }
  if(elem) {
    if(res == 0) elem.innerHTML = msg1; else elem.innerHTML = msg2;
  }

}

function toggleAllBoxes() {
  if (document.getElementsByTagName) {
    d = document.getElementsByTagName('div');
    for (i = 0; i < d.length; i++) {
      if (d[i].className == 'log') {
        flip(d[i]);
      }
    }
  }
}

// -->
</script>

</head>
<body>
<h2 align='center'>Regression costmspms</h2><table border='1' align="center">
<tr>
<td>Tests passed/Failed/Skipped:</td><td>5/0/0</td>
</tr><tr>
<td>Started on:</td><td>Sat Jun 10 15:36:07 IST 2023</td>
</tr>
<tr><td>Total time:</td><td>217 seconds (217488 ms)</td>
</tr><tr>
<td>Included groups:</td><td></td>
</tr><tr>
<td>Excluded groups:</td><td></td>
</tr>
</table><p/>
<small><i>(Hover the method name to see the test class name)</i></small><p/>
<table width='100%' border='1' class='invocation-failed'>
<tr><td colspan='4' align='center'><b>FAILED CONFIGURATIONS</b></td></tr>
<tr><td><b>Test method</b></td>
<td width="30%"><b>Exception</b></td>
<td width="10%"><b>Time (seconds)</b></td>
<td><b>Instance</b></td>
</tr>
<tr>
<td title='com.bhiawpkg.Tests.ExpiredInternalTaskCreationTest.Verifysuccessful()'><b>Verifysuccessful</b><br>Test class: com.bhiawpkg.Tests.ExpiredInternalTaskCreationTest<br>Parameters: [TestResult name=ExpiredInternalTaskCreation status=SUCCESS method=ExpiredInternalTaskCreationTest.ExpiredInternalTaskCreation(java.lang.String, java.lang.String, java.lang.String, java.lang.String, java.lang.String, java.lang.String, java.lang.String, java.lang.String, java.lang.String, java.lang.String, java.lang.String, java.lang.String, java.lang.String, java.lang.String, java.lang.String, java.lang.String, java.lang.String, java.lang.String, java.lang.String, java.lang.String, java.lang.String, java.lang.String, java.lang.String, java.lang.String, java.lang.String, java.lang.String)[pri:0, instance:com.bhiawpkg.Tests.ExpiredInternalTaskCreationTest@576d5deb] output={null}]</td>
<td><div><pre>java.lang.AssertionError: ********ExpiredInternalTaskCreation Details added  failed!!************ expected [true] but found [false]
	at com.bhiawpkg.Tests.ExpiredInternalTaskCreationTest.Verifysuccessful(ExpiredInternalTaskCreationTest.java:211)
... Removed 35 stack frames</pre></div><a href='#' onClick='toggleBox("stack-trace226213650", this, "Click to show all stack frames", "Click to hide stack frames")'>Click to show all stack frames</a>
<div class='stack-trace' id='stack-trace226213650'><pre>java.lang.AssertionError: ********ExpiredInternalTaskCreation Details added  failed!!************ expected [true] but found [false]
	at org.testng.Assert.fail(Assert.java:96)
	at org.testng.Assert.failNotEquals(Assert.java:776)
	at org.testng.Assert.assertTrue(Assert.java:44)
	at com.bhiawpkg.Tests.ExpiredInternalTaskCreationTest.Verifysuccessful(ExpiredInternalTaskCreationTest.java:211)
	at java.base/jdk.internal.reflect.NativeMethodAccessorImpl.invoke0(Native Method)
	at java.base/jdk.internal.reflect.NativeMethodAccessorImpl.invoke(NativeMethodAccessorImpl.java:62)
	at java.base/jdk.internal.reflect.DelegatingMethodAccessorImpl.invoke(DelegatingMethodAccessorImpl.java:43)
	at java.base/java.lang.reflect.Method.invoke(Method.java:566)
	at org.testng.internal.MethodInvocationHelper.invokeMethod(MethodInvocationHelper.java:124)
	at org.testng.internal.MethodInvocationHelper.invokeMethodConsideringTimeout(MethodInvocationHelper.java:59)
	at org.testng.internal.Invoker.invokeConfigurationMethod(Invoker.java:458)
	at org.testng.internal.Invoker.invokeConfigurations(Invoker.java:222)
	at org.testng.internal.Invoker.invokeMethod(Invoker.java:646)
	at org.testng.internal.Invoker.invokeTestMethod(Invoker.java:719)
	at org.testng.internal.Invoker.invokeTestMethods(Invoker.java:989)
	at org.testng.internal.TestMethodWorker.invokeTestMethods(TestMethodWorker.java:125)
	at org.testng.internal.TestMethodWorker.run(TestMethodWorker.java:109)
	at org.testng.TestRunner.privateRun(TestRunner.java:648)
	at org.testng.TestRunner.run(TestRunner.java:505)
	at org.testng.SuiteRunner.runTest(SuiteRunner.java:455)
	at org.testng.SuiteRunner.runSequentially(SuiteRunner.java:450)
	at org.testng.SuiteRunner.privateRun(SuiteRunner.java:415)
	at org.testng.SuiteRunner.run(SuiteRunner.java:364)
	at org.testng.SuiteRunnerWorker.runSuite(SuiteRunnerWorker.java:52)
	at org.testng.SuiteRunnerWorker.run(SuiteRunnerWorker.java:84)
	at org.testng.TestNG.runSuitesSequentially(TestNG.java:1208)
	at org.testng.TestNG.runSuitesLocally(TestNG.java:1137)
	at org.testng.TestNG.runSuites(TestNG.java:1049)
	at org.testng.TestNG.run(TestNG.java:1017)
	at org.apache.maven.surefire.testng.TestNGExecutor.run(TestNGExecutor.java:284)
	at org.apache.maven.surefire.testng.TestNGXmlTestSuite.execute(TestNGXmlTestSuite.java:75)
	at org.apache.maven.surefire.testng.TestNGProvider.invoke(TestNGProvider.java:119)
	at org.apache.maven.surefire.booter.ForkedBooter.runSuitesInProcess(ForkedBooter.java:428)
	at org.apache.maven.surefire.booter.ForkedBooter.execute(ForkedBooter.java:162)
	at org.apache.maven.surefire.booter.ForkedBooter.run(ForkedBooter.java:562)
	at org.apache.maven.surefire.booter.ForkedBooter.main(ForkedBooter.java:548)
</pre></div></td>
<td>0</td>
<td>com.bhiawpkg.Tests.ExpiredInternalTaskCreationTest@576d5deb</td></tr>
<tr>
<td title='com.bhiawpkg.Tests.ExpiredExternalTaskCreationTest.Verifysuccessful()'><b>Verifysuccessful</b><br>Test class: com.bhiawpkg.Tests.ExpiredExternalTaskCreationTest<br>Parameters: [TestResult name=ExpiredExternalTaskCreation status=SUCCESS method=ExpiredExternalTaskCreationTest.ExpiredExternalTaskCreation(java.lang.String, java.lang.String, java.lang.String, java.lang.String, java.lang.String, java.lang.String, java.lang.String, java.lang.String, java.lang.String, java.lang.String, java.lang.String, java.lang.String, java.lang.String, java.lang.String, java.lang.String, java.lang.String, java.lang.String, java.lang.String, java.lang.String, java.lang.String, java.lang.String, java.lang.String, java.lang.String, java.lang.String, java.lang.String, java.lang.String)[pri:0, instance:com.bhiawpkg.Tests.ExpiredExternalTaskCreationTest@5d534f5d] output={null}]</td>
<td><div><pre>java.lang.AssertionError: ********ExpiredExternalTaskCreation Details added  failed!!************ expected [true] but found [false]
	at com.bhiawpkg.Tests.ExpiredExternalTaskCreationTest.Verifysuccessful(ExpiredExternalTaskCreationTest.java:212)
... Removed 35 stack frames</pre></div><a href='#' onClick='toggleBox("stack-trace1277969640", this, "Click to show all stack frames", "Click to hide stack frames")'>Click to show all stack frames</a>
<div class='stack-trace' id='stack-trace1277969640'><pre>java.lang.AssertionError: ********ExpiredExternalTaskCreation Details added  failed!!************ expected [true] but found [false]
	at org.testng.Assert.fail(Assert.java:96)
	at org.testng.Assert.failNotEquals(Assert.java:776)
	at org.testng.Assert.assertTrue(Assert.java:44)
	at com.bhiawpkg.Tests.ExpiredExternalTaskCreationTest.Verifysuccessful(ExpiredExternalTaskCreationTest.java:212)
	at java.base/jdk.internal.reflect.NativeMethodAccessorImpl.invoke0(Native Method)
	at java.base/jdk.internal.reflect.NativeMethodAccessorImpl.invoke(NativeMethodAccessorImpl.java:62)
	at java.base/jdk.internal.reflect.DelegatingMethodAccessorImpl.invoke(DelegatingMethodAccessorImpl.java:43)
	at java.base/java.lang.reflect.Method.invoke(Method.java:566)
	at org.testng.internal.MethodInvocationHelper.invokeMethod(MethodInvocationHelper.java:124)
	at org.testng.internal.MethodInvocationHelper.invokeMethodConsideringTimeout(MethodInvocationHelper.java:59)
	at org.testng.internal.Invoker.invokeConfigurationMethod(Invoker.java:458)
	at org.testng.internal.Invoker.invokeConfigurations(Invoker.java:222)
	at org.testng.internal.Invoker.invokeMethod(Invoker.java:646)
	at org.testng.internal.Invoker.invokeTestMethod(Invoker.java:719)
	at org.testng.internal.Invoker.invokeTestMethods(Invoker.java:989)
	at org.testng.internal.TestMethodWorker.invokeTestMethods(TestMethodWorker.java:125)
	at org.testng.internal.TestMethodWorker.run(TestMethodWorker.java:109)
	at org.testng.TestRunner.privateRun(TestRunner.java:648)
	at org.testng.TestRunner.run(TestRunner.java:505)
	at org.testng.SuiteRunner.runTest(SuiteRunner.java:455)
	at org.testng.SuiteRunner.runSequentially(SuiteRunner.java:450)
	at org.testng.SuiteRunner.privateRun(SuiteRunner.java:415)
	at org.testng.SuiteRunner.run(SuiteRunner.java:364)
	at org.testng.SuiteRunnerWorker.runSuite(SuiteRunnerWorker.java:52)
	at org.testng.SuiteRunnerWorker.run(SuiteRunnerWorker.java:84)
	at org.testng.TestNG.runSuitesSequentially(TestNG.java:1208)
	at org.testng.TestNG.runSuitesLocally(TestNG.java:1137)
	at org.testng.TestNG.runSuites(TestNG.java:1049)
	at org.testng.TestNG.run(TestNG.java:1017)
	at org.apache.maven.surefire.testng.TestNGExecutor.run(TestNGExecutor.java:284)
	at org.apache.maven.surefire.testng.TestNGXmlTestSuite.execute(TestNGXmlTestSuite.java:75)
	at org.apache.maven.surefire.testng.TestNGProvider.invoke(TestNGProvider.java:119)
	at org.apache.maven.surefire.booter.ForkedBooter.runSuitesInProcess(ForkedBooter.java:428)
	at org.apache.maven.surefire.booter.ForkedBooter.execute(ForkedBooter.java:162)
	at org.apache.maven.surefire.booter.ForkedBooter.run(ForkedBooter.java:562)
	at org.apache.maven.surefire.booter.ForkedBooter.main(ForkedBooter.java:548)
</pre></div></td>
<td>0</td>
<td>com.bhiawpkg.Tests.ExpiredExternalTaskCreationTest@5d534f5d</td></tr>
</table><p>
<table width='100%' border='1' class='invocation-skipped'>
<tr><td colspan='4' align='center'><b>SKIPPED CONFIGURATIONS</b></td></tr>
<tr><td><b>Test method</b></td>
<td width="30%"><b>Exception</b></td>
<td width="10%"><b>Time (seconds)</b></td>
<td><b>Instance</b></td>
</tr>
<tr>
<td title='com.bhiawpkg.Tests.ExpiredInternalTaskCreationTest.teardown()'><b>teardown</b><br>Test class: com.bhiawpkg.Tests.ExpiredInternalTaskCreationTest</td>
<td></td>
<td>0</td>
<td>com.bhiawpkg.Tests.ExpiredInternalTaskCreationTest@576d5deb</td></tr>
<tr>
<td title='com.bhiawpkg.Tests.ExpiredExternalTaskCreationTest.teardown()'><b>teardown</b><br>Test class: com.bhiawpkg.Tests.ExpiredExternalTaskCreationTest</td>
<td></td>
<td>0</td>
<td>com.bhiawpkg.Tests.ExpiredExternalTaskCreationTest@5d534f5d</td></tr>
</table><p>
<table width='100%' border='1' class='invocation-passed'>
<tr><td colspan='4' align='center'><b>PASSED TESTS</b></td></tr>
<tr><td><b>Test method</b></td>
<td width="30%"><b>Exception</b></td>
<td width="10%"><b>Time (seconds)</b></td>
<td><b>Instance</b></td>
</tr>
<tr>
<td title='com.bhiawpkg.Tests.DeleteAssignedTaskTest.DeleteAssignedTask()'><b>DeleteAssignedTask</b><br>Test class: com.bhiawpkg.Tests.DeleteAssignedTaskTest</td>
<td></td>
<td>52</td>
<td>com.bhiawpkg.Tests.DeleteAssignedTaskTest@4d5650ae</td></tr>
<tr>
<td title='com.bhiawpkg.Tests.ExpiredExternalTaskCreationTest.ExpiredExternalTaskCreation()'><b>ExpiredExternalTaskCreation</b><br>Test class: com.bhiawpkg.Tests.ExpiredExternalTaskCreationTest<br>Parameters: ASHLYPMS, External, Painting, Base Painting, 500, Sq Ft, 200, 100000, Aluva, Third floor, TODAY(), EDATE(K2,1), 29, 20.29, TOUGHEN GLASS WORKS, 29, 18, Medium, dinil, BHI Developer, BHI Developer, In-progress, PRODUCTION, Astle, divya.abish1003@gmail.com, tes descr</td>
<td></td>
<td>29</td>
<td>com.bhiawpkg.Tests.ExpiredExternalTaskCreationTest@5d534f5d</td></tr>
<tr>
<td title='com.bhiawpkg.Tests.ExpiredInternalTaskCreationTest.ExpiredInternalTaskCreation()'><b>ExpiredInternalTaskCreation</b><br>Test class: com.bhiawpkg.Tests.ExpiredInternalTaskCreationTest<br>Parameters: ASHLYPMS, Internal, Painting, INT03, 500, Sq Ft, 200, 100000, Aluva, Third floor, TODAY(), EDATE(K2,1), 29, 20.86, TOUGHEN GLASS WORKS, 20, 18, Medium, dinil, BHI Developer, BHI Developer, In-progress, PRODUCTION, Astle, divya.an@blueINFRAinfotech.com, should complete as early as possible</td>
<td></td>
<td>13</td>
<td>com.bhiawpkg.Tests.ExpiredInternalTaskCreationTest@576d5deb</td></tr>
<tr>
<td title='com.bhiawpkg.Tests.ExpiredExternalWPRTest.ExpiredTask_AddDailyworkprogress()'><b>ExpiredTask_AddDailyworkprogress</b><br>Test class: com.bhiawpkg.Tests.ExpiredExternalWPRTest<br>Parameters: ASHLYPMS, TODAY(), - - SUBTSK3, 20, TOUGHEN GLASS WORKS, In-progress, dailworkprogress description</td>
<td></td>
<td>41</td>
<td>com.bhiawpkg.Tests.ExpiredExternalWPRTest@2e3967ea</td></tr>
<tr>
<td title='com.bhiawpkg.Tests.ExpiredInternalTaskTest.ExpiredTask_AddTimeEntry()'><b>ExpiredTask_AddTimeEntry</b><br>Test class: com.bhiawpkg.Tests.ExpiredInternalTaskTest<br>Test method: If the time entry details can add<br>Parameters: INT03, TOUGHEN GLASS WORKS, TODAY(), 1, In-progress, 00:01, time entry description</td>
<td></td>
<td>26</td>
<td>com.bhiawpkg.Tests.ExpiredInternalTaskTest@70e9c95d</td></tr>
</table><p>
</body>
</html>