<?xml version="1.0" encoding="UTF-8"?>
<!-- Generated by org.testng.reporters.JUnitXMLReporter -->
<testsuite ignored="0" hostname="LAPTOP-477EAM08" failures="0" tests="1" name="External Task creation" time="39.055" errors="0" timestamp="29 Sep 2021 07:10:31 GMT">
  <testcase classname="com.bhiawpkg.Tests.AssignedTaskTest" name="@AfterMethod Verifysuccessful" time="0.277">
    <failure type="java.lang.AssertionError" message="********AssignedTask Details added  failed!!************ expected [true] but found [false]">
      <![CDATA[java.lang.AssertionError: ********AssignedTask Details added  failed!!************ expected [true] but found [false]
at com.bhiawpkg.Tests.AssignedTaskTest.Verifysuccessful(AssignedTaskTest.java:158)
... Removed 31 stack frames]]>
    </failure>
  </testcase> <!-- @AfterMethod Verifysuccessful -->
  <testcase classname="com.bhiawpkg.TestBase.TestBase" name="@AfterClass teardown" time="0.0">
    <skipped/>
  </testcase> <!-- @AfterClass teardown -->
  <testcase classname="com.bhiawpkg.Tests.AssignedTaskTest" name="AssignedTask" time="21.58"/>
</testsuite> <!-- External Task creation -->
