<?xml version="1.0" encoding="UTF-8"?>
<!-- Generated by org.testng.reporters.JUnitXMLReporter -->
<testsuite ignored="0" hostname="LAPTOP-477EAM08" failures="0" tests="8" name="Internal Task creation" time="38.961" errors="0" timestamp="27 Sep 2021 10:14:20 GMT">
  <testcase classname="com.bhiawpkg.Tests.AddTask_InternalTest" name="@AfterMethod Verifysuccessful" time="0.278">
    <failure type="java.lang.AssertionError" message="********AssignedTask_internal Details added  failed!!************ expected [true] but found [false]">
      <![CDATA[java.lang.AssertionError: ********AssignedTask_internal Details added  failed!!************ expected [true] but found [false]
at com.bhiawpkg.Tests.AddTask_InternalTest.Verifysuccessful(AddTask_InternalTest.java:151)
... Removed 31 stack frames]]>
    </failure>
  </testcase> <!-- @AfterMethod Verifysuccessful -->
  <testcase classname="com.bhiawpkg.Tests.AddTask_InternalTest" name="@BeforeMethod GetAddTask" time="0.0">
    <skipped/>
  </testcase> <!-- @BeforeMethod GetAddTask -->
  <testcase classname="com.bhiawpkg.Tests.AddTask_InternalTest" name="@AfterMethod Verifysuccessful" time="0.0">
    <skipped/>
  </testcase> <!-- @AfterMethod Verifysuccessful -->
  <testcase classname="com.bhiawpkg.TestBase.TestBase" name="@AfterClass teardown" time="0.0">
    <skipped/>
  </testcase> <!-- @AfterClass teardown -->
  <testcase classname="com.bhiawpkg.TestBase.TestBase" name="@BeforeClass Launchbrowser" time="2.944">
    <failure type="org.openqa.selenium.NoSuchWindowException" message="no such window: target window already closed
from unknown error: web view not found
  (Session info: chrome=93.0.4577.82)
Build info: version: &amp;apos;3.141.59&amp;apos;, revision: &amp;apos;e82be7d358&amp;apos;, time: &amp;apos;2018-11-14T08:17:03&amp;apos;
System info: host: &amp;apos;LAPTOP-477EAM08&amp;apos;, ip: &amp;apos;192.168.1.6&amp;apos;, os.name: &amp;apos;Windows 10&amp;apos;, os.arch: &amp;apos;amd64&amp;apos;, os.version: &amp;apos;10.0&amp;apos;, java.version: &amp;apos;11.0.11&amp;apos;
Driver info: org.openqa.selenium.chrome.ChromeDriver
Capabilities {acceptInsecureCerts: false, browserName: chrome, browserVersion: 93.0.4577.82, chrome: {chromedriverVersion: 93.0.4577.63 (ff5c0da2ec0ad..., userDataDir: C:\Users\divya\AppData\Loca...}, goog:chromeOptions: {debuggerAddress: localhost:58103}, javascriptEnabled: true, networkConnectionEnabled: false, pageLoadStrategy: normal, platform: WINDOWS, platformName: WINDOWS, proxy: Proxy(), setWindowRect: true, strictFileInteractability: false, timeouts: {implicit: 0, pageLoad: 300000, script: 30000}, unhandledPromptBehavior: dismiss and notify, webauthn:extension:credBlob: true, webauthn:extension:largeBlob: true, webauthn:virtualAuthenticators: true}
Session ID: 62f9a907a3b7b763bd71e6a2f9193f16">
      <![CDATA[org.openqa.selenium.NoSuchWindowException: no such window: target window already closed
from unknown error: web view not found
  (Session info: chrome=93.0.4577.82)
Build info: version: '3.141.59', revision: 'e82be7d358', time: '2018-11-14T08:17:03'
System info: host: 'LAPTOP-477EAM08', ip: '192.168.1.6', os.name: 'Windows 10', os.arch: 'amd64', os.version: '10.0', java.version: '11.0.11'
Driver info: org.openqa.selenium.chrome.ChromeDriver
Capabilities {acceptInsecureCerts: false, browserName: chrome, browserVersion: 93.0.4577.82, chrome: {chromedriverVersion: 93.0.4577.63 (ff5c0da2ec0ad..., userDataDir: C:\Users\divya\AppData\Loca...}, goog:chromeOptions: {debuggerAddress: localhost:58103}, javascriptEnabled: true, networkConnectionEnabled: false, pageLoadStrategy: normal, platform: WINDOWS, platformName: WINDOWS, proxy: Proxy(), setWindowRect: true, strictFileInteractability: false, timeouts: {implicit: 0, pageLoad: 300000, script: 30000}, unhandledPromptBehavior: dismiss and notify, webauthn:extension:credBlob: true, webauthn:extension:largeBlob: true, webauthn:virtualAuthenticators: true}
Session ID: 62f9a907a3b7b763bd71e6a2f9193f16
at org.openqa.selenium.remote.http.W3CHttpResponseCodec.createException(W3CHttpResponseCodec.java:187)
at org.openqa.selenium.remote.http.W3CHttpResponseCodec.decode(W3CHttpResponseCodec.java:122)
at org.openqa.selenium.remote.http.W3CHttpResponseCodec.decode(W3CHttpResponseCodec.java:49)
at org.openqa.selenium.remote.HttpCommandExecutor.execute(HttpCommandExecutor.java:158)
at org.openqa.selenium.remote.service.DriverCommandExecutor.execute(DriverCommandExecutor.java:83)
at org.openqa.selenium.remote.RemoteWebDriver.execute(RemoteWebDriver.java:552)
at org.openqa.selenium.remote.RemoteWebDriver.execute(RemoteWebDriver.java:609)
at org.openqa.selenium.remote.RemoteWebDriver$RemoteWebDriverOptions$RemoteWindow.maximize(RemoteWebDriver.java:837)
at com.bhiawpkg.TestBase.TestBase.MAximizewindow(TestBase.java:116)
at com.bhiawpkg.TestBase.TestBase.Launchbrowser(TestBase.java:57)
... Removed 30 stack frames]]>
    </failure>
  </testcase> <!-- @BeforeClass Launchbrowser -->
  <testcase classname="com.bhiawpkg.Tests.TimeEntryTest" name="@BeforeMethod GetAddTask" time="0.0">
    <skipped/>
  </testcase> <!-- @BeforeMethod GetAddTask -->
  <testcase classname="com.bhiawpkg.Tests.TimeEntryTest" name="@AfterMethod Logout" time="0.0">
    <skipped/>
  </testcase> <!-- @AfterMethod Logout -->
  <testcase classname="com.bhiawpkg.Tests.TimeEntryTest" name="@BeforeMethod GetAddTask" time="0.0">
    <skipped/>
  </testcase> <!-- @BeforeMethod GetAddTask -->
  <testcase classname="com.bhiawpkg.Tests.TimeEntryTest" name="@AfterMethod Logout" time="0.0">
    <skipped/>
  </testcase> <!-- @AfterMethod Logout -->
  <testcase classname="com.bhiawpkg.Tests.TimeEntryTest" name="@BeforeMethod GetAddTask" time="0.0">
    <skipped/>
  </testcase> <!-- @BeforeMethod GetAddTask -->
  <testcase classname="com.bhiawpkg.Tests.TimeEntryTest" name="@AfterMethod Logout" time="0.0">
    <skipped/>
  </testcase> <!-- @AfterMethod Logout -->
  <testcase classname="com.bhiawpkg.Tests.TimeEntryTest" name="@BeforeMethod GetAddTask" time="0.0">
    <skipped/>
  </testcase> <!-- @BeforeMethod GetAddTask -->
  <testcase classname="com.bhiawpkg.Tests.TimeEntryTest" name="@AfterMethod Logout" time="0.0">
    <skipped/>
  </testcase> <!-- @AfterMethod Logout -->
  <testcase classname="com.bhiawpkg.Tests.TimeEntryTest" name="@BeforeMethod GetAddTask" time="0.0">
    <skipped/>
  </testcase> <!-- @BeforeMethod GetAddTask -->
  <testcase classname="com.bhiawpkg.Tests.TimeEntryTest" name="@AfterMethod Logout" time="0.0">
    <skipped/>
  </testcase> <!-- @AfterMethod Logout -->
  <testcase classname="com.bhiawpkg.Tests.TimeEntryTest" name="@BeforeMethod GetAddTask" time="0.0">
    <skipped/>
  </testcase> <!-- @BeforeMethod GetAddTask -->
  <testcase classname="com.bhiawpkg.Tests.TimeEntryTest" name="@AfterMethod Logout" time="0.0">
    <skipped/>
  </testcase> <!-- @AfterMethod Logout -->
  <testcase classname="com.bhiawpkg.TestBase.TestBase" name="@AfterClass teardown" time="0.0">
    <skipped/>
  </testcase> <!-- @AfterClass teardown -->
  <testcase classname="com.bhiawpkg.Tests.AddTask_InternalTest" name="AssignedTask_internal" time="14.513"/>
  <testcase classname="com.bhiawpkg.Tests.AddTask_InternalTest" name="AssignedTask_internal" time="0.0">
    <skipped/>
  </testcase> <!-- AssignedTask_internal -->
  <testcase classname="com.bhiawpkg.Tests.TimeEntryTest" name="AddTimeEntry" time="0.0">
    <skipped/>
  </testcase> <!-- AddTimeEntry -->
  <testcase classname="com.bhiawpkg.Tests.TimeEntryTest" name="AddTimeEntry" time="0.0">
    <skipped/>
  </testcase> <!-- AddTimeEntry -->
  <testcase classname="com.bhiawpkg.Tests.TimeEntryTest" name="ApproveTimeEntry" time="0.0">
    <skipped/>
  </testcase> <!-- ApproveTimeEntry -->
  <testcase classname="com.bhiawpkg.Tests.TimeEntryTest" name="EditTimeEntry" time="0.0">
    <skipped/>
  </testcase> <!-- EditTimeEntry -->
  <testcase classname="com.bhiawpkg.Tests.TimeEntryTest" name="EditTimeEntry" time="0.0">
    <skipped/>
  </testcase> <!-- EditTimeEntry -->
  <testcase classname="com.bhiawpkg.Tests.TimeEntryTest" name="TimeEntry_Delete" time="0.0">
    <skipped/>
  </testcase> <!-- TimeEntry_Delete -->
</testsuite> <!-- Internal Task creation -->
