<?xml version="1.0" encoding="UTF-8"?>
<!-- Generated by org.testng.reporters.JUnitXMLReporter -->
<testsuite ignored="0" hostname="LAPTOP-477EAM08" failures="0" tests="2" name="Projectcreation" time="134.984" errors="0" timestamp="30 Sep 2021 13:49:04 GMT">
  <testcase classname="com.bhiawpkg.Tests.DDTProjectCreation" name="@AfterMethod Verifysuccessful" time="0.266">
    <failure type="java.lang.AssertionError" message="********ProjectCreation Milestone,Maintask,Work Type,Site Details added  failed!!************ expected [true] but found [false]">
      <![CDATA[java.lang.AssertionError: ********ProjectCreation Milestone,Maintask,Work Type,Site Details added  failed!!************ expected [true] but found [false]
at com.bhiawpkg.Tests.DDTProjectCreation.Verifysuccessful(DDTProjectCreation.java:231)
... Removed 31 stack frames]]>
    </failure>
  </testcase> <!-- @AfterMethod Verifysuccessful -->
  <testcase classname="com.bhiawpkg.TestBase.TestBase" name="@AfterClass teardown" time="0.0">
    <skipped/>
  </testcase> <!-- @AfterClass teardown -->
  <testcase classname="com.bhiawpkg.Tests.DDTProjectCreation" name="ProjectCreation" time="67.955"/>
  <testcase classname="com.bhiawpkg.Tests.AssignedTaskTest" name="AssignedTask" time="21.34"/>
</testsuite> <!-- Projectcreation -->
