<html>
<head>
<title>TestNG:  RegressionTest_AshlyPMS</title>
<link href="../testng.css" rel="stylesheet" type="text/css" />
<link href="../my-testng.css" rel="stylesheet" type="text/css" />

<style type="text/css">
.log { display: none;} 
.stack-trace { display: none;} 
</style>
<script type="text/javascript">
<!--
function flip(e) {
  current = e.style.display;
  if (current == 'block') {
    e.style.display = 'none';
    return 0;
  }
  else {
    e.style.display = 'block';
    return 1;
  }
}

function toggleBox(szDivId, elem, msg1, msg2)
{
  var res = -1;  if (document.getElementById) {
    res = flip(document.getElementById(szDivId));
  }
  else if (document.all) {
    // this is the way old msie versions work
    res = flip(document.all[szDivId]);
  }
  if(elem) {
    if(res == 0) elem.innerHTML = msg1; else elem.innerHTML = msg2;
  }

}

function toggleAllBoxes() {
  if (document.getElementsByTagName) {
    d = document.getElementsByTagName('div');
    for (i = 0; i < d.length; i++) {
      if (d[i].className == 'log') {
        flip(d[i]);
      }
    }
  }
}

// -->
</script>

</head>
<body>
<h2 align='center'>RegressionTest_AshlyPMS</h2><table border='1' align="center">
<tr>
<td>Tests passed/Failed/Skipped:</td><td>41/2/2</td>
</tr><tr>
<td>Started on:</td><td>Tue Nov 15 09:10:55 IST 2022</td>
</tr>
<tr><td>Total time:</td><td>2846 seconds (2846385 ms)</td>
</tr><tr>
<td>Included groups:</td><td></td>
</tr><tr>
<td>Excluded groups:</td><td></td>
</tr>
</table><p/>
<small><i>(Hover the method name to see the test class name)</i></small><p/>
<table width='100%' border='1' class='invocation-failed'>
<tr><td colspan='4' align='center'><b>FAILED CONFIGURATIONS</b></td></tr>
<tr><td><b>Test method</b></td>
<td width="30%"><b>Exception</b></td>
<td width="10%"><b>Time (seconds)</b></td>
<td><b>Instance</b></td>
</tr>
<tr>
<td title='com.bhiawpkg.Tests.Report_DownloadTest.afterdownload()'><b>afterdownload</b><br>Test class: com.bhiawpkg.Tests.Report_DownloadTest</td>
<td><div><pre>java.lang.NullPointerException
	at com.bhiawpkg.Tests.Report_DownloadTest.afterdownload(Report_DownloadTest.java:469)
... Removed 28 stack frames</pre></div><a href='#' onClick='toggleBox("stack-trace672960218", this, "Click to show all stack frames", "Click to hide stack frames")'>Click to show all stack frames</a>
<div class='stack-trace' id='stack-trace672960218'><pre>java.lang.NullPointerException
	at com.bhiawpkg.Tests.Report_DownloadTest.afterdownload(Report_DownloadTest.java:469)
	at java.base/jdk.internal.reflect.NativeMethodAccessorImpl.invoke0(Native Method)
	at java.base/jdk.internal.reflect.NativeMethodAccessorImpl.invoke(NativeMethodAccessorImpl.java:62)
	at java.base/jdk.internal.reflect.DelegatingMethodAccessorImpl.invoke(DelegatingMethodAccessorImpl.java:43)
	at java.base/java.lang.reflect.Method.invoke(Method.java:566)
	at org.testng.internal.MethodInvocationHelper.invokeMethod(MethodInvocationHelper.java:124)
	at org.testng.internal.MethodInvocationHelper.invokeMethodConsideringTimeout(MethodInvocationHelper.java:59)
	at org.testng.internal.Invoker.invokeConfigurationMethod(Invoker.java:458)
	at org.testng.internal.Invoker.invokeConfigurations(Invoker.java:222)
	at org.testng.internal.Invoker.invokeMethod(Invoker.java:646)
	at org.testng.internal.Invoker.invokeTestMethod(Invoker.java:719)
	at org.testng.internal.Invoker.invokeTestMethods(Invoker.java:989)
	at org.testng.internal.TestMethodWorker.invokeTestMethods(TestMethodWorker.java:125)
	at org.testng.internal.TestMethodWorker.run(TestMethodWorker.java:109)
	at org.testng.TestRunner.privateRun(TestRunner.java:648)
	at org.testng.TestRunner.run(TestRunner.java:505)
	at org.testng.SuiteRunner.runTest(SuiteRunner.java:455)
	at org.testng.SuiteRunner.runSequentially(SuiteRunner.java:450)
	at org.testng.SuiteRunner.privateRun(SuiteRunner.java:415)
	at org.testng.SuiteRunner.run(SuiteRunner.java:364)
	at org.testng.SuiteRunnerWorker.runSuite(SuiteRunnerWorker.java:52)
	at org.testng.SuiteRunnerWorker.run(SuiteRunnerWorker.java:84)
	at org.testng.TestNG.runSuitesSequentially(TestNG.java:1208)
	at org.testng.TestNG.runSuitesLocally(TestNG.java:1137)
	at org.testng.TestNG.runSuites(TestNG.java:1049)
	at org.testng.TestNG.run(TestNG.java:1017)
	at org.testng.remote.AbstractRemoteTestNG.run(AbstractRemoteTestNG.java:115)
	at org.testng.remote.RemoteTestNG.initAndRun(RemoteTestNG.java:251)
	at org.testng.remote.RemoteTestNG.main(RemoteTestNG.java:77)
</pre></div></td>
<td>0</td>
<td>com.bhiawpkg.Tests.Report_DownloadTest@8458f04</td></tr>
<tr>
<td title='com.bhiawpkg.Tests.DependentTaskTest.Verifysuccessful()'><b>Verifysuccessful</b><br>Test class: com.bhiawpkg.Tests.DependentTaskTest<br>Parameters: [TestResult name=DependentTask status=FAILURE method=DependentTaskTest.DependentTask(java.lang.String, java.lang.String, java.lang.String, java.lang.String, java.lang.String, java.lang.String, java.lang.String, java.lang.String, java.lang.String, java.lang.String, java.lang.String, java.lang.String, java.lang.String, java.lang.String, java.lang.String, java.lang.String, java.lang.String, java.lang.String, java.lang.String, java.lang.String, java.lang.String, java.lang.String, java.lang.String, java.lang.String, java.lang.String, java.lang.String)[pri:0, instance:com.bhiawpkg.Tests.DependentTaskTest@48075da3] output={null}]</td>
<td><div><pre>java.lang.AssertionError: ********DependentTask Details added  failed!!************ expected [true] but found [false]
	at com.bhiawpkg.Tests.DependentTaskTest.Verifysuccessful(DependentTaskTest.java:190)
... Removed 31 stack frames</pre></div><a href='#' onClick='toggleBox("stack-trace1368607714", this, "Click to show all stack frames", "Click to hide stack frames")'>Click to show all stack frames</a>
<div class='stack-trace' id='stack-trace1368607714'><pre>java.lang.AssertionError: ********DependentTask Details added  failed!!************ expected [true] but found [false]
	at org.testng.Assert.fail(Assert.java:96)
	at org.testng.Assert.failNotEquals(Assert.java:776)
	at org.testng.Assert.assertTrue(Assert.java:44)
	at com.bhiawpkg.Tests.DependentTaskTest.Verifysuccessful(DependentTaskTest.java:190)
	at java.base/jdk.internal.reflect.NativeMethodAccessorImpl.invoke0(Native Method)
	at java.base/jdk.internal.reflect.NativeMethodAccessorImpl.invoke(NativeMethodAccessorImpl.java:62)
	at java.base/jdk.internal.reflect.DelegatingMethodAccessorImpl.invoke(DelegatingMethodAccessorImpl.java:43)
	at java.base/java.lang.reflect.Method.invoke(Method.java:566)
	at org.testng.internal.MethodInvocationHelper.invokeMethod(MethodInvocationHelper.java:124)
	at org.testng.internal.MethodInvocationHelper.invokeMethodConsideringTimeout(MethodInvocationHelper.java:59)
	at org.testng.internal.Invoker.invokeConfigurationMethod(Invoker.java:458)
	at org.testng.internal.Invoker.invokeConfigurations(Invoker.java:222)
	at org.testng.internal.Invoker.invokeMethod(Invoker.java:646)
	at org.testng.internal.Invoker.invokeTestMethod(Invoker.java:719)
	at org.testng.internal.Invoker.invokeTestMethods(Invoker.java:989)
	at org.testng.internal.TestMethodWorker.invokeTestMethods(TestMethodWorker.java:125)
	at org.testng.internal.TestMethodWorker.run(TestMethodWorker.java:109)
	at org.testng.TestRunner.privateRun(TestRunner.java:648)
	at org.testng.TestRunner.run(TestRunner.java:505)
	at org.testng.SuiteRunner.runTest(SuiteRunner.java:455)
	at org.testng.SuiteRunner.runSequentially(SuiteRunner.java:450)
	at org.testng.SuiteRunner.privateRun(SuiteRunner.java:415)
	at org.testng.SuiteRunner.run(SuiteRunner.java:364)
	at org.testng.SuiteRunnerWorker.runSuite(SuiteRunnerWorker.java:52)
	at org.testng.SuiteRunnerWorker.run(SuiteRunnerWorker.java:84)
	at org.testng.TestNG.runSuitesSequentially(TestNG.java:1208)
	at org.testng.TestNG.runSuitesLocally(TestNG.java:1137)
	at org.testng.TestNG.runSuites(TestNG.java:1049)
	at org.testng.TestNG.run(TestNG.java:1017)
	at org.testng.remote.AbstractRemoteTestNG.run(AbstractRemoteTestNG.java:115)
	at org.testng.remote.RemoteTestNG.initAndRun(RemoteTestNG.java:251)
	at org.testng.remote.RemoteTestNG.main(RemoteTestNG.java:77)
</pre></div></td>
<td>0</td>
<td>com.bhiawpkg.Tests.DependentTaskTest@48075da3</td></tr>
</table><p>
<table width='100%' border='1' class='invocation-skipped'>
<tr><td colspan='4' align='center'><b>SKIPPED CONFIGURATIONS</b></td></tr>
<tr><td><b>Test method</b></td>
<td width="30%"><b>Exception</b></td>
<td width="10%"><b>Time (seconds)</b></td>
<td><b>Instance</b></td>
</tr>
<tr>
<td title='com.bhiawpkg.Tests.Report_DownloadTest.Login()'><b>Login</b><br>Test class: com.bhiawpkg.Tests.Report_DownloadTest</td>
<td></td>
<td>0</td>
<td>com.bhiawpkg.Tests.Report_DownloadTest@8458f04</td></tr>
<tr>
<td title='com.bhiawpkg.Tests.Report_DownloadTest.Login()'><b>Login</b><br>Test class: com.bhiawpkg.Tests.Report_DownloadTest</td>
<td></td>
<td>0</td>
<td>com.bhiawpkg.Tests.Report_DownloadTest@8458f04</td></tr>
<tr>
<td title='com.bhiawpkg.Tests.Report_DownloadTest.afterdownload()'><b>afterdownload</b><br>Test class: com.bhiawpkg.Tests.Report_DownloadTest</td>
<td></td>
<td>0</td>
<td>com.bhiawpkg.Tests.Report_DownloadTest@8458f04</td></tr>
<tr>
<td title='com.bhiawpkg.Tests.Report_DownloadTest.afterdownload()'><b>afterdownload</b><br>Test class: com.bhiawpkg.Tests.Report_DownloadTest</td>
<td></td>
<td>0</td>
<td>com.bhiawpkg.Tests.Report_DownloadTest@8458f04</td></tr>
<tr>
<td title='com.bhiawpkg.Tests.Report_DownloadTest.teardown()'><b>teardown</b><br>Test class: com.bhiawpkg.Tests.Report_DownloadTest</td>
<td></td>
<td>0</td>
<td>com.bhiawpkg.Tests.Report_DownloadTest@8458f04</td></tr>
<tr>
<td title='com.bhiawpkg.Tests.DependentTaskTest.teardown()'><b>teardown</b><br>Test class: com.bhiawpkg.Tests.DependentTaskTest</td>
<td></td>
<td>0</td>
<td>com.bhiawpkg.Tests.DependentTaskTest@48075da3</td></tr>
</table><p>
<table width='100%' border='1' class='invocation-failed'>
<tr><td colspan='4' align='center'><b>FAILED TESTS</b></td></tr>
<tr><td><b>Test method</b></td>
<td width="30%"><b>Exception</b></td>
<td width="10%"><b>Time (seconds)</b></td>
<td><b>Instance</b></td>
</tr>
<tr>
<td title='com.bhiawpkg.Tests.Report_DownloadTest.CreateAndDownload_ProjectReport_Progress()'><b>CreateAndDownload_ProjectReport_Progress</b><br>Test class: com.bhiawpkg.Tests.Report_DownloadTest</td>
<td><div><pre>org.openqa.selenium.ElementNotInteractableException: element not interactable
  (Session info: chrome=107.0.5304.107)
Build info: version: &apos;3.141.59&apos;, revision: &apos;e82be7d358&apos;, time: &apos;2018-11-14T08:17:03&apos;
System info: host: &apos;LAPTOP-477EAM08&apos;, ip: &apos;192.168.29.243&apos;, os.name: &apos;Windows 10&apos;, os.arch: &apos;amd64&apos;, os.version: &apos;10.0&apos;, java.version: &apos;11.0.11&apos;
Driver info: org.openqa.selenium.chrome.ChromeDriver
Capabilities {acceptInsecureCerts: false, browserName: chrome, browserVersion: 107.0.5304.107, chrome: {chromedriverVersion: 107.0.5304.62 (1eec40d3a576..., userDataDir: C:\Users\divya\AppData\Loca...}, goog:chromeOptions: {debuggerAddress: localhost:56176}, javascriptEnabled: true, networkConnectionEnabled: false, pageLoadStrategy: normal, platform: WINDOWS, platformName: WINDOWS, proxy: Proxy(), setWindowRect: true, strictFileInteractability: false, timeouts: {implicit: 0, pageLoad: 300000, script: 30000}, unhandledPromptBehavior: dismiss and notify, webauthn:extension:credBlob: true, webauthn:extension:largeBlob: true, webauthn:virtualAuthenticators: true}
Session ID: 444a6ac2d39c4498aa953ba75291e81c
	at org.openqa.selenium.remote.http.W3CHttpResponseCodec.createException(W3CHttpResponseCodec.java:187)
	at org.openqa.selenium.remote.http.W3CHttpResponseCodec.decode(W3CHttpResponseCodec.java:122)
	at org.openqa.selenium.remote.http.W3CHttpResponseCodec.decode(W3CHttpResponseCodec.java:49)
	at org.openqa.selenium.remote.HttpCommandExecutor.execute(HttpCommandExecutor.java:158)
	at org.openqa.selenium.remote.service.DriverCommandExecutor.execute(DriverCommandExecutor.java:83)
	at org.openqa.selenium.remote.RemoteWebDriver.execute(RemoteWebDriver.java:552)
	at org.openqa.selenium.remote.RemoteWebElement.execute(RemoteWebElement.java:285)
	at org.openqa.selenium.remote.RemoteWebElement.click(RemoteWebElement.java:84)
	at org.openqa.selenium.support.pagefactory.internal.LocatingElementHandler.invoke(LocatingElementHandler.java:51)
	at com.sun.proxy.$Proxy16.click(Unknown Source)
	at com.bhiawpkg.Pages.GalleryPage.clickincrptbtn(GalleryPage.java:79)
	at com.bhiawpkg.Tests.Report_DownloadTest.CreateAndDownload_ProjectReport_Progress(Report_DownloadTest.java:218)
... Removed 32 stack frames</pre></div><a href='#' onClick='toggleBox("stack-trace877855051", this, "Click to show all stack frames", "Click to hide stack frames")'>Click to show all stack frames</a>
<div class='stack-trace' id='stack-trace877855051'><pre>org.openqa.selenium.ElementNotInteractableException: element not interactable
  (Session info: chrome=107.0.5304.107)
Build info: version: &apos;3.141.59&apos;, revision: &apos;e82be7d358&apos;, time: &apos;2018-11-14T08:17:03&apos;
System info: host: &apos;LAPTOP-477EAM08&apos;, ip: &apos;192.168.29.243&apos;, os.name: &apos;Windows 10&apos;, os.arch: &apos;amd64&apos;, os.version: &apos;10.0&apos;, java.version: &apos;11.0.11&apos;
Driver info: org.openqa.selenium.chrome.ChromeDriver
Capabilities {acceptInsecureCerts: false, browserName: chrome, browserVersion: 107.0.5304.107, chrome: {chromedriverVersion: 107.0.5304.62 (1eec40d3a576..., userDataDir: C:\Users\divya\AppData\Loca...}, goog:chromeOptions: {debuggerAddress: localhost:56176}, javascriptEnabled: true, networkConnectionEnabled: false, pageLoadStrategy: normal, platform: WINDOWS, platformName: WINDOWS, proxy: Proxy(), setWindowRect: true, strictFileInteractability: false, timeouts: {implicit: 0, pageLoad: 300000, script: 30000}, unhandledPromptBehavior: dismiss and notify, webauthn:extension:credBlob: true, webauthn:extension:largeBlob: true, webauthn:virtualAuthenticators: true}
Session ID: 444a6ac2d39c4498aa953ba75291e81c
	at java.base/jdk.internal.reflect.NativeConstructorAccessorImpl.newInstance0(Native Method)
	at java.base/jdk.internal.reflect.NativeConstructorAccessorImpl.newInstance(NativeConstructorAccessorImpl.java:62)
	at java.base/jdk.internal.reflect.DelegatingConstructorAccessorImpl.newInstance(DelegatingConstructorAccessorImpl.java:45)
	at java.base/java.lang.reflect.Constructor.newInstance(Constructor.java:490)
	at org.openqa.selenium.remote.http.W3CHttpResponseCodec.createException(W3CHttpResponseCodec.java:187)
	at org.openqa.selenium.remote.http.W3CHttpResponseCodec.decode(W3CHttpResponseCodec.java:122)
	at org.openqa.selenium.remote.http.W3CHttpResponseCodec.decode(W3CHttpResponseCodec.java:49)
	at org.openqa.selenium.remote.HttpCommandExecutor.execute(HttpCommandExecutor.java:158)
	at org.openqa.selenium.remote.service.DriverCommandExecutor.execute(DriverCommandExecutor.java:83)
	at org.openqa.selenium.remote.RemoteWebDriver.execute(RemoteWebDriver.java:552)
	at org.openqa.selenium.remote.RemoteWebElement.execute(RemoteWebElement.java:285)
	at org.openqa.selenium.remote.RemoteWebElement.click(RemoteWebElement.java:84)
	at jdk.internal.reflect.GeneratedMethodAccessor6.invoke(Unknown Source)
	at java.base/jdk.internal.reflect.DelegatingMethodAccessorImpl.invoke(DelegatingMethodAccessorImpl.java:43)
	at java.base/java.lang.reflect.Method.invoke(Method.java:566)
	at org.openqa.selenium.support.pagefactory.internal.LocatingElementHandler.invoke(LocatingElementHandler.java:51)
	at com.sun.proxy.$Proxy16.click(Unknown Source)
	at com.bhiawpkg.Pages.GalleryPage.clickincrptbtn(GalleryPage.java:79)
	at com.bhiawpkg.Tests.Report_DownloadTest.CreateAndDownload_ProjectReport_Progress(Report_DownloadTest.java:218)
	at java.base/jdk.internal.reflect.NativeMethodAccessorImpl.invoke0(Native Method)
	at java.base/jdk.internal.reflect.NativeMethodAccessorImpl.invoke(NativeMethodAccessorImpl.java:62)
	at java.base/jdk.internal.reflect.DelegatingMethodAccessorImpl.invoke(DelegatingMethodAccessorImpl.java:43)
	at java.base/java.lang.reflect.Method.invoke(Method.java:566)
	at org.testng.internal.MethodInvocationHelper.invokeMethod(MethodInvocationHelper.java:124)
	at org.testng.internal.Invoker.invokeMethod(Invoker.java:583)
	at org.testng.internal.Invoker.invokeTestMethod(Invoker.java:719)
	at org.testng.internal.Invoker.invokeTestMethods(Invoker.java:989)
	at org.testng.internal.TestMethodWorker.invokeTestMethods(TestMethodWorker.java:125)
	at org.testng.internal.TestMethodWorker.run(TestMethodWorker.java:109)
	at org.testng.TestRunner.privateRun(TestRunner.java:648)
	at org.testng.TestRunner.run(TestRunner.java:505)
	at org.testng.SuiteRunner.runTest(SuiteRunner.java:455)
	at org.testng.SuiteRunner.runSequentially(SuiteRunner.java:450)
	at org.testng.SuiteRunner.privateRun(SuiteRunner.java:415)
	at org.testng.SuiteRunner.run(SuiteRunner.java:364)
	at org.testng.SuiteRunnerWorker.runSuite(SuiteRunnerWorker.java:52)
	at org.testng.SuiteRunnerWorker.run(SuiteRunnerWorker.java:84)
	at org.testng.TestNG.runSuitesSequentially(TestNG.java:1208)
	at org.testng.TestNG.runSuitesLocally(TestNG.java:1137)
	at org.testng.TestNG.runSuites(TestNG.java:1049)
	at org.testng.TestNG.run(TestNG.java:1017)
	at org.testng.remote.AbstractRemoteTestNG.run(AbstractRemoteTestNG.java:115)
	at org.testng.remote.RemoteTestNG.initAndRun(RemoteTestNG.java:251)
	at org.testng.remote.RemoteTestNG.main(RemoteTestNG.java:77)
</pre></div></td>
<td>152</td>
<td>com.bhiawpkg.Tests.Report_DownloadTest@8458f04</td></tr>
<tr>
<td title='com.bhiawpkg.Tests.DependentTaskTest.DependentTask()'><b>DependentTask</b><br>Test class: com.bhiawpkg.Tests.DependentTaskTest<br>Parameters: BLUEHORIZONpMy, External, Painting, SUBTSK6, 500, Sq Ft, 200, 100000, Thrissur, Third floor, TODAY(), EDATE(K2,1), 29, 1, TOUGHEN GLASS WORKS, 29, 18, Medium, Divya, BHI Developer, BHI Developer, In-progress, PRODUCTION, Astle, IRINE11ya.an@blueKINFRAinfotech.com, tes descr</td>
<td><div><pre>org.openqa.selenium.NoSuchElementException: no such element: Unable to locate element: {&quot;method&quot;:&quot;xpath&quot;,&quot;selector&quot;:&quot;//*[@class=&apos;row dependant_data_div div_1&apos;]//select[@id=&apos;dependant_taskid&apos;]&quot;}
  (Session info: chrome=107.0.5304.107)
For documentation on this error, please visit: https://www.seleniumhq.org/exceptions/no_such_element.html
Build info: version: &apos;3.141.59&apos;, revision: &apos;e82be7d358&apos;, time: &apos;2018-11-14T08:17:03&apos;
System info: host: &apos;LAPTOP-477EAM08&apos;, ip: &apos;192.168.29.243&apos;, os.name: &apos;Windows 10&apos;, os.arch: &apos;amd64&apos;, os.version: &apos;10.0&apos;, java.version: &apos;11.0.11&apos;
Driver info: org.openqa.selenium.chrome.ChromeDriver
Capabilities {acceptInsecureCerts: false, browserName: chrome, browserVersion: 107.0.5304.107, chrome: {chromedriverVersion: 107.0.5304.62 (1eec40d3a576..., userDataDir: C:\Users\divya\AppData\Loca...}, goog:chromeOptions: {debuggerAddress: localhost:56239}, javascriptEnabled: true, networkConnectionEnabled: false, pageLoadStrategy: normal, platform: WINDOWS, platformName: WINDOWS, proxy: Proxy(), setWindowRect: true, strictFileInteractability: false, timeouts: {implicit: 0, pageLoad: 300000, script: 30000}, unhandledPromptBehavior: dismiss and notify, webauthn:extension:credBlob: true, webauthn:extension:largeBlob: true, webauthn:virtualAuthenticators: true}
Session ID: d300ba1278377044a3225a88639e27f0
*** Element info: {Using=xpath, value=//*[@class=&apos;row dependant_data_div div_1&apos;]//select[@id=&apos;dependant_taskid&apos;]}
	at org.openqa.selenium.remote.http.W3CHttpResponseCodec.createException(W3CHttpResponseCodec.java:187)
	at org.openqa.selenium.remote.http.W3CHttpResponseCodec.decode(W3CHttpResponseCodec.java:122)
	at org.openqa.selenium.remote.http.W3CHttpResponseCodec.decode(W3CHttpResponseCodec.java:49)
	at org.openqa.selenium.remote.HttpCommandExecutor.execute(HttpCommandExecutor.java:158)
	at org.openqa.selenium.remote.service.DriverCommandExecutor.execute(DriverCommandExecutor.java:83)
	at org.openqa.selenium.remote.RemoteWebDriver.execute(RemoteWebDriver.java:552)
	at org.openqa.selenium.remote.RemoteWebDriver.findElement(RemoteWebDriver.java:323)
	at org.openqa.selenium.remote.RemoteWebDriver.findElementByXPath(RemoteWebDriver.java:428)
	at org.openqa.selenium.By$ByXPath.findElement(By.java:353)
	at org.openqa.selenium.remote.RemoteWebDriver.findElement(RemoteWebDriver.java:315)
	at org.openqa.selenium.support.pagefactory.DefaultElementLocator.findElement(DefaultElementLocator.java:69)
	at org.openqa.selenium.support.pagefactory.internal.LocatingElementHandler.invoke(LocatingElementHandler.java:38)
	at com.sun.proxy.$Proxy16.getTagName(Unknown Source)
	at org.openqa.selenium.support.ui.Select.&lt;init&gt;(Select.java:45)
	at com.BHIAW.Helper.DropdownHelper.SelectUsingVisibleText(DropdownHelper.java:40)
	at com.bhiawpkg.Pages.AssignedtaskPage.selectdepenttsk(AssignedtaskPage.java:544)
	at com.bhiawpkg.Tests.DependentTaskTest.DependentTask(DependentTaskTest.java:99)
... Removed 29 stack frames</pre></div><a href='#' onClick='toggleBox("stack-trace1558513814", this, "Click to show all stack frames", "Click to hide stack frames")'>Click to show all stack frames</a>
<div class='stack-trace' id='stack-trace1558513814'><pre>org.openqa.selenium.NoSuchElementException: no such element: Unable to locate element: {&quot;method&quot;:&quot;xpath&quot;,&quot;selector&quot;:&quot;//*[@class=&apos;row dependant_data_div div_1&apos;]//select[@id=&apos;dependant_taskid&apos;]&quot;}
  (Session info: chrome=107.0.5304.107)
For documentation on this error, please visit: https://www.seleniumhq.org/exceptions/no_such_element.html
Build info: version: &apos;3.141.59&apos;, revision: &apos;e82be7d358&apos;, time: &apos;2018-11-14T08:17:03&apos;
System info: host: &apos;LAPTOP-477EAM08&apos;, ip: &apos;192.168.29.243&apos;, os.name: &apos;Windows 10&apos;, os.arch: &apos;amd64&apos;, os.version: &apos;10.0&apos;, java.version: &apos;11.0.11&apos;
Driver info: org.openqa.selenium.chrome.ChromeDriver
Capabilities {acceptInsecureCerts: false, browserName: chrome, browserVersion: 107.0.5304.107, chrome: {chromedriverVersion: 107.0.5304.62 (1eec40d3a576..., userDataDir: C:\Users\divya\AppData\Loca...}, goog:chromeOptions: {debuggerAddress: localhost:56239}, javascriptEnabled: true, networkConnectionEnabled: false, pageLoadStrategy: normal, platform: WINDOWS, platformName: WINDOWS, proxy: Proxy(), setWindowRect: true, strictFileInteractability: false, timeouts: {implicit: 0, pageLoad: 300000, script: 30000}, unhandledPromptBehavior: dismiss and notify, webauthn:extension:credBlob: true, webauthn:extension:largeBlob: true, webauthn:virtualAuthenticators: true}
Session ID: d300ba1278377044a3225a88639e27f0
*** Element info: {Using=xpath, value=//*[@class=&apos;row dependant_data_div div_1&apos;]//select[@id=&apos;dependant_taskid&apos;]}
	at java.base/jdk.internal.reflect.NativeConstructorAccessorImpl.newInstance0(Native Method)
	at java.base/jdk.internal.reflect.NativeConstructorAccessorImpl.newInstance(NativeConstructorAccessorImpl.java:62)
	at java.base/jdk.internal.reflect.DelegatingConstructorAccessorImpl.newInstance(DelegatingConstructorAccessorImpl.java:45)
	at java.base/java.lang.reflect.Constructor.newInstance(Constructor.java:490)
	at org.openqa.selenium.remote.http.W3CHttpResponseCodec.createException(W3CHttpResponseCodec.java:187)
	at org.openqa.selenium.remote.http.W3CHttpResponseCodec.decode(W3CHttpResponseCodec.java:122)
	at org.openqa.selenium.remote.http.W3CHttpResponseCodec.decode(W3CHttpResponseCodec.java:49)
	at org.openqa.selenium.remote.HttpCommandExecutor.execute(HttpCommandExecutor.java:158)
	at org.openqa.selenium.remote.service.DriverCommandExecutor.execute(DriverCommandExecutor.java:83)
	at org.openqa.selenium.remote.RemoteWebDriver.execute(RemoteWebDriver.java:552)
	at org.openqa.selenium.remote.RemoteWebDriver.findElement(RemoteWebDriver.java:323)
	at org.openqa.selenium.remote.RemoteWebDriver.findElementByXPath(RemoteWebDriver.java:428)
	at org.openqa.selenium.By$ByXPath.findElement(By.java:353)
	at org.openqa.selenium.remote.RemoteWebDriver.findElement(RemoteWebDriver.java:315)
	at org.openqa.selenium.support.pagefactory.DefaultElementLocator.findElement(DefaultElementLocator.java:69)
	at org.openqa.selenium.support.pagefactory.internal.LocatingElementHandler.invoke(LocatingElementHandler.java:38)
	at com.sun.proxy.$Proxy16.getTagName(Unknown Source)
	at org.openqa.selenium.support.ui.Select.&lt;init&gt;(Select.java:45)
	at com.BHIAW.Helper.DropdownHelper.SelectUsingVisibleText(DropdownHelper.java:40)
	at com.bhiawpkg.Pages.AssignedtaskPage.selectdepenttsk(AssignedtaskPage.java:544)
	at com.bhiawpkg.Tests.DependentTaskTest.DependentTask(DependentTaskTest.java:99)
	at java.base/jdk.internal.reflect.NativeMethodAccessorImpl.invoke0(Native Method)
	at java.base/jdk.internal.reflect.NativeMethodAccessorImpl.invoke(NativeMethodAccessorImpl.java:62)
	at java.base/jdk.internal.reflect.DelegatingMethodAccessorImpl.invoke(DelegatingMethodAccessorImpl.java:43)
	at java.base/java.lang.reflect.Method.invoke(Method.java:566)
	at org.testng.internal.MethodInvocationHelper.invokeMethod(MethodInvocationHelper.java:124)
	at org.testng.internal.Invoker.invokeMethod(Invoker.java:583)
	at org.testng.internal.Invoker.invokeTestMethod(Invoker.java:719)
	at org.testng.internal.Invoker.invokeTestMethods(Invoker.java:989)
	at org.testng.internal.TestMethodWorker.invokeTestMethods(TestMethodWorker.java:125)
	at org.testng.internal.TestMethodWorker.run(TestMethodWorker.java:109)
	at org.testng.TestRunner.privateRun(TestRunner.java:648)
	at org.testng.TestRunner.run(TestRunner.java:505)
	at org.testng.SuiteRunner.runTest(SuiteRunner.java:455)
	at org.testng.SuiteRunner.runSequentially(SuiteRunner.java:450)
	at org.testng.SuiteRunner.privateRun(SuiteRunner.java:415)
	at org.testng.SuiteRunner.run(SuiteRunner.java:364)
	at org.testng.SuiteRunnerWorker.runSuite(SuiteRunnerWorker.java:52)
	at org.testng.SuiteRunnerWorker.run(SuiteRunnerWorker.java:84)
	at org.testng.TestNG.runSuitesSequentially(TestNG.java:1208)
	at org.testng.TestNG.runSuitesLocally(TestNG.java:1137)
	at org.testng.TestNG.runSuites(TestNG.java:1049)
	at org.testng.TestNG.run(TestNG.java:1017)
	at org.testng.remote.AbstractRemoteTestNG.run(AbstractRemoteTestNG.java:115)
	at org.testng.remote.RemoteTestNG.initAndRun(RemoteTestNG.java:251)
	at org.testng.remote.RemoteTestNG.main(RemoteTestNG.java:77)
</pre></div></td>
<td>64</td>
<td>com.bhiawpkg.Tests.DependentTaskTest@48075da3</td></tr>
</table><p>
<table width='100%' border='1' class='invocation-passed'>
<tr><td colspan='4' align='center'><b>PASSED TESTS</b></td></tr>
<tr><td><b>Test method</b></td>
<td width="30%"><b>Exception</b></td>
<td width="10%"><b>Time (seconds)</b></td>
<td><b>Instance</b></td>
</tr>
<tr>
<td title='com.bhiawpkg.Tests.WPRTest.AddDailyworkprogress()'><b>AddDailyworkprogress</b><br>Test class: com.bhiawpkg.Tests.WPRTest<br>Parameters: ASHLYPMS, TODAY(), - - SUBTSK3, 20, TOUGHEN GLASS WORKS, In-progress, dailworkprogress description</td>
<td></td>
<td>18</td>
<td>com.bhiawpkg.Tests.WPRTest@35dab4eb</td></tr>
<tr>
<td title='com.bhiawpkg.Tests.WPRTest.AddDailyworkprogress()'><b>AddDailyworkprogress</b><br>Test class: com.bhiawpkg.Tests.WPRTest<br>Parameters: ASHLYPMS, TODAY(), - - SUBTSK3, 20, TOUGHEN GLASS WORKS, In-progress, dailworkprogress description</td>
<td></td>
<td>17</td>
<td>com.bhiawpkg.Tests.WPRTest@35dab4eb</td></tr>
<tr>
<td title='com.bhiawpkg.Tests.WPRTest.AddDailyworkprogress()'><b>AddDailyworkprogress</b><br>Test class: com.bhiawpkg.Tests.WPRTest<br>Parameters: ASHLYPMS, TODAY(), - - SUBTSK3, 20, TOUGHEN GLASS WORKS, In-progress, dailworkprogress description</td>
<td></td>
<td>17</td>
<td>com.bhiawpkg.Tests.WPRTest@35dab4eb</td></tr>
<tr>
<td title='com.bhiawpkg.Tests.WPRTest.AddDailyworkprogress()'><b>AddDailyworkprogress</b><br>Test class: com.bhiawpkg.Tests.WPRTest<br>Parameters: ASHLYPMS, TODAY(), - - SUBTSK3, 20, TOUGHEN GLASS WORKS, In-progress, dailworkprogress description</td>
<td></td>
<td>17</td>
<td>com.bhiawpkg.Tests.WPRTest@35dab4eb</td></tr>
<tr>
<td title='com.bhiawpkg.Tests.Manageaccessidtest.AddNewAccessId()'><b>AddNewAccessId</b><br>Test class: com.bhiawpkg.Tests.Manageaccessidtest</td>
<td></td>
<td>21</td>
<td>com.bhiawpkg.Tests.Manageaccessidtest@72cc7e6f</td></tr>
<tr>
<td title='com.bhiawpkg.Tests.TimeEntryTest.AddTimeEntry()'><b>AddTimeEntry</b><br>Test class: com.bhiawpkg.Tests.TimeEntryTest<br>Test method: If the time entry details can add<br>Parameters: INT03, TOUGHEN GLASS WORKS, TODAY(), 1, In-progress, 00:01, time entry description</td>
<td></td>
<td>18</td>
<td>com.bhiawpkg.Tests.TimeEntryTest@3ba987b8</td></tr>
<tr>
<td title='com.bhiawpkg.Tests.TimeEntryTest.AddTimeEntry()'><b>AddTimeEntry</b><br>Test class: com.bhiawpkg.Tests.TimeEntryTest<br>Test method: If the time entry details can add<br>Parameters: INT04, TOUGHEN GLASS WORKS, TODAY(), 1, In-progress, 00:01, time entry description</td>
<td></td>
<td>17</td>
<td>com.bhiawpkg.Tests.TimeEntryTest@3ba987b8</td></tr>
<tr>
<td title='com.bhiawpkg.Tests.AllWorkProgressfilterTest.AllWorkProgressFilter()'><b>AllWorkProgressFilter</b><br>Test class: com.bhiawpkg.Tests.AllWorkProgressfilterTest</td>
<td></td>
<td>28</td>
<td>com.bhiawpkg.Tests.AllWorkProgressfilterTest@3f191845</td></tr>
<tr>
<td title='com.bhiawpkg.Tests.WPRTest.ApproveDailyWrok()'><b>ApproveDailyWrok</b><br>Test class: com.bhiawpkg.Tests.WPRTest</td>
<td></td>
<td>20</td>
<td>com.bhiawpkg.Tests.WPRTest@35dab4eb</td></tr>
<tr>
<td title='com.bhiawpkg.Tests.TimeEntryTest.ApproveTimeEntry()'><b>ApproveTimeEntry</b><br>Test class: com.bhiawpkg.Tests.TimeEntryTest<br>Test method: If the time entry can Approve</td>
<td></td>
<td>15</td>
<td>com.bhiawpkg.Tests.TimeEntryTest@3ba987b8</td></tr>
<tr>
<td title='com.bhiawpkg.Tests.AssignedTaskFilterTest.AssignedTaskFilterTest_CompletedTask()'><b>AssignedTaskFilterTest_CompletedTask</b><br>Test class: com.bhiawpkg.Tests.AssignedTaskFilterTest</td>
<td></td>
<td>52</td>
<td>com.bhiawpkg.Tests.AssignedTaskFilterTest@5afa3c9</td></tr>
<tr>
<td title='com.bhiawpkg.Tests.AssignedTaskFilterTest.AssignedTaskFilterTest_ExpiredTask()'><b>AssignedTaskFilterTest_ExpiredTask</b><br>Test class: com.bhiawpkg.Tests.AssignedTaskFilterTest</td>
<td></td>
<td>50</td>
<td>com.bhiawpkg.Tests.AssignedTaskFilterTest@5afa3c9</td></tr>
<tr>
<td title='com.bhiawpkg.Tests.AssignedTaskFilterTest.AssignedTaskFilterTest_HideExpiredTask()'><b>AssignedTaskFilterTest_HideExpiredTask</b><br>Test class: com.bhiawpkg.Tests.AssignedTaskFilterTest</td>
<td></td>
<td>11</td>
<td>com.bhiawpkg.Tests.AssignedTaskFilterTest@5afa3c9</td></tr>
<tr>
<td title='com.bhiawpkg.Tests.TaskStatusDateAssigne_changes.Assignedtask_Changestatus()'><b>Assignedtask_Changestatus</b><br>Test class: com.bhiawpkg.Tests.TaskStatusDateAssigne_changes</td>
<td></td>
<td>14</td>
<td>com.bhiawpkg.Tests.TaskStatusDateAssigne_changes@909217e</td></tr>
<tr>
<td title='com.bhiawpkg.Tests.TaskStatusDateAssigne_changes.Assignedtask_Dateextentionchange()'><b>Assignedtask_Dateextentionchange</b><br>Test class: com.bhiawpkg.Tests.TaskStatusDateAssigne_changes</td>
<td></td>
<td>20</td>
<td>com.bhiawpkg.Tests.TaskStatusDateAssigne_changes@909217e</td></tr>
<tr>
<td title='com.bhiawpkg.Tests.TaskStatusDateAssigne_changes.Assignedtask_changeassignee()'><b>Assignedtask_changeassignee</b><br>Test class: com.bhiawpkg.Tests.TaskStatusDateAssigne_changes</td>
<td></td>
<td>23</td>
<td>com.bhiawpkg.Tests.TaskStatusDateAssigne_changes@909217e</td></tr>
<tr>
<td title='com.bhiawpkg.Tests.AllWorkProgressfilterTest.ClearWorkProgressFilter()'><b>ClearWorkProgressFilter</b><br>Test class: com.bhiawpkg.Tests.AllWorkProgressfilterTest</td>
<td></td>
<td>22</td>
<td>com.bhiawpkg.Tests.AllWorkProgressfilterTest@3f191845</td></tr>
<tr>
<td title='com.bhiawpkg.Tests.Report_DownloadTest.CreateAndDownload_ProjectReport_Consolidated()'><b>CreateAndDownload_ProjectReport_Consolidated</b><br>Test class: com.bhiawpkg.Tests.Report_DownloadTest</td>
<td></td>
<td>19</td>
<td>com.bhiawpkg.Tests.Report_DownloadTest@8458f04</td></tr>
<tr>
<td title='com.bhiawpkg.Tests.Report_DownloadTest.CreateAndDownload_ProjectReport_Detailed()'><b>CreateAndDownload_ProjectReport_Detailed</b><br>Test class: com.bhiawpkg.Tests.Report_DownloadTest</td>
<td></td>
<td>18</td>
<td>com.bhiawpkg.Tests.Report_DownloadTest@8458f04</td></tr>
<tr>
<td title='com.bhiawpkg.Tests.NewMeetingTest.CreateNewmeeting()'><b>CreateNewmeeting</b><br>Test class: com.bhiawpkg.Tests.NewMeetingTest<br>Parameters: ASHLYPMS, Aluva, TODAY(), kochi, 08.00, 9087, Discussion, Astle, Divya, QA, Divya (SITE ENGINEER), PRODUCTION, Medicine, TODAY(), EDATE(N2,1), Divya (SITE ENGINEER)</td>
<td></td>
<td>94</td>
<td>com.bhiawpkg.Tests.NewMeetingTest@68c9133c</td></tr>
<tr>
<td title='com.bhiawpkg.Tests.LAbourDetailsAdd_Edit.DailyLaborDetails_Add()'><b>DailyLaborDetails_Add</b><br>Test class: com.bhiawpkg.Tests.LAbourDetailsAdd_Edit<br>Parameters: ASHLYPMS, TODAY(), SUBTSK3, TOUGHEN GLASS WORKS, 4, 1, labor description</td>
<td></td>
<td>20</td>
<td>com.bhiawpkg.Tests.LAbourDetailsAdd_Edit@2d901eb0</td></tr>
<tr>
<td title='com.bhiawpkg.Tests.LAbourDetailsAdd_Edit.DailyLaborDetails_Edit()'><b>DailyLaborDetails_Edit</b><br>Test class: com.bhiawpkg.Tests.LAbourDetailsAdd_Edit<br>Parameters: ASHLYPMS, TODAY(), SUBTSK3, TOUGHEN GLASS WORKS, 4, 1, labor description</td>
<td></td>
<td>26</td>
<td>com.bhiawpkg.Tests.LAbourDetailsAdd_Edit@2d901eb0</td></tr>
<tr>
<td title='com.bhiawpkg.Tests.Manageaccessidtest.EditAccessId()'><b>EditAccessId</b><br>Test class: com.bhiawpkg.Tests.Manageaccessidtest</td>
<td></td>
<td>33</td>
<td>com.bhiawpkg.Tests.Manageaccessidtest@72cc7e6f</td></tr>
<tr>
<td title='com.bhiawpkg.Tests.UserEditDelete.EditExternalToInternal()'><b>EditExternalToInternal</b><br>Test class: com.bhiawpkg.Tests.UserEditDelete<br>Parameters: AMEEN, A, AMEEN, Annas7bhi, bhi, QA, Admin Department, BHI Developer, SITE ENGINEER, AMEEN, 456, BHI, 765644</td>
<td></td>
<td>52</td>
<td>com.bhiawpkg.Tests.UserEditDelete@606e4010</td></tr>
<tr>
<td title='com.bhiawpkg.Tests.UserEditDelete.EditInternalToExternal()'><b>EditInternalToExternal</b><br>Test class: com.bhiawpkg.Tests.UserEditDelete<br>Parameters: AMEEN, A, AMEEN, Annas7bhi, bhi, QA, Admin Department, BHI Developer, SITE ENGINEER, AMEEN, 456, BHI, 765644</td>
<td></td>
<td>35</td>
<td>com.bhiawpkg.Tests.UserEditDelete@606e4010</td></tr>
<tr>
<td title='com.bhiawpkg.Tests.TimeEntryTest.EditTimeEntry()'><b>EditTimeEntry</b><br>Test class: com.bhiawpkg.Tests.TimeEntryTest<br>Test method: If the time entry details can edit<br>Parameters: INT03, TOUGHEN GLASS WORKS, TODAY(), 1, In-progress, 00:01, time entry description</td>
<td></td>
<td>28</td>
<td>com.bhiawpkg.Tests.TimeEntryTest@3ba987b8</td></tr>
<tr>
<td title='com.bhiawpkg.Tests.TimeEntryTest.EditTimeEntry()'><b>EditTimeEntry</b><br>Test class: com.bhiawpkg.Tests.TimeEntryTest<br>Test method: If the time entry details can edit<br>Parameters: INT04, TOUGHEN GLASS WORKS, TODAY(), 1, In-progress, 00:01, time entry description</td>
<td></td>
<td>28</td>
<td>com.bhiawpkg.Tests.TimeEntryTest@3ba987b8</td></tr>
<tr>
<td title='com.bhiawpkg.Tests.NewMeetingTest.Edit_Meeting()'><b>Edit_Meeting</b><br>Test class: com.bhiawpkg.Tests.NewMeetingTest</td>
<td></td>
<td>43</td>
<td>com.bhiawpkg.Tests.NewMeetingTest@68c9133c</td></tr>
<tr>
<td title='com.bhiawpkg.Tests.MytaskTest.GetCompletedtask()'><b>GetCompletedtask</b><br>Test class: com.bhiawpkg.Tests.MytaskTest</td>
<td></td>
<td>51</td>
<td>com.bhiawpkg.Tests.MytaskTest@18271936</td></tr>
<tr>
<td title='com.bhiawpkg.Tests.AssignedTaskFilterTest.Maintaskfilter()'><b>Maintaskfilter</b><br>Test class: com.bhiawpkg.Tests.AssignedTaskFilterTest</td>
<td></td>
<td>12</td>
<td>com.bhiawpkg.Tests.AssignedTaskFilterTest@5afa3c9</td></tr>
<tr>
<td title='com.bhiawpkg.Tests.ProjectMasterSchedule.Masterschedule_Project()'><b>Masterschedule_Project</b><br>Test class: com.bhiawpkg.Tests.ProjectMasterSchedule</td>
<td></td>
<td>19</td>
<td>com.bhiawpkg.Tests.ProjectMasterSchedule@5f049ea1</td></tr>
<tr>
<td title='com.bhiawpkg.Tests.NewMeetingTest.MinutesOf_MeetingApproval()'><b>MinutesOf_MeetingApproval</b><br>Test class: com.bhiawpkg.Tests.NewMeetingTest</td>
<td></td>
<td>23</td>
<td>com.bhiawpkg.Tests.NewMeetingTest@68c9133c</td></tr>
<tr>
<td title='com.bhiawpkg.Tests.NewMeetingTest.MinutesOf_Meetingaddtask()'><b>MinutesOf_Meetingaddtask</b><br>Test class: com.bhiawpkg.Tests.NewMeetingTest</td>
<td></td>
<td>62</td>
<td>com.bhiawpkg.Tests.NewMeetingTest@68c9133c</td></tr>
<tr>
<td title='com.bhiawpkg.Tests.MytaskTest.MytaskFilter()'><b>MytaskFilter</b><br>Test class: com.bhiawpkg.Tests.MytaskTest</td>
<td></td>
<td>20</td>
<td>com.bhiawpkg.Tests.MytaskTest@18271936</td></tr>
<tr>
<td title='com.bhiawpkg.Tests.WPRTest.RejectDWP()'><b>RejectDWP</b><br>Test class: com.bhiawpkg.Tests.WPRTest</td>
<td></td>
<td>33</td>
<td>com.bhiawpkg.Tests.WPRTest@35dab4eb</td></tr>
<tr>
<td title='com.bhiawpkg.Tests.WPRTest.RejectDWPRecall()'><b>RejectDWPRecall</b><br>Test class: com.bhiawpkg.Tests.WPRTest</td>
<td></td>
<td>22</td>
<td>com.bhiawpkg.Tests.WPRTest@35dab4eb</td></tr>
<tr>
<td title='com.bhiawpkg.Tests.ServiceReportTest.ServiceReport()'><b>ServiceReport</b><br>Test class: com.bhiawpkg.Tests.ServiceReportTest</td>
<td></td>
<td>54</td>
<td>com.bhiawpkg.Tests.ServiceReportTest@72035809</td></tr>
<tr>
<td title='com.bhiawpkg.Tests.AssignedTaskFilterTest.Subtaskfilter()'><b>Subtaskfilter</b><br>Test class: com.bhiawpkg.Tests.AssignedTaskFilterTest</td>
<td></td>
<td>18</td>
<td>com.bhiawpkg.Tests.AssignedTaskFilterTest@5afa3c9</td></tr>
<tr>
<td title='com.bhiawpkg.Tests.TimeEntryTest.TimeEntry_Delete()'><b>TimeEntry_Delete</b><br>Test class: com.bhiawpkg.Tests.TimeEntryTest<br>Test method: If the time entry details can Delete</td>
<td></td>
<td>6</td>
<td>com.bhiawpkg.Tests.TimeEntryTest@3ba987b8</td></tr>
<tr>
<td title='com.bhiawpkg.Tests.UserEditDelete.UserInternalorExternalDelete()'><b>UserInternalorExternalDelete</b><br>Test class: com.bhiawpkg.Tests.UserEditDelete</td>
<td></td>
<td>18</td>
<td>com.bhiawpkg.Tests.UserEditDelete@606e4010</td></tr>
<tr>
<td title='com.bhiawpkg.Tests.WPRTest.ViewDWP()'><b>ViewDWP</b><br>Test class: com.bhiawpkg.Tests.WPRTest</td>
<td></td>
<td>22</td>
<td>com.bhiawpkg.Tests.WPRTest@35dab4eb</td></tr>
</table><p>
<table width='100%' border='1' class='invocation-skipped'>
<tr><td colspan='4' align='center'><b>SKIPPED TESTS</b></td></tr>
<tr><td><b>Test method</b></td>
<td width="30%"><b>Exception</b></td>
<td width="10%"><b>Time (seconds)</b></td>
<td><b>Instance</b></td>
</tr>
<tr>
<td title='com.bhiawpkg.Tests.Report_DownloadTest.Download_Assignedtsk()'><b>Download_Assignedtsk</b><br>Test class: com.bhiawpkg.Tests.Report_DownloadTest</td>
<td><div><pre>java.lang.NullPointerException
	at com.bhiawpkg.Tests.Report_DownloadTest.afterdownload(Report_DownloadTest.java:469)
... Removed 28 stack frames</pre></div><a href='#' onClick='toggleBox("stack-trace1951830231", this, "Click to show all stack frames", "Click to hide stack frames")'>Click to show all stack frames</a>
<div class='stack-trace' id='stack-trace1951830231'><pre>java.lang.NullPointerException
	at com.bhiawpkg.Tests.Report_DownloadTest.afterdownload(Report_DownloadTest.java:469)
	at java.base/jdk.internal.reflect.NativeMethodAccessorImpl.invoke0(Native Method)
	at java.base/jdk.internal.reflect.NativeMethodAccessorImpl.invoke(NativeMethodAccessorImpl.java:62)
	at java.base/jdk.internal.reflect.DelegatingMethodAccessorImpl.invoke(DelegatingMethodAccessorImpl.java:43)
	at java.base/java.lang.reflect.Method.invoke(Method.java:566)
	at org.testng.internal.MethodInvocationHelper.invokeMethod(MethodInvocationHelper.java:124)
	at org.testng.internal.MethodInvocationHelper.invokeMethodConsideringTimeout(MethodInvocationHelper.java:59)
	at org.testng.internal.Invoker.invokeConfigurationMethod(Invoker.java:458)
	at org.testng.internal.Invoker.invokeConfigurations(Invoker.java:222)
	at org.testng.internal.Invoker.invokeMethod(Invoker.java:646)
	at org.testng.internal.Invoker.invokeTestMethod(Invoker.java:719)
	at org.testng.internal.Invoker.invokeTestMethods(Invoker.java:989)
	at org.testng.internal.TestMethodWorker.invokeTestMethods(TestMethodWorker.java:125)
	at org.testng.internal.TestMethodWorker.run(TestMethodWorker.java:109)
	at org.testng.TestRunner.privateRun(TestRunner.java:648)
	at org.testng.TestRunner.run(TestRunner.java:505)
	at org.testng.SuiteRunner.runTest(SuiteRunner.java:455)
	at org.testng.SuiteRunner.runSequentially(SuiteRunner.java:450)
	at org.testng.SuiteRunner.privateRun(SuiteRunner.java:415)
	at org.testng.SuiteRunner.run(SuiteRunner.java:364)
	at org.testng.SuiteRunnerWorker.runSuite(SuiteRunnerWorker.java:52)
	at org.testng.SuiteRunnerWorker.run(SuiteRunnerWorker.java:84)
	at org.testng.TestNG.runSuitesSequentially(TestNG.java:1208)
	at org.testng.TestNG.runSuitesLocally(TestNG.java:1137)
	at org.testng.TestNG.runSuites(TestNG.java:1049)
	at org.testng.TestNG.run(TestNG.java:1017)
	at org.testng.remote.AbstractRemoteTestNG.run(AbstractRemoteTestNG.java:115)
	at org.testng.remote.RemoteTestNG.initAndRun(RemoteTestNG.java:251)
	at org.testng.remote.RemoteTestNG.main(RemoteTestNG.java:77)
</pre></div></td>
<td>0</td>
<td>com.bhiawpkg.Tests.Report_DownloadTest@8458f04</td></tr>
<tr>
<td title='com.bhiawpkg.Tests.Report_DownloadTest.Download_ProjectGanttchart()'><b>Download_ProjectGanttchart</b><br>Test class: com.bhiawpkg.Tests.Report_DownloadTest</td>
<td><div><pre>java.lang.NullPointerException
	at com.bhiawpkg.Tests.Report_DownloadTest.afterdownload(Report_DownloadTest.java:469)
... Removed 28 stack frames</pre></div><a href='#' onClick='toggleBox("stack-trace868997251", this, "Click to show all stack frames", "Click to hide stack frames")'>Click to show all stack frames</a>
<div class='stack-trace' id='stack-trace868997251'><pre>java.lang.NullPointerException
	at com.bhiawpkg.Tests.Report_DownloadTest.afterdownload(Report_DownloadTest.java:469)
	at java.base/jdk.internal.reflect.NativeMethodAccessorImpl.invoke0(Native Method)
	at java.base/jdk.internal.reflect.NativeMethodAccessorImpl.invoke(NativeMethodAccessorImpl.java:62)
	at java.base/jdk.internal.reflect.DelegatingMethodAccessorImpl.invoke(DelegatingMethodAccessorImpl.java:43)
	at java.base/java.lang.reflect.Method.invoke(Method.java:566)
	at org.testng.internal.MethodInvocationHelper.invokeMethod(MethodInvocationHelper.java:124)
	at org.testng.internal.MethodInvocationHelper.invokeMethodConsideringTimeout(MethodInvocationHelper.java:59)
	at org.testng.internal.Invoker.invokeConfigurationMethod(Invoker.java:458)
	at org.testng.internal.Invoker.invokeConfigurations(Invoker.java:222)
	at org.testng.internal.Invoker.invokeMethod(Invoker.java:646)
	at org.testng.internal.Invoker.invokeTestMethod(Invoker.java:719)
	at org.testng.internal.Invoker.invokeTestMethods(Invoker.java:989)
	at org.testng.internal.TestMethodWorker.invokeTestMethods(TestMethodWorker.java:125)
	at org.testng.internal.TestMethodWorker.run(TestMethodWorker.java:109)
	at org.testng.TestRunner.privateRun(TestRunner.java:648)
	at org.testng.TestRunner.run(TestRunner.java:505)
	at org.testng.SuiteRunner.runTest(SuiteRunner.java:455)
	at org.testng.SuiteRunner.runSequentially(SuiteRunner.java:450)
	at org.testng.SuiteRunner.privateRun(SuiteRunner.java:415)
	at org.testng.SuiteRunner.run(SuiteRunner.java:364)
	at org.testng.SuiteRunnerWorker.runSuite(SuiteRunnerWorker.java:52)
	at org.testng.SuiteRunnerWorker.run(SuiteRunnerWorker.java:84)
	at org.testng.TestNG.runSuitesSequentially(TestNG.java:1208)
	at org.testng.TestNG.runSuitesLocally(TestNG.java:1137)
	at org.testng.TestNG.runSuites(TestNG.java:1049)
	at org.testng.TestNG.run(TestNG.java:1017)
	at org.testng.remote.AbstractRemoteTestNG.run(AbstractRemoteTestNG.java:115)
	at org.testng.remote.RemoteTestNG.initAndRun(RemoteTestNG.java:251)
	at org.testng.remote.RemoteTestNG.main(RemoteTestNG.java:77)
</pre></div></td>
<td>0</td>
<td>com.bhiawpkg.Tests.Report_DownloadTest@8458f04</td></tr>
</table><p>
</body>
</html>