<?xml version="1.0" encoding="UTF-8"?>
<!-- Generated by org.testng.reporters.JUnitXMLReporter -->
<testsuite ignored="0" hostname="LAPTOP-477EAM08" failures="2" tests="45" name="RegressionTest_AshlyPMS" time="2846.385" errors="0" timestamp="15 Nov 2022 04:28:22 GMT">
  <testcase classname="com.bhiawpkg.Tests.Report_DownloadTest" name="@AfterMethod afterdownload" time="0.001">
    <failure type="java.lang.NullPointerException">
      <![CDATA[java.lang.NullPointerException
at com.bhiawpkg.Tests.Report_DownloadTest.afterdownload(Report_DownloadTest.java:469)
... Removed 28 stack frames]]>
    </failure>
  </testcase> <!-- @AfterMethod afterdownload -->
  <testcase classname="com.bhiawpkg.Tests.Report_DownloadTest" name="@BeforeMethod Login" time="0.0">
    <skipped/>
  </testcase> <!-- @BeforeMethod Login -->
  <testcase classname="com.bhiawpkg.Tests.Report_DownloadTest" name="@AfterMethod afterdownload" time="0.0">
    <skipped/>
  </testcase> <!-- @AfterMethod afterdownload -->
  <testcase classname="com.bhiawpkg.Tests.Report_DownloadTest" name="@BeforeMethod Login" time="0.0">
    <skipped/>
  </testcase> <!-- @BeforeMethod Login -->
  <testcase classname="com.bhiawpkg.Tests.Report_DownloadTest" name="@AfterMethod afterdownload" time="0.0">
    <skipped/>
  </testcase> <!-- @AfterMethod afterdownload -->
  <testcase classname="com.bhiawpkg.TestBase.TestBase" name="@AfterClass teardown" time="0.0">
    <skipped/>
  </testcase> <!-- @AfterClass teardown -->
  <testcase classname="com.bhiawpkg.Tests.DependentTaskTest" name="@AfterMethod Verifysuccessful" time="0.199">
    <failure type="java.lang.AssertionError" message="********DependentTask Details added  failed!!************ expected [true] but found [false]">
      <![CDATA[java.lang.AssertionError: ********DependentTask Details added  failed!!************ expected [true] but found [false]
at com.bhiawpkg.Tests.DependentTaskTest.Verifysuccessful(DependentTaskTest.java:190)
... Removed 31 stack frames]]>
    </failure>
  </testcase> <!-- @AfterMethod Verifysuccessful -->
  <testcase classname="com.bhiawpkg.TestBase.TestBase" name="@AfterClass teardown" time="0.0">
    <skipped/>
  </testcase> <!-- @AfterClass teardown -->
  <testcase classname="com.bhiawpkg.Tests.WPRTest" name="AddDailyworkprogress" time="18.783"/>
  <testcase classname="com.bhiawpkg.Tests.WPRTest" name="AddDailyworkprogress" time="17.378"/>
  <testcase classname="com.bhiawpkg.Tests.WPRTest" name="AddDailyworkprogress" time="17.177"/>
  <testcase classname="com.bhiawpkg.Tests.WPRTest" name="AddDailyworkprogress" time="17.572"/>
  <testcase classname="com.bhiawpkg.Tests.WPRTest" name="ApproveDailyWrok" time="20.83"/>
  <testcase classname="com.bhiawpkg.Tests.WPRTest" name="RejectDWP" time="33.123"/>
  <testcase classname="com.bhiawpkg.Tests.WPRTest" name="RejectDWPRecall" time="22.238"/>
  <testcase classname="com.bhiawpkg.Tests.WPRTest" name="ViewDWP" time="22.2"/>
  <testcase classname="com.bhiawpkg.Tests.LAbourDetailsAdd_Edit" name="DailyLaborDetails_Add" time="20.584"/>
  <testcase classname="com.bhiawpkg.Tests.LAbourDetailsAdd_Edit" name="DailyLaborDetails_Edit" time="26.875"/>
  <testcase classname="com.bhiawpkg.Tests.TimeEntryTest" name="AddTimeEntry" time="18.611"/>
  <testcase classname="com.bhiawpkg.Tests.TimeEntryTest" name="AddTimeEntry" time="17.281"/>
  <testcase classname="com.bhiawpkg.Tests.TimeEntryTest" name="ApproveTimeEntry" time="15.848"/>
  <testcase classname="com.bhiawpkg.Tests.TimeEntryTest" name="EditTimeEntry" time="28.602"/>
  <testcase classname="com.bhiawpkg.Tests.TimeEntryTest" name="EditTimeEntry" time="28.592"/>
  <testcase classname="com.bhiawpkg.Tests.TimeEntryTest" name="TimeEntry_Delete" time="6.607"/>
  <testcase classname="com.bhiawpkg.Tests.AllWorkProgressfilterTest" name="AllWorkProgressFilter" time="28.449"/>
  <testcase classname="com.bhiawpkg.Tests.AllWorkProgressfilterTest" name="ClearWorkProgressFilter" time="22.826"/>
  <testcase classname="com.bhiawpkg.Tests.ProjectMasterSchedule" name="Masterschedule_Project" time="19.834"/>
  <testcase classname="com.bhiawpkg.Tests.Manageaccessidtest" name="AddNewAccessId" time="21.918"/>
  <testcase classname="com.bhiawpkg.Tests.Manageaccessidtest" name="EditAccessId" time="33.001"/>
  <testcase classname="com.bhiawpkg.Tests.AssignedTaskFilterTest" name="AssignedTaskFilterTest_CompletedTask" time="52.565"/>
  <testcase classname="com.bhiawpkg.Tests.AssignedTaskFilterTest" name="AssignedTaskFilterTest_ExpiredTask" time="50.195"/>
  <testcase classname="com.bhiawpkg.Tests.AssignedTaskFilterTest" name="AssignedTaskFilterTest_HideExpiredTask" time="11.524"/>
  <testcase classname="com.bhiawpkg.Tests.AssignedTaskFilterTest" name="Maintaskfilter" time="12.686"/>
  <testcase classname="com.bhiawpkg.Tests.AssignedTaskFilterTest" name="Subtaskfilter" time="18.024"/>
  <testcase classname="com.bhiawpkg.Tests.ServiceReportTest" name="ServiceReport" time="54.358"/>
  <testcase classname="com.bhiawpkg.Tests.TaskStatusDateAssigne_changes" name="Assignedtask_Changestatus" time="14.418"/>
  <testcase classname="com.bhiawpkg.Tests.TaskStatusDateAssigne_changes" name="Assignedtask_Dateextentionchange" time="20.461"/>
  <testcase classname="com.bhiawpkg.Tests.TaskStatusDateAssigne_changes" name="Assignedtask_changeassignee" time="23.995"/>
  <testcase classname="com.bhiawpkg.Tests.MytaskTest" name="GetCompletedtask" time="51.477"/>
  <testcase classname="com.bhiawpkg.Tests.MytaskTest" name="MytaskFilter" time="20.262"/>
  <testcase classname="com.bhiawpkg.Tests.UserEditDelete" name="EditExternalToInternal" time="52.594"/>
  <testcase classname="com.bhiawpkg.Tests.UserEditDelete" name="EditInternalToExternal" time="35.989"/>
  <testcase classname="com.bhiawpkg.Tests.UserEditDelete" name="UserInternalorExternalDelete" time="18.927"/>
  <testcase classname="com.bhiawpkg.Tests.Report_DownloadTest" name="CreateAndDownload_ProjectReport_Consolidated" time="19.51"/>
  <testcase classname="com.bhiawpkg.Tests.Report_DownloadTest" name="CreateAndDownload_ProjectReport_Detailed" time="18.705"/>
  <testcase classname="com.bhiawpkg.Tests.Report_DownloadTest" name="CreateAndDownload_ProjectReport_Progress" time="152.044">
    <failure type="org.openqa.selenium.ElementNotInteractableException" message="element not interactable
  (Session info: chrome=107.0.5304.107)
Build info: version: &amp;apos;3.141.59&amp;apos;, revision: &amp;apos;e82be7d358&amp;apos;, time: &amp;apos;2018-11-14T08:17:03&amp;apos;
System info: host: &amp;apos;LAPTOP-477EAM08&amp;apos;, ip: &amp;apos;192.168.29.243&amp;apos;, os.name: &amp;apos;Windows 10&amp;apos;, os.arch: &amp;apos;amd64&amp;apos;, os.version: &amp;apos;10.0&amp;apos;, java.version: &amp;apos;11.0.11&amp;apos;
Driver info: org.openqa.selenium.chrome.ChromeDriver
Capabilities {acceptInsecureCerts: false, browserName: chrome, browserVersion: 107.0.5304.107, chrome: {chromedriverVersion: 107.0.5304.62 (1eec40d3a576..., userDataDir: C:\Users\divya\AppData\Loca...}, goog:chromeOptions: {debuggerAddress: localhost:56176}, javascriptEnabled: true, networkConnectionEnabled: false, pageLoadStrategy: normal, platform: WINDOWS, platformName: WINDOWS, proxy: Proxy(), setWindowRect: true, strictFileInteractability: false, timeouts: {implicit: 0, pageLoad: 300000, script: 30000}, unhandledPromptBehavior: dismiss and notify, webauthn:extension:credBlob: true, webauthn:extension:largeBlob: true, webauthn:virtualAuthenticators: true}
Session ID: 444a6ac2d39c4498aa953ba75291e81c">
      <![CDATA[org.openqa.selenium.ElementNotInteractableException: element not interactable
  (Session info: chrome=107.0.5304.107)
Build info: version: '3.141.59', revision: 'e82be7d358', time: '2018-11-14T08:17:03'
System info: host: 'LAPTOP-477EAM08', ip: '192.168.29.243', os.name: 'Windows 10', os.arch: 'amd64', os.version: '10.0', java.version: '11.0.11'
Driver info: org.openqa.selenium.chrome.ChromeDriver
Capabilities {acceptInsecureCerts: false, browserName: chrome, browserVersion: 107.0.5304.107, chrome: {chromedriverVersion: 107.0.5304.62 (1eec40d3a576..., userDataDir: C:\Users\divya\AppData\Loca...}, goog:chromeOptions: {debuggerAddress: localhost:56176}, javascriptEnabled: true, networkConnectionEnabled: false, pageLoadStrategy: normal, platform: WINDOWS, platformName: WINDOWS, proxy: Proxy(), setWindowRect: true, strictFileInteractability: false, timeouts: {implicit: 0, pageLoad: 300000, script: 30000}, unhandledPromptBehavior: dismiss and notify, webauthn:extension:credBlob: true, webauthn:extension:largeBlob: true, webauthn:virtualAuthenticators: true}
Session ID: 444a6ac2d39c4498aa953ba75291e81c
at org.openqa.selenium.remote.http.W3CHttpResponseCodec.createException(W3CHttpResponseCodec.java:187)
at org.openqa.selenium.remote.http.W3CHttpResponseCodec.decode(W3CHttpResponseCodec.java:122)
at org.openqa.selenium.remote.http.W3CHttpResponseCodec.decode(W3CHttpResponseCodec.java:49)
at org.openqa.selenium.remote.HttpCommandExecutor.execute(HttpCommandExecutor.java:158)
at org.openqa.selenium.remote.service.DriverCommandExecutor.execute(DriverCommandExecutor.java:83)
at org.openqa.selenium.remote.RemoteWebDriver.execute(RemoteWebDriver.java:552)
at org.openqa.selenium.remote.RemoteWebElement.execute(RemoteWebElement.java:285)
at org.openqa.selenium.remote.RemoteWebElement.click(RemoteWebElement.java:84)
at org.openqa.selenium.support.pagefactory.internal.LocatingElementHandler.invoke(LocatingElementHandler.java:51)
at com.sun.proxy.$Proxy16.click(Unknown Source)
at com.bhiawpkg.Pages.GalleryPage.clickincrptbtn(GalleryPage.java:79)
at com.bhiawpkg.Tests.Report_DownloadTest.CreateAndDownload_ProjectReport_Progress(Report_DownloadTest.java:218)
... Removed 32 stack frames]]>
    </failure>
  </testcase> <!-- CreateAndDownload_ProjectReport_Progress -->
  <testcase classname="com.bhiawpkg.Tests.Report_DownloadTest" name="Download_Assignedtsk" time="0.0">
    <skipped/>
  </testcase> <!-- Download_Assignedtsk -->
  <testcase classname="com.bhiawpkg.Tests.Report_DownloadTest" name="Download_ProjectGanttchart" time="0.0">
    <skipped/>
  </testcase> <!-- Download_ProjectGanttchart -->
  <testcase classname="com.bhiawpkg.Tests.DependentTaskTest" name="DependentTask" time="64.817">
    <failure type="org.openqa.selenium.NoSuchElementException" message="no such element: Unable to locate element: {&amp;quot;method&amp;quot;:&amp;quot;xpath&amp;quot;,&amp;quot;selector&amp;quot;:&amp;quot;//*[@class=&amp;apos;row dependant_data_div div_1&amp;apos;]//select[@id=&amp;apos;dependant_taskid&amp;apos;]&amp;quot;}
  (Session info: chrome=107.0.5304.107)
For documentation on this error, please visit: https://www.seleniumhq.org/exceptions/no_such_element.html
Build info: version: &amp;apos;3.141.59&amp;apos;, revision: &amp;apos;e82be7d358&amp;apos;, time: &amp;apos;2018-11-14T08:17:03&amp;apos;
System info: host: &amp;apos;LAPTOP-477EAM08&amp;apos;, ip: &amp;apos;192.168.29.243&amp;apos;, os.name: &amp;apos;Windows 10&amp;apos;, os.arch: &amp;apos;amd64&amp;apos;, os.version: &amp;apos;10.0&amp;apos;, java.version: &amp;apos;11.0.11&amp;apos;
Driver info: org.openqa.selenium.chrome.ChromeDriver
Capabilities {acceptInsecureCerts: false, browserName: chrome, browserVersion: 107.0.5304.107, chrome: {chromedriverVersion: 107.0.5304.62 (1eec40d3a576..., userDataDir: C:\Users\divya\AppData\Loca...}, goog:chromeOptions: {debuggerAddress: localhost:56239}, javascriptEnabled: true, networkConnectionEnabled: false, pageLoadStrategy: normal, platform: WINDOWS, platformName: WINDOWS, proxy: Proxy(), setWindowRect: true, strictFileInteractability: false, timeouts: {implicit: 0, pageLoad: 300000, script: 30000}, unhandledPromptBehavior: dismiss and notify, webauthn:extension:credBlob: true, webauthn:extension:largeBlob: true, webauthn:virtualAuthenticators: true}
Session ID: d300ba1278377044a3225a88639e27f0
*** Element info: {Using=xpath, value=//*[@class=&amp;apos;row dependant_data_div div_1&amp;apos;]//select[@id=&amp;apos;dependant_taskid&amp;apos;]}">
      <![CDATA[org.openqa.selenium.NoSuchElementException: no such element: Unable to locate element: {"method":"xpath","selector":"//*[@class='row dependant_data_div div_1']//select[@id='dependant_taskid']"}
  (Session info: chrome=107.0.5304.107)
For documentation on this error, please visit: https://www.seleniumhq.org/exceptions/no_such_element.html
Build info: version: '3.141.59', revision: 'e82be7d358', time: '2018-11-14T08:17:03'
System info: host: 'LAPTOP-477EAM08', ip: '192.168.29.243', os.name: 'Windows 10', os.arch: 'amd64', os.version: '10.0', java.version: '11.0.11'
Driver info: org.openqa.selenium.chrome.ChromeDriver
Capabilities {acceptInsecureCerts: false, browserName: chrome, browserVersion: 107.0.5304.107, chrome: {chromedriverVersion: 107.0.5304.62 (1eec40d3a576..., userDataDir: C:\Users\divya\AppData\Loca...}, goog:chromeOptions: {debuggerAddress: localhost:56239}, javascriptEnabled: true, networkConnectionEnabled: false, pageLoadStrategy: normal, platform: WINDOWS, platformName: WINDOWS, proxy: Proxy(), setWindowRect: true, strictFileInteractability: false, timeouts: {implicit: 0, pageLoad: 300000, script: 30000}, unhandledPromptBehavior: dismiss and notify, webauthn:extension:credBlob: true, webauthn:extension:largeBlob: true, webauthn:virtualAuthenticators: true}
Session ID: d300ba1278377044a3225a88639e27f0
*** Element info: {Using=xpath, value=//*[@class='row dependant_data_div div_1']//select[@id='dependant_taskid']}
at org.openqa.selenium.remote.http.W3CHttpResponseCodec.createException(W3CHttpResponseCodec.java:187)
at org.openqa.selenium.remote.http.W3CHttpResponseCodec.decode(W3CHttpResponseCodec.java:122)
at org.openqa.selenium.remote.http.W3CHttpResponseCodec.decode(W3CHttpResponseCodec.java:49)
at org.openqa.selenium.remote.HttpCommandExecutor.execute(HttpCommandExecutor.java:158)
at org.openqa.selenium.remote.service.DriverCommandExecutor.execute(DriverCommandExecutor.java:83)
at org.openqa.selenium.remote.RemoteWebDriver.execute(RemoteWebDriver.java:552)
at org.openqa.selenium.remote.RemoteWebDriver.findElement(RemoteWebDriver.java:323)
at org.openqa.selenium.remote.RemoteWebDriver.findElementByXPath(RemoteWebDriver.java:428)
at org.openqa.selenium.By$ByXPath.findElement(By.java:353)
at org.openqa.selenium.remote.RemoteWebDriver.findElement(RemoteWebDriver.java:315)
at org.openqa.selenium.support.pagefactory.DefaultElementLocator.findElement(DefaultElementLocator.java:69)
at org.openqa.selenium.support.pagefactory.internal.LocatingElementHandler.invoke(LocatingElementHandler.java:38)
at com.sun.proxy.$Proxy16.getTagName(Unknown Source)
at org.openqa.selenium.support.ui.Select.<init>(Select.java:45)
at com.BHIAW.Helper.DropdownHelper.SelectUsingVisibleText(DropdownHelper.java:40)
at com.bhiawpkg.Pages.AssignedtaskPage.selectdepenttsk(AssignedtaskPage.java:544)
at com.bhiawpkg.Tests.DependentTaskTest.DependentTask(DependentTaskTest.java:99)
... Removed 29 stack frames]]>
    </failure>
  </testcase> <!-- DependentTask -->
  <testcase classname="com.bhiawpkg.Tests.NewMeetingTest" name="CreateNewmeeting" time="94.733"/>
  <testcase classname="com.bhiawpkg.Tests.NewMeetingTest" name="Edit_Meeting" time="43.825"/>
  <testcase classname="com.bhiawpkg.Tests.NewMeetingTest" name="MinutesOf_MeetingApproval" time="23.511"/>
  <testcase classname="com.bhiawpkg.Tests.NewMeetingTest" name="MinutesOf_Meetingaddtask" time="62.546"/>
</testsuite> <!-- RegressionTest_AshlyPMS -->
