<html>
<head>
<title>TestNG:  RegressionTest</title>
<link href="../testng.css" rel="stylesheet" type="text/css" />
<link href="../my-testng.css" rel="stylesheet" type="text/css" />

<style type="text/css">
.log { display: none;} 
.stack-trace { display: none;} 
</style>
<script type="text/javascript">
<!--
function flip(e) {
  current = e.style.display;
  if (current == 'block') {
    e.style.display = 'none';
    return 0;
  }
  else {
    e.style.display = 'block';
    return 1;
  }
}

function toggleBox(szDivId, elem, msg1, msg2)
{
  var res = -1;  if (document.getElementById) {
    res = flip(document.getElementById(szDivId));
  }
  else if (document.all) {
    // this is the way old msie versions work
    res = flip(document.all[szDivId]);
  }
  if(elem) {
    if(res == 0) elem.innerHTML = msg1; else elem.innerHTML = msg2;
  }

}

function toggleAllBoxes() {
  if (document.getElementsByTagName) {
    d = document.getElementsByTagName('div');
    for (i = 0; i < d.length; i++) {
      if (d[i].className == 'log') {
        flip(d[i]);
      }
    }
  }
}

// -->
</script>

</head>
<body>
<h2 align='center'>RegressionTest</h2><table border='1' align="center">
<tr>
<td>Tests passed/Failed/Skipped:</td><td>5/2/0</td>
</tr><tr>
<td>Started on:</td><td>Wed Sep 15 10:20:33 IST 2021</td>
</tr>
<tr><td>Total time:</td><td>391 seconds (391065 ms)</td>
</tr><tr>
<td>Included groups:</td><td></td>
</tr><tr>
<td>Excluded groups:</td><td></td>
</tr>
</table><p/>
<small><i>(Hover the method name to see the test class name)</i></small><p/>
<table width='100%' border='1' class='invocation-failed'>
<tr><td colspan='4' align='center'><b>FAILED TESTS</b></td></tr>
<tr><td><b>Test method</b></td>
<td width="30%"><b>Exception</b></td>
<td width="10%"><b>Time (seconds)</b></td>
<td><b>Instance</b></td>
</tr>
<tr>
<td title='com.bhiawpkg.Tests.WPRTest.AddDailyworkprogress()'><b>AddDailyworkprogress</b><br>Test class: com.bhiawpkg.Tests.WPRTest<br>Parameters: ASHLYPMS3, 15, September, 2021, SUBTSK1, 20, TOUGHEN GLASS WORKS, In-progress, dailworkprogress description</td>
<td><div><pre>org.openqa.selenium.NoSuchElementException: Cannot locate element with text: SUBTSK1
For documentation on this error, please visit: https://www.seleniumhq.org/exceptions/no_such_element.html
Build info: version: &apos;3.141.59&apos;, revision: &apos;e82be7d358&apos;, time: &apos;2018-11-14T08:17:03&apos;
System info: host: &apos;LAPTOP-477EAM08&apos;, ip: &apos;192.168.1.7&apos;, os.name: &apos;Windows 10&apos;, os.arch: &apos;amd64&apos;, os.version: &apos;10.0&apos;, java.version: &apos;15.0.1&apos;
Driver info: driver.version: unknown
	at org.openqa.selenium.support.ui.Select.selectByVisibleText(Select.java:147)
	at com.BHIAW.Helper.DropdownHelper.SelectUsingVisibleText(DropdownHelper.java:41)
	at com.bhiawpkg.Pages.WPRPage.seltask(WPRPage.java:97)
	at com.bhiawpkg.Tests.WPRTest.AddDailyworkprogress(WPRTest.java:64)
... Removed 25 stack frames</pre></div><a href='#' onClick='toggleBox("stack-trace1613361828", this, "Click to show all stack frames", "Click to hide stack frames")'>Click to show all stack frames</a>
<div class='stack-trace' id='stack-trace1613361828'><pre>org.openqa.selenium.NoSuchElementException: Cannot locate element with text: SUBTSK1
For documentation on this error, please visit: https://www.seleniumhq.org/exceptions/no_such_element.html
Build info: version: &apos;3.141.59&apos;, revision: &apos;e82be7d358&apos;, time: &apos;2018-11-14T08:17:03&apos;
System info: host: &apos;LAPTOP-477EAM08&apos;, ip: &apos;192.168.1.7&apos;, os.name: &apos;Windows 10&apos;, os.arch: &apos;amd64&apos;, os.version: &apos;10.0&apos;, java.version: &apos;15.0.1&apos;
Driver info: driver.version: unknown
	at org.openqa.selenium.support.ui.Select.selectByVisibleText(Select.java:147)
	at com.BHIAW.Helper.DropdownHelper.SelectUsingVisibleText(DropdownHelper.java:41)
	at com.bhiawpkg.Pages.WPRPage.seltask(WPRPage.java:97)
	at com.bhiawpkg.Tests.WPRTest.AddDailyworkprogress(WPRTest.java:64)
	at java.base/jdk.internal.reflect.NativeMethodAccessorImpl.invoke0(Native Method)
	at java.base/jdk.internal.reflect.NativeMethodAccessorImpl.invoke(NativeMethodAccessorImpl.java:64)
	at java.base/jdk.internal.reflect.DelegatingMethodAccessorImpl.invoke(DelegatingMethodAccessorImpl.java:43)
	at java.base/java.lang.reflect.Method.invoke(Method.java:564)
	at org.testng.internal.MethodInvocationHelper.invokeMethod(MethodInvocationHelper.java:124)
	at org.testng.internal.Invoker.invokeMethod(Invoker.java:583)
	at org.testng.internal.Invoker.invokeTestMethod(Invoker.java:719)
	at org.testng.internal.Invoker.invokeTestMethods(Invoker.java:989)
	at org.testng.internal.TestMethodWorker.invokeTestMethods(TestMethodWorker.java:125)
	at org.testng.internal.TestMethodWorker.run(TestMethodWorker.java:109)
	at org.testng.TestRunner.privateRun(TestRunner.java:648)
	at org.testng.TestRunner.run(TestRunner.java:505)
	at org.testng.SuiteRunner.runTest(SuiteRunner.java:455)
	at org.testng.SuiteRunner.runSequentially(SuiteRunner.java:450)
	at org.testng.SuiteRunner.privateRun(SuiteRunner.java:415)
	at org.testng.SuiteRunner.run(SuiteRunner.java:364)
	at org.testng.SuiteRunnerWorker.runSuite(SuiteRunnerWorker.java:52)
	at org.testng.SuiteRunnerWorker.run(SuiteRunnerWorker.java:84)
	at org.testng.TestNG.runSuitesSequentially(TestNG.java:1208)
	at org.testng.TestNG.runSuitesLocally(TestNG.java:1137)
	at org.testng.TestNG.runSuites(TestNG.java:1049)
	at org.testng.TestNG.run(TestNG.java:1017)
	at org.testng.remote.AbstractRemoteTestNG.run(AbstractRemoteTestNG.java:115)
	at org.testng.remote.RemoteTestNG.initAndRun(RemoteTestNG.java:251)
	at org.testng.remote.RemoteTestNG.main(RemoteTestNG.java:77)
</pre></div></td>
<td>47</td>
<td>com.bhiawpkg.Tests.WPRTest@506ae4d4</td></tr>
<tr>
<td title='com.bhiawpkg.Tests.AddTask_InternalTest.AssignedTask_internal()'><b>AssignedTask_internal</b><br>Test class: com.bhiawpkg.Tests.AddTask_InternalTest<br>Parameters: ASHLYPMS3, Internal, Painting, INT01, 500, Sq Ft, 200, 100000, site7, Third floor, 15, September, 2021, 15, October, 2021, 28, 17.86, TOUGHEN GLASS WORKS, 17, 18, Medium, THUSER thuser, BHI Developer, BHI Developer, In-progress, PRODUCTION, Astle, divya.an@bluehorizoninfotech.com, tskdescription</td>
<td><div><pre>org.openqa.selenium.NoSuchElementException: Cannot locate element with text: site7
For documentation on this error, please visit: https://www.seleniumhq.org/exceptions/no_such_element.html
Build info: version: &apos;3.141.59&apos;, revision: &apos;e82be7d358&apos;, time: &apos;2018-11-14T08:17:03&apos;
System info: host: &apos;LAPTOP-477EAM08&apos;, ip: &apos;192.168.1.7&apos;, os.name: &apos;Windows 10&apos;, os.arch: &apos;amd64&apos;, os.version: &apos;10.0&apos;, java.version: &apos;15.0.1&apos;
Driver info: driver.version: unknown
	at org.openqa.selenium.support.ui.Select.selectByVisibleText(Select.java:147)
	at com.BHIAW.Helper.DropdownHelper.SelectUsingVisibleText(DropdownHelper.java:41)
	at com.bhiawpkg.Pages.AssignedtaskPage.seltsklocation(AssignedtaskPage.java:119)
	at com.bhiawpkg.Tests.AddTask_InternalTest.AssignedTask_internal(AddTask_InternalTest.java:72)
... Removed 25 stack frames</pre></div><a href='#' onClick='toggleBox("stack-trace2079100080", this, "Click to show all stack frames", "Click to hide stack frames")'>Click to show all stack frames</a>
<div class='stack-trace' id='stack-trace2079100080'><pre>org.openqa.selenium.NoSuchElementException: Cannot locate element with text: site7
For documentation on this error, please visit: https://www.seleniumhq.org/exceptions/no_such_element.html
Build info: version: &apos;3.141.59&apos;, revision: &apos;e82be7d358&apos;, time: &apos;2018-11-14T08:17:03&apos;
System info: host: &apos;LAPTOP-477EAM08&apos;, ip: &apos;192.168.1.7&apos;, os.name: &apos;Windows 10&apos;, os.arch: &apos;amd64&apos;, os.version: &apos;10.0&apos;, java.version: &apos;15.0.1&apos;
Driver info: driver.version: unknown
	at org.openqa.selenium.support.ui.Select.selectByVisibleText(Select.java:147)
	at com.BHIAW.Helper.DropdownHelper.SelectUsingVisibleText(DropdownHelper.java:41)
	at com.bhiawpkg.Pages.AssignedtaskPage.seltsklocation(AssignedtaskPage.java:119)
	at com.bhiawpkg.Tests.AddTask_InternalTest.AssignedTask_internal(AddTask_InternalTest.java:72)
	at java.base/jdk.internal.reflect.NativeMethodAccessorImpl.invoke0(Native Method)
	at java.base/jdk.internal.reflect.NativeMethodAccessorImpl.invoke(NativeMethodAccessorImpl.java:64)
	at java.base/jdk.internal.reflect.DelegatingMethodAccessorImpl.invoke(DelegatingMethodAccessorImpl.java:43)
	at java.base/java.lang.reflect.Method.invoke(Method.java:564)
	at org.testng.internal.MethodInvocationHelper.invokeMethod(MethodInvocationHelper.java:124)
	at org.testng.internal.Invoker.invokeMethod(Invoker.java:583)
	at org.testng.internal.Invoker.invokeTestMethod(Invoker.java:719)
	at org.testng.internal.Invoker.invokeTestMethods(Invoker.java:989)
	at org.testng.internal.TestMethodWorker.invokeTestMethods(TestMethodWorker.java:125)
	at org.testng.internal.TestMethodWorker.run(TestMethodWorker.java:109)
	at org.testng.TestRunner.privateRun(TestRunner.java:648)
	at org.testng.TestRunner.run(TestRunner.java:505)
	at org.testng.SuiteRunner.runTest(SuiteRunner.java:455)
	at org.testng.SuiteRunner.runSequentially(SuiteRunner.java:450)
	at org.testng.SuiteRunner.privateRun(SuiteRunner.java:415)
	at org.testng.SuiteRunner.run(SuiteRunner.java:364)
	at org.testng.SuiteRunnerWorker.runSuite(SuiteRunnerWorker.java:52)
	at org.testng.SuiteRunnerWorker.run(SuiteRunnerWorker.java:84)
	at org.testng.TestNG.runSuitesSequentially(TestNG.java:1208)
	at org.testng.TestNG.runSuitesLocally(TestNG.java:1137)
	at org.testng.TestNG.runSuites(TestNG.java:1049)
	at org.testng.TestNG.run(TestNG.java:1017)
	at org.testng.remote.AbstractRemoteTestNG.run(AbstractRemoteTestNG.java:115)
	at org.testng.remote.RemoteTestNG.initAndRun(RemoteTestNG.java:251)
	at org.testng.remote.RemoteTestNG.main(RemoteTestNG.java:77)
</pre></div></td>
<td>46</td>
<td>com.bhiawpkg.Tests.AddTask_InternalTest@b9b00e0</td></tr>
</table><p>
<table width='100%' border='1' class='invocation-passed'>
<tr><td colspan='4' align='center'><b>PASSED TESTS</b></td></tr>
<tr><td><b>Test method</b></td>
<td width="30%"><b>Exception</b></td>
<td width="10%"><b>Time (seconds)</b></td>
<td><b>Instance</b></td>
</tr>
<tr>
<td title='com.bhiawpkg.Tests.TimeEntryTest.AddTimeEntry()'><b>AddTimeEntry</b><br>Test class: com.bhiawpkg.Tests.TimeEntryTest<br>Parameters: INT01, TOUGHEN GLASS WORKS, 15, September, 2021, 1, In-progress, 00:01, time entry description</td>
<td></td>
<td>8</td>
<td>com.bhiawpkg.Tests.TimeEntryTest@7d4f9aae</td></tr>
<tr>
<td title='com.bhiawpkg.Tests.AssignedTaskTest.AssignedTask()'><b>AssignedTask</b><br>Test class: com.bhiawpkg.Tests.AssignedTaskTest<br>Parameters: ASHLYPMS3, External, Internal, Painting, SUBTSK1, 500, Sq Ft, 200, 100000, site8, Third floor, 15, September, 2021, 15, October, 2021, 29, 17.24, TOUGHEN GLASS WORKS, 17, 18, Medium, THUSER thuser, BHI Developer, BHI Developer, In-progress, PRODUCTION, Astle, divya.an@bluehorizoninfotech.com, tskdescription</td>
<td></td>
<td>10</td>
<td>com.bhiawpkg.Tests.AssignedTaskTest@13fd2ccd</td></tr>
<tr>
<td title='com.bhiawpkg.Tests.WPRTest.DailyLaborDetails_Add()'><b>DailyLaborDetails_Add</b><br>Test class: com.bhiawpkg.Tests.WPRTest<br>Parameters: ASHLYPMS3, 15, September, 2021, SUBTSK1, TOUGHEN GLASS WORKS, 4, 1, labor description</td>
<td></td>
<td>7</td>
<td>com.bhiawpkg.Tests.WPRTest@506ae4d4</td></tr>
<tr>
<td title='com.bhiawpkg.Tests.AMSTest.PhotoPunch()'><b>PhotoPunch</b><br>Test class: com.bhiawpkg.Tests.AMSTest</td>
<td></td>
<td>7</td>
<td>com.bhiawpkg.Tests.AMSTest@72e5a8e</td></tr>
<tr>
<td title='com.bhiawpkg.Tests.DDTProjectCreation.ProjectDetails()'><b>ProjectDetails</b><br>Test class: com.bhiawpkg.Tests.DDTProjectCreation<br>Parameters: ASHLYPMS3, THCLIENT, yes, Enable, 15, September, 2021, 15, October, 2021, 4000, 2000, Divya an (SITE ENGINEER), PJT description, PRODUCTION, ASHLYPMS3, 15, September, 2021, 15, October, 2021, ASHLYPMS3, Painting, PRODUCTION, 15, September, 2021, 15, October, 2021, Third floor, ASHLYPMS3, Enable, ASHLYPMS3, TOUGHEN GLASS WORKS, 1, site8, ASHLYPMS3, 9.5946, 76.1721, THUSER thuser (SITE ENGINEER), 90000</td>
<td></td>
<td>63</td>
<td>com.bhiawpkg.Tests.DDTProjectCreation@48aca48b</td></tr>
</table><p>
</body>
</html>