<?xml version="1.0" encoding="UTF-8"?>
<!-- Generated by org.testng.reporters.JUnitXMLReporter -->
<testsuite ignored="0" hostname="LAPTOP-477EAM08" failures="2" tests="7" name="RegressionTest" time="391.065" errors="0" timestamp="15 Sep 2021 04:57:04 GMT">
  <testcase classname="com.bhiawpkg.Tests.DDTProjectCreation" name="ProjectDetails" time="63.224"/>
  <testcase classname="com.bhiawpkg.Tests.AssignedTaskTest" name="AssignedTask" time="10.897"/>
  <testcase classname="com.bhiawpkg.Tests.AddTask_InternalTest" name="AssignedTask_internal" time="46.977">
    <failure type="org.openqa.selenium.NoSuchElementException" message="Cannot locate element with text: site7
For documentation on this error, please visit: https://www.seleniumhq.org/exceptions/no_such_element.html
Build info: version: &amp;apos;3.141.59&amp;apos;, revision: &amp;apos;e82be7d358&amp;apos;, time: &amp;apos;2018-11-14T08:17:03&amp;apos;
System info: host: &amp;apos;LAPTOP-477EAM08&amp;apos;, ip: &amp;apos;192.168.1.7&amp;apos;, os.name: &amp;apos;Windows 10&amp;apos;, os.arch: &amp;apos;amd64&amp;apos;, os.version: &amp;apos;10.0&amp;apos;, java.version: &amp;apos;15.0.1&amp;apos;
Driver info: driver.version: unknown">
      <![CDATA[org.openqa.selenium.NoSuchElementException: Cannot locate element with text: site7
For documentation on this error, please visit: https://www.seleniumhq.org/exceptions/no_such_element.html
Build info: version: '3.141.59', revision: 'e82be7d358', time: '2018-11-14T08:17:03'
System info: host: 'LAPTOP-477EAM08', ip: '192.168.1.7', os.name: 'Windows 10', os.arch: 'amd64', os.version: '10.0', java.version: '15.0.1'
Driver info: driver.version: unknown
at org.openqa.selenium.support.ui.Select.selectByVisibleText(Select.java:147)
at com.BHIAW.Helper.DropdownHelper.SelectUsingVisibleText(DropdownHelper.java:41)
at com.bhiawpkg.Pages.AssignedtaskPage.seltsklocation(AssignedtaskPage.java:119)
at com.bhiawpkg.Tests.AddTask_InternalTest.AssignedTask_internal(AddTask_InternalTest.java:72)
... Removed 25 stack frames]]>
    </failure>
  </testcase> <!-- AssignedTask_internal -->
  <testcase classname="com.bhiawpkg.Tests.WPRTest" name="AddDailyworkprogress" time="47.417">
    <failure type="org.openqa.selenium.NoSuchElementException" message="Cannot locate element with text: SUBTSK1
For documentation on this error, please visit: https://www.seleniumhq.org/exceptions/no_such_element.html
Build info: version: &amp;apos;3.141.59&amp;apos;, revision: &amp;apos;e82be7d358&amp;apos;, time: &amp;apos;2018-11-14T08:17:03&amp;apos;
System info: host: &amp;apos;LAPTOP-477EAM08&amp;apos;, ip: &amp;apos;192.168.1.7&amp;apos;, os.name: &amp;apos;Windows 10&amp;apos;, os.arch: &amp;apos;amd64&amp;apos;, os.version: &amp;apos;10.0&amp;apos;, java.version: &amp;apos;15.0.1&amp;apos;
Driver info: driver.version: unknown">
      <![CDATA[org.openqa.selenium.NoSuchElementException: Cannot locate element with text: SUBTSK1
For documentation on this error, please visit: https://www.seleniumhq.org/exceptions/no_such_element.html
Build info: version: '3.141.59', revision: 'e82be7d358', time: '2018-11-14T08:17:03'
System info: host: 'LAPTOP-477EAM08', ip: '192.168.1.7', os.name: 'Windows 10', os.arch: 'amd64', os.version: '10.0', java.version: '15.0.1'
Driver info: driver.version: unknown
at org.openqa.selenium.support.ui.Select.selectByVisibleText(Select.java:147)
at com.BHIAW.Helper.DropdownHelper.SelectUsingVisibleText(DropdownHelper.java:41)
at com.bhiawpkg.Pages.WPRPage.seltask(WPRPage.java:97)
at com.bhiawpkg.Tests.WPRTest.AddDailyworkprogress(WPRTest.java:64)
... Removed 25 stack frames]]>
    </failure>
  </testcase> <!-- AddDailyworkprogress -->
  <testcase classname="com.bhiawpkg.Tests.TimeEntryTest" name="AddTimeEntry" time="8.473"/>
  <testcase classname="com.bhiawpkg.Tests.AMSTest" name="PhotoPunch" time="7.385"/>
  <testcase classname="com.bhiawpkg.Tests.WPRTest" name="DailyLaborDetails_Add" time="7.778"/>
</testsuite> <!-- RegressionTest -->
